-----------------------------
Executing in AVX2 mode!!
-----------------------------
* Ref file: data/assembled/Sample_Maccabi_Ecoli_SeqPlate5_A11/assembly
* Entering FMI_search
* Index file found. Loading index from data/assembled/Sample_Maccabi_Ecoli_SeqPlate5_A11/assembly.bwt.8bit.32
* Reference seq len for bi-index = 9940015
* Count:
0,	1
1,	2452229
2,	4970008
3,	7487787
4,	9940015

* Reading other elements of the index from files data/assembled/Sample_Maccabi_Ecoli_SeqPlate5_A11/assembly
* Index prefix: data/assembled/Sample_Maccabi_Ecoli_SeqPlate5_A11/assembly
* Read 0 ALT contigs
* Done reading Index!!
* Reading reference genome..
* Binary seq file = data/assembled/Sample_Maccabi_Ecoli_SeqPlate5_A11/assembly.0123
* Reference genome size: 9940014 bp
* Done reading reference genome !!

------------------------------------------
1. Memory pre-allocation for Chaining: 139.3584 MB
2. Memory pre-allocation for BSW: 239.6170 MB
3. Memory pre-allocation for BWT: 77.3142 MB
------------------------------------------
* Threads used (compute): 1
* No. of pipeline threads: 2

[0000] read_chunk: 10000000, work_chunk_size: 10000205, nseq: 84714
	[0000][ M::kt_pipeline] read 84714 sequences (10000205 bp)...
[0000] Reallocating initial memory allocations!!
[0000] Calling mem_process_seqs.., task: 0
[0000] 1. Calling kt_for - worker_bwt
[0000] read_chunk: 10000000, work_chunk_size: 10000076, nseq: 84906
	[0000][ M::kt_pipeline] read 84906 sequences (10000076 bp)...
[0000] 2. Calling kt_for - worker_aln
[0000] Inferring insert size distribution of PE reads from data, l_pac: 4970007, n: 84714
[0000][PE] # candidate unique pairs for (FF, FR, RF, RR): (0, 41370, 1, 1)
[0000][PE] skip orientation FF as there are not enough pairs
[0000][PE] analyzing insert size distribution for orientation FR...
[0000][PE] (25, 50, 75) percentile: (127, 191, 281)
[0000][PE] low and high boundaries for computing mean and std.dev: (1, 589)
[0000][PE] mean and std.dev: (212.17, 111.89)
[0000][PE] low and high boundaries for proper pairs: (1, 743)
[0000][PE] skip orientation RF as there are not enough pairs
[0000][PE] skip orientation RR as there are not enough pairs
[0000] 3. Calling kt_for - worker_sam
	[0000][ M::mem_process_seqs] Processed 84714 reads in 6.734 CPU sec, 6.453 real sec
[0000] Reallocating initial memory allocations!!
[0000] Calling mem_process_seqs.., task: 1
[0000] 1. Calling kt_for - worker_bwt
[0000] read_chunk: 10000000, work_chunk_size: 10000159, nseq: 85108
	[0000][ M::kt_pipeline] read 85108 sequences (10000159 bp)...
[0000] 2. Calling kt_for - worker_aln
[0000] Inferring insert size distribution of PE reads from data, l_pac: 4970007, n: 84906
[0000][PE] # candidate unique pairs for (FF, FR, RF, RR): (0, 41483, 1, 0)
[0000][PE] skip orientation FF as there are not enough pairs
[0000][PE] analyzing insert size distribution for orientation FR...
[0000][PE] (25, 50, 75) percentile: (125, 188, 277)
[0000][PE] low and high boundaries for computing mean and std.dev: (1, 581)
[0000][PE] mean and std.dev: (208.60, 110.09)
[0000][PE] low and high boundaries for proper pairs: (1, 733)
[0000][PE] skip orientation RF as there are not enough pairs
[0000][PE] skip orientation RR as there are not enough pairs
[0000] 3. Calling kt_for - worker_sam
	[0000][ M::mem_process_seqs] Processed 84906 reads in 6.702 CPU sec, 6.295 real sec
[0000] Reallocating initial memory allocations!!
[0000] Calling mem_process_seqs.., task: 2
[0000] 1. Calling kt_for - worker_bwt
[0000] read_chunk: 10000000, work_chunk_size: 10000082, nseq: 85242
	[0000][ M::kt_pipeline] read 85242 sequences (10000082 bp)...
[0000] 2. Calling kt_for - worker_aln
[0000] Inferring insert size distribution of PE reads from data, l_pac: 4970007, n: 85108
[0000][PE] # candidate unique pairs for (FF, FR, RF, RR): (0, 41573, 3, 0)
[0000][PE] skip orientation FF as there are not enough pairs
[0000][PE] analyzing insert size distribution for orientation FR...
[0000][PE] (25, 50, 75) percentile: (124, 185, 272)
[0000][PE] low and high boundaries for computing mean and std.dev: (1, 568)
[0000][PE] mean and std.dev: (205.39, 107.99)
[0000][PE] low and high boundaries for proper pairs: (1, 716)
[0000][PE] skip orientation RF as there are not enough pairs
[0000][PE] skip orientation RR as there are not enough pairs
[0000] 3. Calling kt_for - worker_sam
	[0000][ M::mem_process_seqs] Processed 85108 reads in 7.031 CPU sec, 6.699 real sec
[0000] Reallocating initial memory allocations!!
[0000] Calling mem_process_seqs.., task: 3
[0000] 1. Calling kt_for - worker_bwt
[0000] read_chunk: 10000000, work_chunk_size: 10000242, nseq: 85524
	[0000][ M::kt_pipeline] read 85524 sequences (10000242 bp)...
[0000] 2. Calling kt_for - worker_aln
[0000] Inferring insert size distribution of PE reads from data, l_pac: 4970007, n: 85242
[0000][PE] # candidate unique pairs for (FF, FR, RF, RR): (0, 41616, 0, 0)
[0000][PE] skip orientation FF as there are not enough pairs
[0000][PE] analyzing insert size distribution for orientation FR...
[0000][PE] (25, 50, 75) percentile: (123, 184, 269)
[0000][PE] low and high boundaries for computing mean and std.dev: (1, 561)
[0000][PE] mean and std.dev: (203.66, 106.72)
[0000][PE] low and high boundaries for proper pairs: (1, 707)
[0000][PE] skip orientation RF as there are not enough pairs
[0000][PE] skip orientation RR as there are not enough pairs
[0000] 3. Calling kt_for - worker_sam
	[0000][ M::mem_process_seqs] Processed 85242 reads in 6.798 CPU sec, 6.394 real sec
[0000] Reallocating initial memory allocations!!
[0000] Calling mem_process_seqs.., task: 4
[0000] 1. Calling kt_for - worker_bwt
[0000] read_chunk: 10000000, work_chunk_size: 10000021, nseq: 85584
	[0000][ M::kt_pipeline] read 85584 sequences (10000021 bp)...
[0000] 2. Calling kt_for - worker_aln
[0000] Inferring insert size distribution of PE reads from data, l_pac: 4970007, n: 85524
[0000][PE] # candidate unique pairs for (FF, FR, RF, RR): (0, 41824, 1, 0)
[0000][PE] skip orientation FF as there are not enough pairs
[0000][PE] analyzing insert size distribution for orientation FR...
[0000][PE] (25, 50, 75) percentile: (121, 180, 265)
[0000][PE] low and high boundaries for computing mean and std.dev: (1, 553)
[0000][PE] mean and std.dev: (199.59, 104.23)
[0000][PE] low and high boundaries for proper pairs: (1, 697)
[0000][PE] skip orientation RF as there are not enough pairs
[0000][PE] skip orientation RR as there are not enough pairs
[0000] 3. Calling kt_for - worker_sam
	[0000][ M::mem_process_seqs] Processed 85524 reads in 6.887 CPU sec, 6.478 real sec
[0000] Reallocating initial memory allocations!!
[0000] Calling mem_process_seqs.., task: 5
[0000] 1. Calling kt_for - worker_bwt
[0000] read_chunk: 10000000, work_chunk_size: 10000248, nseq: 84938
	[0000][ M::kt_pipeline] read 84938 sequences (10000248 bp)...
[0000] 2. Calling kt_for - worker_aln
[0000] Inferring insert size distribution of PE reads from data, l_pac: 4970007, n: 85584
[0000][PE] # candidate unique pairs for (FF, FR, RF, RR): (0, 41826, 0, 0)
[0000][PE] skip orientation FF as there are not enough pairs
[0000][PE] analyzing insert size distribution for orientation FR...
[0000][PE] (25, 50, 75) percentile: (120, 180, 262)
[0000][PE] low and high boundaries for computing mean and std.dev: (1, 546)
[0000][PE] mean and std.dev: (198.39, 103.20)
[0000][PE] low and high boundaries for proper pairs: (1, 688)
[0000][PE] skip orientation RF as there are not enough pairs
[0000][PE] skip orientation RR as there are not enough pairs
[0000] 3. Calling kt_for - worker_sam
	[0000][ M::mem_process_seqs] Processed 85584 reads in 6.889 CPU sec, 6.504 real sec
[0000] Calling mem_process_seqs.., task: 6
[0000] 1. Calling kt_for - worker_bwt
[0000] read_chunk: 10000000, work_chunk_size: 10000132, nseq: 84876
	[0000][ M::kt_pipeline] read 84876 sequences (10000132 bp)...
[0000] 2. Calling kt_for - worker_aln
[0000] Inferring insert size distribution of PE reads from data, l_pac: 4970007, n: 84938
[0000][PE] # candidate unique pairs for (FF, FR, RF, RR): (0, 41507, 0, 0)
[0000][PE] skip orientation FF as there are not enough pairs
[0000][PE] analyzing insert size distribution for orientation FR...
[0000][PE] (25, 50, 75) percentile: (125, 185, 272)
[0000][PE] low and high boundaries for computing mean and std.dev: (1, 566)
[0000][PE] mean and std.dev: (205.60, 107.43)
[0000][PE] low and high boundaries for proper pairs: (1, 713)
[0000][PE] skip orientation RF as there are not enough pairs
[0000][PE] skip orientation RR as there are not enough pairs
[0000] 3. Calling kt_for - worker_sam
	[0000][ M::mem_process_seqs] Processed 84938 reads in 6.917 CPU sec, 6.535 real sec
[0000] Calling mem_process_seqs.., task: 7
[0000] 1. Calling kt_for - worker_bwt
[0000] read_chunk: 10000000, work_chunk_size: 10000046, nseq: 85094
	[0000][ M::kt_pipeline] read 85094 sequences (10000046 bp)...
[0000] 2. Calling kt_for - worker_aln
[0000] Inferring insert size distribution of PE reads from data, l_pac: 4970007, n: 84876
[0000][PE] # candidate unique pairs for (FF, FR, RF, RR): (1, 41433, 0, 2)
[0000][PE] skip orientation FF as there are not enough pairs
[0000][PE] analyzing insert size distribution for orientation FR...
[0000][PE] (25, 50, 75) percentile: (126, 189, 279)
[0000][PE] low and high boundaries for computing mean and std.dev: (1, 585)
[0000][PE] mean and std.dev: (210.31, 111.81)
[0000][PE] low and high boundaries for proper pairs: (1, 738)
[0000][PE] skip orientation RF as there are not enough pairs
[0000][PE] skip orientation RR as there are not enough pairs
[0000] 3. Calling kt_for - worker_sam
	[0000][ M::mem_process_seqs] Processed 84876 reads in 6.884 CPU sec, 6.519 real sec
[0000] Calling mem_process_seqs.., task: 8
[0000] 1. Calling kt_for - worker_bwt
[0000] read_chunk: 10000000, work_chunk_size: 10000203, nseq: 85086
	[0000][ M::kt_pipeline] read 85086 sequences (10000203 bp)...
[0000] 2. Calling kt_for - worker_aln
[0000] Inferring insert size distribution of PE reads from data, l_pac: 4970007, n: 85094
[0000][PE] # candidate unique pairs for (FF, FR, RF, RR): (0, 41572, 2, 0)
[0000][PE] skip orientation FF as there are not enough pairs
[0000][PE] analyzing insert size distribution for orientation FR...
[0000][PE] (25, 50, 75) percentile: (125, 187, 274)
[0000][PE] low and high boundaries for computing mean and std.dev: (1, 572)
[0000][PE] mean and std.dev: (206.64, 108.74)
[0000][PE] low and high boundaries for proper pairs: (1, 721)
[0000][PE] skip orientation RF as there are not enough pairs
[0000][PE] skip orientation RR as there are not enough pairs
[0000] 3. Calling kt_for - worker_sam
	[0000][ M::mem_process_seqs] Processed 85094 reads in 6.752 CPU sec, 6.367 real sec
[0000] Calling mem_process_seqs.., task: 9
[0000] 1. Calling kt_for - worker_bwt
[0000] read_chunk: 10000000, work_chunk_size: 10000034, nseq: 85436
	[0000][ M::kt_pipeline] read 85436 sequences (10000034 bp)...
[0000] 2. Calling kt_for - worker_aln
[0000] Inferring insert size distribution of PE reads from data, l_pac: 4970007, n: 85086
[0000][PE] # candidate unique pairs for (FF, FR, RF, RR): (0, 41597, 0, 1)
[0000][PE] skip orientation FF as there are not enough pairs
[0000][PE] analyzing insert size distribution for orientation FR...
[0000][PE] (25, 50, 75) percentile: (124, 186, 272)
[0000][PE] low and high boundaries for computing mean and std.dev: (1, 568)
[0000][PE] mean and std.dev: (205.82, 107.66)
[0000][PE] low and high boundaries for proper pairs: (1, 716)
[0000][PE] skip orientation RF as there are not enough pairs
[0000][PE] skip orientation RR as there are not enough pairs
[0000] 3. Calling kt_for - worker_sam
	[0000][ M::mem_process_seqs] Processed 85086 reads in 6.718 CPU sec, 6.325 real sec
[0000] Calling mem_process_seqs.., task: 10
[0000] 1. Calling kt_for - worker_bwt
[0000] read_chunk: 10000000, work_chunk_size: 10000051, nseq: 85658
	[0000][ M::kt_pipeline] read 85658 sequences (10000051 bp)...
[0000] 2. Calling kt_for - worker_aln
[0000] Inferring insert size distribution of PE reads from data, l_pac: 4970007, n: 85436
[0000][PE] # candidate unique pairs for (FF, FR, RF, RR): (0, 41792, 1, 0)
[0000][PE] skip orientation FF as there are not enough pairs
[0000][PE] analyzing insert size distribution for orientation FR...
[0000][PE] (25, 50, 75) percentile: (122, 182, 268)
[0000][PE] low and high boundaries for computing mean and std.dev: (1, 560)
[0000][PE] mean and std.dev: (202.28, 106.36)
[0000][PE] low and high boundaries for proper pairs: (1, 706)
[0000][PE] skip orientation RF as there are not enough pairs
[0000][PE] skip orientation RR as there are not enough pairs
[0000] 3. Calling kt_for - worker_sam
	[0000][ M::mem_process_seqs] Processed 85436 reads in 6.806 CPU sec, 6.387 real sec
[0000] Reallocating initial memory allocations!!
[0000] Calling mem_process_seqs.., task: 11
[0000] 1. Calling kt_for - worker_bwt
[0000] read_chunk: 10000000, work_chunk_size: 10000033, nseq: 85370
	[0000][ M::kt_pipeline] read 85370 sequences (10000033 bp)...
[0000] 2. Calling kt_for - worker_aln
[0000] Inferring insert size distribution of PE reads from data, l_pac: 4970007, n: 85658
[0000][PE] # candidate unique pairs for (FF, FR, RF, RR): (1, 41882, 1, 0)
[0000][PE] skip orientation FF as there are not enough pairs
[0000][PE] analyzing insert size distribution for orientation FR...
[0000][PE] (25, 50, 75) percentile: (120, 179, 264)
[0000][PE] low and high boundaries for computing mean and std.dev: (1, 552)
[0000][PE] mean and std.dev: (199.11, 104.57)
[0000][PE] low and high boundaries for proper pairs: (1, 696)
[0000][PE] skip orientation RF as there are not enough pairs
[0000][PE] skip orientation RR as there are not enough pairs
[0000] 3. Calling kt_for - worker_sam
	[0000][ M::mem_process_seqs] Processed 85658 reads in 6.939 CPU sec, 6.533 real sec
[0000] Calling mem_process_seqs.., task: 12
[0000] 1. Calling kt_for - worker_bwt
[0000] read_chunk: 10000000, work_chunk_size: 10000047, nseq: 84756
	[0000][ M::kt_pipeline] read 84756 sequences (10000047 bp)...
[0000] 2. Calling kt_for - worker_aln
[0000] Inferring insert size distribution of PE reads from data, l_pac: 4970007, n: 85370
[0000][PE] # candidate unique pairs for (FF, FR, RF, RR): (0, 41685, 3, 0)
[0000][PE] skip orientation FF as there are not enough pairs
[0000][PE] analyzing insert size distribution for orientation FR...
[0000][PE] (25, 50, 75) percentile: (121, 180, 264)
[0000][PE] low and high boundaries for computing mean and std.dev: (1, 550)
[0000][PE] mean and std.dev: (199.63, 103.80)
[0000][PE] low and high boundaries for proper pairs: (1, 693)
[0000][PE] skip orientation RF as there are not enough pairs
[0000][PE] skip orientation RR as there are not enough pairs
[0000] 3. Calling kt_for - worker_sam
	[0000][ M::mem_process_seqs] Processed 85370 reads in 6.812 CPU sec, 6.438 real sec
[0000] Calling mem_process_seqs.., task: 13
[0000] 1. Calling kt_for - worker_bwt
[0000] read_chunk: 10000000, work_chunk_size: 10000032, nseq: 84866
	[0000][ M::kt_pipeline] read 84866 sequences (10000032 bp)...
[0000] 2. Calling kt_for - worker_aln
[0000] Inferring insert size distribution of PE reads from data, l_pac: 4970007, n: 84756
[0000][PE] # candidate unique pairs for (FF, FR, RF, RR): (2, 41430, 1, 1)
[0000][PE] skip orientation FF as there are not enough pairs
[0000][PE] analyzing insert size distribution for orientation FR...
[0000][PE] (25, 50, 75) percentile: (127, 190, 278)
[0000][PE] low and high boundaries for computing mean and std.dev: (1, 580)
[0000][PE] mean and std.dev: (209.95, 109.96)
[0000][PE] low and high boundaries for proper pairs: (1, 731)
[0000][PE] skip orientation RF as there are not enough pairs
[0000][PE] skip orientation RR as there are not enough pairs
[0000] 3. Calling kt_for - worker_sam
	[0000][ M::mem_process_seqs] Processed 84756 reads in 6.530 CPU sec, 6.148 real sec
[0000] Calling mem_process_seqs.., task: 14
[0000] 1. Calling kt_for - worker_bwt
[0000] read_chunk: 10000000, work_chunk_size: 10000180, nseq: 85054
	[0000][ M::kt_pipeline] read 85054 sequences (10000180 bp)...
[0000] 2. Calling kt_for - worker_aln
[0000] Inferring insert size distribution of PE reads from data, l_pac: 4970007, n: 84866
[0000][PE] # candidate unique pairs for (FF, FR, RF, RR): (1, 41539, 0, 0)
[0000][PE] skip orientation FF as there are not enough pairs
[0000][PE] analyzing insert size distribution for orientation FR...
[0000][PE] (25, 50, 75) percentile: (127, 189, 275)
[0000][PE] low and high boundaries for computing mean and std.dev: (1, 571)
[0000][PE] mean and std.dev: (208.26, 108.84)
[0000][PE] low and high boundaries for proper pairs: (1, 719)
[0000][PE] skip orientation RF as there are not enough pairs
[0000][PE] skip orientation RR as there are not enough pairs
[0000] 3. Calling kt_for - worker_sam
	[0000][ M::mem_process_seqs] Processed 84866 reads in 6.779 CPU sec, 6.375 real sec
[0000] Calling mem_process_seqs.., task: 15
[0000] 1. Calling kt_for - worker_bwt
[0000] read_chunk: 10000000, work_chunk_size: 10000228, nseq: 85082
	[0000][ M::kt_pipeline] read 85082 sequences (10000228 bp)...
[0000] 2. Calling kt_for - worker_aln
[0000] Inferring insert size distribution of PE reads from data, l_pac: 4970007, n: 85054
[0000][PE] # candidate unique pairs for (FF, FR, RF, RR): (0, 41538, 1, 0)
[0000][PE] skip orientation FF as there are not enough pairs
[0000][PE] analyzing insert size distribution for orientation FR...
[0000][PE] (25, 50, 75) percentile: (125, 188, 277)
[0000][PE] low and high boundaries for computing mean and std.dev: (1, 581)
[0000][PE] mean and std.dev: (209.04, 111.52)
[0000][PE] low and high boundaries for proper pairs: (1, 733)
[0000][PE] skip orientation RF as there are not enough pairs
[0000][PE] skip orientation RR as there are not enough pairs
[0000] 3. Calling kt_for - worker_sam
	[0000][ M::mem_process_seqs] Processed 85054 reads in 6.936 CPU sec, 6.549 real sec
[0000] Calling mem_process_seqs.., task: 16
[0000] 1. Calling kt_for - worker_bwt
[0000] read_chunk: 10000000, work_chunk_size: 10000072, nseq: 85394
	[0000][ M::kt_pipeline] read 85394 sequences (10000072 bp)...
[0000] 2. Calling kt_for - worker_aln
[0000] Inferring insert size distribution of PE reads from data, l_pac: 4970007, n: 85082
[0000][PE] # candidate unique pairs for (FF, FR, RF, RR): (0, 41581, 1, 1)
[0000][PE] skip orientation FF as there are not enough pairs
[0000][PE] analyzing insert size distribution for orientation FR...
[0000][PE] (25, 50, 75) percentile: (124, 186, 272)
[0000][PE] low and high boundaries for computing mean and std.dev: (1, 568)
[0000][PE] mean and std.dev: (205.58, 107.39)
[0000][PE] low and high boundaries for proper pairs: (1, 716)
[0000][PE] skip orientation RF as there are not enough pairs
[0000][PE] skip orientation RR as there are not enough pairs
[0000] 3. Calling kt_for - worker_sam
	[0000][ M::mem_process_seqs] Processed 85082 reads in 6.906 CPU sec, 6.496 real sec
[0000] Calling mem_process_seqs.., task: 17
[0000] 1. Calling kt_for - worker_bwt
[0000] read_chunk: 10000000, work_chunk_size: 10000036, nseq: 85454
	[0000][ M::kt_pipeline] read 85454 sequences (10000036 bp)...
[0000] 2. Calling kt_for - worker_aln
[0000] Inferring insert size distribution of PE reads from data, l_pac: 4970007, n: 85394
[0000][PE] # candidate unique pairs for (FF, FR, RF, RR): (0, 41711, 1, 0)
[0000][PE] skip orientation FF as there are not enough pairs
[0000][PE] analyzing insert size distribution for orientation FR...
[0000][PE] (25, 50, 75) percentile: (122, 181, 267)
[0000][PE] low and high boundaries for computing mean and std.dev: (1, 557)
[0000][PE] mean and std.dev: (201.51, 105.87)
[0000][PE] low and high boundaries for proper pairs: (1, 702)
[0000][PE] skip orientation RF as there are not enough pairs
[0000][PE] skip orientation RR as there are not enough pairs
[0000] 3. Calling kt_for - worker_sam
	[0000][ M::mem_process_seqs] Processed 85394 reads in 6.921 CPU sec, 6.535 real sec
[0000] Calling mem_process_seqs.., task: 18
[0000] 1. Calling kt_for - worker_bwt
[0000] read_chunk: 10000000, work_chunk_size: 10000022, nseq: 85324
	[0000][ M::kt_pipeline] read 85324 sequences (10000022 bp)...
[0000] 2. Calling kt_for - worker_aln
[0000] Inferring insert size distribution of PE reads from data, l_pac: 4970007, n: 85454
[0000][PE] # candidate unique pairs for (FF, FR, RF, RR): (0, 41767, 2, 0)
[0000][PE] skip orientation FF as there are not enough pairs
[0000][PE] analyzing insert size distribution for orientation FR...
[0000][PE] (25, 50, 75) percentile: (121, 182, 266)
[0000][PE] low and high boundaries for computing mean and std.dev: (1, 556)
[0000][PE] mean and std.dev: (201.06, 105.05)
[0000][PE] low and high boundaries for proper pairs: (1, 701)
[0000][PE] skip orientation RF as there are not enough pairs
[0000][PE] skip orientation RR as there are not enough pairs
[0000] 3. Calling kt_for - worker_sam
	[0000][ M::mem_process_seqs] Processed 85454 reads in 6.602 CPU sec, 6.188 real sec
[0000] Calling mem_process_seqs.., task: 19
[0000] 1. Calling kt_for - worker_bwt
[0000] read_chunk: 10000000, work_chunk_size: 10000143, nseq: 84788
	[0000][ M::kt_pipeline] read 84788 sequences (10000143 bp)...
[0000] 2. Calling kt_for - worker_aln
[0000] Inferring insert size distribution of PE reads from data, l_pac: 4970007, n: 85324
[0000][PE] # candidate unique pairs for (FF, FR, RF, RR): (0, 41711, 2, 0)
[0000][PE] skip orientation FF as there are not enough pairs
[0000][PE] analyzing insert size distribution for orientation FR...
[0000][PE] (25, 50, 75) percentile: (122, 182, 266)
[0000][PE] low and high boundaries for computing mean and std.dev: (1, 554)
[0000][PE] mean and std.dev: (201.85, 105.65)
[0000][PE] low and high boundaries for proper pairs: (1, 698)
[0000][PE] skip orientation RF as there are not enough pairs
[0000][PE] skip orientation RR as there are not enough pairs
[0000] 3. Calling kt_for - worker_sam
	[0000][ M::mem_process_seqs] Processed 85324 reads in 6.641 CPU sec, 6.256 real sec
[0000] Calling mem_process_seqs.., task: 20
[0000] 1. Calling kt_for - worker_bwt
[0000] read_chunk: 10000000, work_chunk_size: 10000214, nseq: 85006
	[0000][ M::kt_pipeline] read 85006 sequences (10000214 bp)...
[0000] 2. Calling kt_for - worker_aln
[0000] Inferring insert size distribution of PE reads from data, l_pac: 4970007, n: 84788
[0000][PE] # candidate unique pairs for (FF, FR, RF, RR): (0, 41415, 0, 0)
[0000][PE] skip orientation FF as there are not enough pairs
[0000][PE] analyzing insert size distribution for orientation FR...
[0000][PE] (25, 50, 75) percentile: (127, 191, 279)
[0000][PE] low and high boundaries for computing mean and std.dev: (1, 583)
[0000][PE] mean and std.dev: (211.07, 110.60)
[0000][PE] low and high boundaries for proper pairs: (1, 735)
[0000][PE] skip orientation RF as there are not enough pairs
[0000][PE] skip orientation RR as there are not enough pairs
[0000] 3. Calling kt_for - worker_sam
	[0000][ M::mem_process_seqs] Processed 84788 reads in 6.702 CPU sec, 6.322 real sec
[0000] Calling mem_process_seqs.., task: 21
[0000] 1. Calling kt_for - worker_bwt
[0000] read_chunk: 10000000, work_chunk_size: 10000122, nseq: 85118
	[0000][ M::kt_pipeline] read 85118 sequences (10000122 bp)...
[0000] 2. Calling kt_for - worker_aln
[0000] Inferring insert size distribution of PE reads from data, l_pac: 4970007, n: 85006
[0000][PE] # candidate unique pairs for (FF, FR, RF, RR): (0, 41494, 2, 0)
[0000][PE] skip orientation FF as there are not enough pairs
[0000][PE] analyzing insert size distribution for orientation FR...
[0000][PE] (25, 50, 75) percentile: (125, 188, 278)
[0000][PE] low and high boundaries for computing mean and std.dev: (1, 584)
[0000][PE] mean and std.dev: (208.94, 110.94)
[0000][PE] low and high boundaries for proper pairs: (1, 737)
[0000][PE] skip orientation RF as there are not enough pairs
[0000][PE] skip orientation RR as there are not enough pairs
[0000] 3. Calling kt_for - worker_sam
	[0000][ M::mem_process_seqs] Processed 85006 reads in 6.837 CPU sec, 6.457 real sec
[0000] Calling mem_process_seqs.., task: 22
[0000] 1. Calling kt_for - worker_bwt
[0000] read_chunk: 10000000, work_chunk_size: 10000082, nseq: 85132
	[0000][ M::kt_pipeline] read 85132 sequences (10000082 bp)...
[0000] 2. Calling kt_for - worker_aln
[0000] Inferring insert size distribution of PE reads from data, l_pac: 4970007, n: 85118
[0000][PE] # candidate unique pairs for (FF, FR, RF, RR): (0, 41607, 1, 1)
[0000][PE] skip orientation FF as there are not enough pairs
[0000][PE] analyzing insert size distribution for orientation FR...
[0000][PE] (25, 50, 75) percentile: (124, 186, 274)
[0000][PE] low and high boundaries for computing mean and std.dev: (1, 574)
[0000][PE] mean and std.dev: (206.13, 108.28)
[0000][PE] low and high boundaries for proper pairs: (1, 724)
[0000][PE] skip orientation RF as there are not enough pairs
[0000][PE] skip orientation RR as there are not enough pairs
[0000] 3. Calling kt_for - worker_sam
	[0000][ M::mem_process_seqs] Processed 85118 reads in 6.650 CPU sec, 6.259 real sec
[0000] Calling mem_process_seqs.., task: 23
[0000] 1. Calling kt_for - worker_bwt
[0000] read_chunk: 10000000, work_chunk_size: 10000074, nseq: 85330
	[0000][ M::kt_pipeline] read 85330 sequences (10000074 bp)...
[0000] 2. Calling kt_for - worker_aln
[0000] Inferring insert size distribution of PE reads from data, l_pac: 4970007, n: 85132
[0000][PE] # candidate unique pairs for (FF, FR, RF, RR): (0, 41607, 2, 0)
[0000][PE] skip orientation FF as there are not enough pairs
[0000][PE] analyzing insert size distribution for orientation FR...
[0000][PE] (25, 50, 75) percentile: (124, 185, 271)
[0000][PE] low and high boundaries for computing mean and std.dev: (1, 565)
[0000][PE] mean and std.dev: (204.96, 107.26)
[0000][PE] low and high boundaries for proper pairs: (1, 712)
[0000][PE] skip orientation RF as there are not enough pairs
[0000][PE] skip orientation RR as there are not enough pairs
[0000] 3. Calling kt_for - worker_sam
	[0000][ M::mem_process_seqs] Processed 85132 reads in 6.556 CPU sec, 6.162 real sec
[0000] Calling mem_process_seqs.., task: 24
[0000] 1. Calling kt_for - worker_bwt
[0000] read_chunk: 10000000, work_chunk_size: 10000028, nseq: 85450
	[0000][ M::kt_pipeline] read 85450 sequences (10000028 bp)...
[0000] 2. Calling kt_for - worker_aln
[0000] Inferring insert size distribution of PE reads from data, l_pac: 4970007, n: 85330
[0000][PE] # candidate unique pairs for (FF, FR, RF, RR): (1, 41686, 1, 0)
[0000][PE] skip orientation FF as there are not enough pairs
[0000][PE] analyzing insert size distribution for orientation FR...
[0000][PE] (25, 50, 75) percentile: (122, 182, 268)
[0000][PE] low and high boundaries for computing mean and std.dev: (1, 560)
[0000][PE] mean and std.dev: (201.90, 105.60)
[0000][PE] low and high boundaries for proper pairs: (1, 706)
[0000][PE] skip orientation RF as there are not enough pairs
[0000][PE] skip orientation RR as there are not enough pairs
[0000] 3. Calling kt_for - worker_sam
	[0000][ M::mem_process_seqs] Processed 85330 reads in 6.587 CPU sec, 6.191 real sec
[0000] Calling mem_process_seqs.., task: 25
[0000] 1. Calling kt_for - worker_bwt
[0000] read_chunk: 10000000, work_chunk_size: 10000139, nseq: 84748
	[0000][ M::kt_pipeline] read 84748 sequences (10000139 bp)...
[0000] 2. Calling kt_for - worker_aln
[0000] Inferring insert size distribution of PE reads from data, l_pac: 4970007, n: 85450
[0000][PE] # candidate unique pairs for (FF, FR, RF, RR): (0, 41766, 3, 2)
[0000][PE] skip orientation FF as there are not enough pairs
[0000][PE] analyzing insert size distribution for orientation FR...
[0000][PE] (25, 50, 75) percentile: (121, 181, 264)
[0000][PE] low and high boundaries for computing mean and std.dev: (1, 550)
[0000][PE] mean and std.dev: (200.06, 104.38)
[0000][PE] low and high boundaries for proper pairs: (1, 693)
[0000][PE] skip orientation RF as there are not enough pairs
[0000][PE] skip orientation RR as there are not enough pairs
[0000] 3. Calling kt_for - worker_sam
	[0000][ M::mem_process_seqs] Processed 85450 reads in 6.636 CPU sec, 6.254 real sec
[0000] Calling mem_process_seqs.., task: 26
[0000] 1. Calling kt_for - worker_bwt
[E::hts_open_format] Failed to open file "data/mgefinder/3213554/00.bam/5_A11.5_A11.tmp.0000.bam" : File exists
samtools sort: failed to create temporary file "data/mgefinder/3213554/00.bam/5_A11.5_A11.tmp.0000.bam": File exists
