-----------------------------
Executing in AVX2 mode!!
-----------------------------
* Ref file: data/assembled/Sample_Maccabi_Ecoli_SeqPlate5_B1/assembly
* Entering FMI_search
* Index file found. Loading index from data/assembled/Sample_Maccabi_Ecoli_SeqPlate5_B1/assembly.bwt.8bit.32
* Reference seq len for bi-index = 9669663
* Count:
0,	1
1,	2382781
2,	4834832
3,	7286883
4,	9669663

* Reading other elements of the index from files data/assembled/Sample_Maccabi_Ecoli_SeqPlate5_B1/assembly
* Index prefix: data/assembled/Sample_Maccabi_Ecoli_SeqPlate5_B1/assembly
* Read 0 ALT contigs
* Done reading Index!!
* Reading reference genome..
* Binary seq file = data/assembled/Sample_Maccabi_Ecoli_SeqPlate5_B1/assembly.0123
* Reference genome size: 9669662 bp
* Done reading reference genome !!

------------------------------------------
1. Memory pre-allocation for Chaining: 139.3584 MB
2. Memory pre-allocation for BSW: 239.6170 MB
3. Memory pre-allocation for BWT: 77.3142 MB
------------------------------------------
* Threads used (compute): 1
* No. of pipeline threads: 2

[0000] read_chunk: 10000000, work_chunk_size: 10000055, nseq: 90966
	[0000][ M::kt_pipeline] read 90966 sequences (10000055 bp)...
[0000] Reallocating initial memory allocations!!
[0000] Calling mem_process_seqs.., task: 0
[0000] 1. Calling kt_for - worker_bwt
[0000] read_chunk: 10000000, work_chunk_size: 10000069, nseq: 91642
	[0000][ M::kt_pipeline] read 91642 sequences (10000069 bp)...
[0000] 2. Calling kt_for - worker_aln
[0000] Inferring insert size distribution of PE reads from data, l_pac: 4834831, n: 90966
[0000][PE] # candidate unique pairs for (FF, FR, RF, RR): (0, 43954, 1, 0)
[0000][PE] skip orientation FF as there are not enough pairs
[0000][PE] analyzing insert size distribution for orientation FR...
[0000][PE] (25, 50, 75) percentile: (94, 135, 195)
[0000][PE] low and high boundaries for computing mean and std.dev: (1, 397)
[0000][PE] mean and std.dev: (149.62, 72.98)
[0000][PE] low and high boundaries for proper pairs: (1, 498)
[0000][PE] skip orientation RF as there are not enough pairs
[0000][PE] skip orientation RR as there are not enough pairs
[0000] 3. Calling kt_for - worker_sam
	[0000][ M::mem_process_seqs] Processed 90966 reads in 6.408 CPU sec, 6.059 real sec
[0000] Reallocating initial memory allocations!!
[0000] Calling mem_process_seqs.., task: 1
[0000] 1. Calling kt_for - worker_bwt
[0000] read_chunk: 10000000, work_chunk_size: 10000036, nseq: 90872
	[0000][ M::kt_pipeline] read 90872 sequences (10000036 bp)...
[0000] 2. Calling kt_for - worker_aln
[0000] Inferring insert size distribution of PE reads from data, l_pac: 4834831, n: 91642
[0000][PE] # candidate unique pairs for (FF, FR, RF, RR): (1, 44306, 0, 0)
[0000][PE] skip orientation FF as there are not enough pairs
[0000][PE] analyzing insert size distribution for orientation FR...
[0000][PE] (25, 50, 75) percentile: (92, 131, 190)
[0000][PE] low and high boundaries for computing mean and std.dev: (1, 386)
[0000][PE] mean and std.dev: (145.78, 70.43)
[0000][PE] low and high boundaries for proper pairs: (1, 484)
[0000][PE] skip orientation RF as there are not enough pairs
[0000][PE] skip orientation RR as there are not enough pairs
[0000] 3. Calling kt_for - worker_sam
	[0000][ M::mem_process_seqs] Processed 91642 reads in 6.619 CPU sec, 6.188 real sec
[0000] Calling mem_process_seqs.., task: 2
[0000] 1. Calling kt_for - worker_bwt
[0000] read_chunk: 10000000, work_chunk_size: 10000108, nseq: 91392
	[0000][ M::kt_pipeline] read 91392 sequences (10000108 bp)...
[0000] 2. Calling kt_for - worker_aln
[0000] Inferring insert size distribution of PE reads from data, l_pac: 4834831, n: 90872
[0000][PE] # candidate unique pairs for (FF, FR, RF, RR): (0, 43983, 2, 1)
[0000][PE] skip orientation FF as there are not enough pairs
[0000][PE] analyzing insert size distribution for orientation FR...
[0000][PE] (25, 50, 75) percentile: (94, 135, 194)
[0000][PE] low and high boundaries for computing mean and std.dev: (1, 394)
[0000][PE] mean and std.dev: (149.47, 72.23)
[0000][PE] low and high boundaries for proper pairs: (1, 494)
[0000][PE] skip orientation RF as there are not enough pairs
[0000][PE] skip orientation RR as there are not enough pairs
[0000] 3. Calling kt_for - worker_sam
	[0000][ M::mem_process_seqs] Processed 90872 reads in 6.417 CPU sec, 5.997 real sec
[0000] Calling mem_process_seqs.., task: 3
[0000] 1. Calling kt_for - worker_bwt
[0000] read_chunk: 10000000, work_chunk_size: 10000193, nseq: 90730
	[0000][ M::kt_pipeline] read 90730 sequences (10000193 bp)...
[0000] 2. Calling kt_for - worker_aln
[0000] Inferring insert size distribution of PE reads from data, l_pac: 4834831, n: 91392
[0000][PE] # candidate unique pairs for (FF, FR, RF, RR): (0, 44182, 1, 0)
[0000][PE] skip orientation FF as there are not enough pairs
[0000][PE] analyzing insert size distribution for orientation FR...
[0000][PE] (25, 50, 75) percentile: (93, 133, 191)
[0000][PE] low and high boundaries for computing mean and std.dev: (1, 387)
[0000][PE] mean and std.dev: (146.76, 71.06)
[0000][PE] low and high boundaries for proper pairs: (1, 485)
[0000][PE] skip orientation RF as there are not enough pairs
[0000][PE] skip orientation RR as there are not enough pairs
[0000] 3. Calling kt_for - worker_sam
	[0000][ M::mem_process_seqs] Processed 91392 reads in 6.569 CPU sec, 6.163 real sec
[0000] Calling mem_process_seqs.., task: 4
[0000] 1. Calling kt_for - worker_bwt
[0000] read_chunk: 10000000, work_chunk_size: 10000212, nseq: 91170
	[0000][ M::kt_pipeline] read 91170 sequences (10000212 bp)...
[0000] 2. Calling kt_for - worker_aln
[0000] Inferring insert size distribution of PE reads from data, l_pac: 4834831, n: 90730
[0000][PE] # candidate unique pairs for (FF, FR, RF, RR): (0, 43899, 0, 0)
[0000][PE] skip orientation FF as there are not enough pairs
[0000][PE] analyzing insert size distribution for orientation FR...
[0000][PE] (25, 50, 75) percentile: (95, 135, 194)
[0000][PE] low and high boundaries for computing mean and std.dev: (1, 392)
[0000][PE] mean and std.dev: (149.53, 71.94)
[0000][PE] low and high boundaries for proper pairs: (1, 491)
[0000][PE] skip orientation RF as there are not enough pairs
[0000][PE] skip orientation RR as there are not enough pairs
[0000] 3. Calling kt_for - worker_sam
	[0000][ M::mem_process_seqs] Processed 90730 reads in 6.373 CPU sec, 5.975 real sec
[0000] Calling mem_process_seqs.., task: 5
[0000] 1. Calling kt_for - worker_bwt
[0000] read_chunk: 10000000, work_chunk_size: 10000040, nseq: 91000
	[0000][ M::kt_pipeline] read 91000 sequences (10000040 bp)...
[0000] 2. Calling kt_for - worker_aln
[0000] Inferring insert size distribution of PE reads from data, l_pac: 4834831, n: 91170
[0000][PE] # candidate unique pairs for (FF, FR, RF, RR): (1, 44107, 1, 0)
[0000][PE] skip orientation FF as there are not enough pairs
[0000][PE] analyzing insert size distribution for orientation FR...
[0000][PE] (25, 50, 75) percentile: (93, 134, 193)
[0000][PE] low and high boundaries for computing mean and std.dev: (1, 393)
[0000][PE] mean and std.dev: (148.28, 72.01)
[0000][PE] low and high boundaries for proper pairs: (1, 493)
[0000][PE] skip orientation RF as there are not enough pairs
[0000][PE] skip orientation RR as there are not enough pairs
[0000] 3. Calling kt_for - worker_sam
	[0000][ M::mem_process_seqs] Processed 91170 reads in 6.656 CPU sec, 6.288 real sec
[0000] Calling mem_process_seqs.., task: 6
[0000] 1. Calling kt_for - worker_bwt
[0000] read_chunk: 10000000, work_chunk_size: 10000069, nseq: 91082
	[0000][ M::kt_pipeline] read 91082 sequences (10000069 bp)...
[0000] 2. Calling kt_for - worker_aln
[0000] Inferring insert size distribution of PE reads from data, l_pac: 4834831, n: 91000
[0000][PE] # candidate unique pairs for (FF, FR, RF, RR): (1, 43962, 0, 0)
[0000][PE] skip orientation FF as there are not enough pairs
[0000][PE] analyzing insert size distribution for orientation FR...
[0000][PE] (25, 50, 75) percentile: (94, 134, 193)
[0000][PE] low and high boundaries for computing mean and std.dev: (1, 391)
[0000][PE] mean and std.dev: (148.44, 71.55)
[0000][PE] low and high boundaries for proper pairs: (1, 490)
[0000][PE] skip orientation RF as there are not enough pairs
[0000][PE] skip orientation RR as there are not enough pairs
[0000] 3. Calling kt_for - worker_sam
	[0000][ M::mem_process_seqs] Processed 91000 reads in 6.710 CPU sec, 6.252 real sec
[0000] Calling mem_process_seqs.., task: 7
[0000] 1. Calling kt_for - worker_bwt
[0000] read_chunk: 10000000, work_chunk_size: 10000229, nseq: 91092
	[0000][ M::kt_pipeline] read 91092 sequences (10000229 bp)...
[0000] 2. Calling kt_for - worker_aln
[0000] Inferring insert size distribution of PE reads from data, l_pac: 4834831, n: 91082
[0000][PE] # candidate unique pairs for (FF, FR, RF, RR): (0, 44022, 3, 0)
[0000][PE] skip orientation FF as there are not enough pairs
[0000][PE] analyzing insert size distribution for orientation FR...
[0000][PE] (25, 50, 75) percentile: (94, 134, 193)
[0000][PE] low and high boundaries for computing mean and std.dev: (1, 391)
[0000][PE] mean and std.dev: (148.48, 72.00)
[0000][PE] low and high boundaries for proper pairs: (1, 490)
[0000][PE] skip orientation RF as there are not enough pairs
[0000][PE] skip orientation RR as there are not enough pairs
[0000] 3. Calling kt_for - worker_sam
	[0000][ M::mem_process_seqs] Processed 91082 reads in 6.430 CPU sec, 6.012 real sec
[0000] Calling mem_process_seqs.., task: 8
[0000] 1. Calling kt_for - worker_bwt
[0000] read_chunk: 10000000, work_chunk_size: 10000183, nseq: 91032
	[0000][ M::kt_pipeline] read 91032 sequences (10000183 bp)...
[0000] 2. Calling kt_for - worker_aln
[0000] Inferring insert size distribution of PE reads from data, l_pac: 4834831, n: 91092
[0000][PE] # candidate unique pairs for (FF, FR, RF, RR): (0, 44101, 1, 0)
[0000][PE] skip orientation FF as there are not enough pairs
[0000][PE] analyzing insert size distribution for orientation FR...
[0000][PE] (25, 50, 75) percentile: (93, 133, 191)
[0000][PE] low and high boundaries for computing mean and std.dev: (1, 387)
[0000][PE] mean and std.dev: (147.49, 70.94)
[0000][PE] low and high boundaries for proper pairs: (1, 485)
[0000][PE] skip orientation RF as there are not enough pairs
[0000][PE] skip orientation RR as there are not enough pairs
[0000] 3. Calling kt_for - worker_sam
	[0000][ M::mem_process_seqs] Processed 91092 reads in 6.418 CPU sec, 6.050 real sec
[0000] Calling mem_process_seqs.., task: 9
[0000] 1. Calling kt_for - worker_bwt
[0000] read_chunk: 10000000, work_chunk_size: 10000010, nseq: 91432
	[0000][ M::kt_pipeline] read 91432 sequences (10000010 bp)...
[0000] 2. Calling kt_for - worker_aln
[0000] Inferring insert size distribution of PE reads from data, l_pac: 4834831, n: 91032
[0000][PE] # candidate unique pairs for (FF, FR, RF, RR): (0, 44095, 0, 0)
[0000][PE] skip orientation FF as there are not enough pairs
[0000][PE] analyzing insert size distribution for orientation FR...
[0000][PE] (25, 50, 75) percentile: (93, 134, 194)
[0000][PE] low and high boundaries for computing mean and std.dev: (1, 396)
[0000][PE] mean and std.dev: (148.96, 72.60)
[0000][PE] low and high boundaries for proper pairs: (1, 497)
[0000][PE] skip orientation RF as there are not enough pairs
[0000][PE] skip orientation RR as there are not enough pairs
[0000] 3. Calling kt_for - worker_sam
	[0000][ M::mem_process_seqs] Processed 91032 reads in 6.361 CPU sec, 5.950 real sec
[0000] Calling mem_process_seqs.., task: 10
[0000] 1. Calling kt_for - worker_bwt
[0000] read_chunk: 10000000, work_chunk_size: 10000236, nseq: 90546
	[0000][ M::kt_pipeline] read 90546 sequences (10000236 bp)...
[0000] 2. Calling kt_for - worker_aln
[0000] Inferring insert size distribution of PE reads from data, l_pac: 4834831, n: 91432
[0000][PE] # candidate unique pairs for (FF, FR, RF, RR): (0, 44215, 0, 0)
[0000][PE] skip orientation FF as there are not enough pairs
[0000][PE] analyzing insert size distribution for orientation FR...
[0000][PE] (25, 50, 75) percentile: (93, 132, 190)
[0000][PE] low and high boundaries for computing mean and std.dev: (1, 384)
[0000][PE] mean and std.dev: (146.48, 70.72)
[0000][PE] low and high boundaries for proper pairs: (1, 481)
[0000][PE] skip orientation RF as there are not enough pairs
[0000][PE] skip orientation RR as there are not enough pairs
[0000] 3. Calling kt_for - worker_sam
	[0000][ M::mem_process_seqs] Processed 91432 reads in 6.582 CPU sec, 6.153 real sec
[0000] Calling mem_process_seqs.., task: 11
[0000] 1. Calling kt_for - worker_bwt
[0000] read_chunk: 10000000, work_chunk_size: 10000032, nseq: 91434
	[0000][ M::kt_pipeline] read 91434 sequences (10000032 bp)...
[0000] 2. Calling kt_for - worker_aln
[0000] Inferring insert size distribution of PE reads from data, l_pac: 4834831, n: 90546
[0000][PE] # candidate unique pairs for (FF, FR, RF, RR): (0, 43864, 0, 0)
[0000][PE] skip orientation FF as there are not enough pairs
[0000][PE] analyzing insert size distribution for orientation FR...
[0000][PE] (25, 50, 75) percentile: (95, 136, 197)
[0000][PE] low and high boundaries for computing mean and std.dev: (1, 401)
[0000][PE] mean and std.dev: (151.36, 73.67)
[0000][PE] low and high boundaries for proper pairs: (1, 503)
[0000][PE] skip orientation RF as there are not enough pairs
[0000][PE] skip orientation RR as there are not enough pairs
[0000] 3. Calling kt_for - worker_sam
	[0000][ M::mem_process_seqs] Processed 90546 reads in 6.528 CPU sec, 6.151 real sec
[0000] Calling mem_process_seqs.., task: 12
[0000] 1. Calling kt_for - worker_bwt
[0000] read_chunk: 10000000, work_chunk_size: 10000045, nseq: 90758
	[0000][ M::kt_pipeline] read 90758 sequences (10000045 bp)...
[0000] 2. Calling kt_for - worker_aln
[0000] Inferring insert size distribution of PE reads from data, l_pac: 4834831, n: 91434
[0000][PE] # candidate unique pairs for (FF, FR, RF, RR): (0, 44271, 1, 0)
[0000][PE] skip orientation FF as there are not enough pairs
[0000][PE] analyzing insert size distribution for orientation FR...
[0000][PE] (25, 50, 75) percentile: (93, 133, 192)
[0000][PE] low and high boundaries for computing mean and std.dev: (1, 390)
[0000][PE] mean and std.dev: (147.13, 71.31)
[0000][PE] low and high boundaries for proper pairs: (1, 489)
[0000][PE] skip orientation RF as there are not enough pairs
[0000][PE] skip orientation RR as there are not enough pairs
[0000] 3. Calling kt_for - worker_sam
	[0000][ M::mem_process_seqs] Processed 91434 reads in 6.591 CPU sec, 6.146 real sec
[0000] Calling mem_process_seqs.., task: 13
[0000] 1. Calling kt_for - worker_bwt
[0000] read_chunk: 10000000, work_chunk_size: 10000138, nseq: 91128
	[0000][ M::kt_pipeline] read 91128 sequences (10000138 bp)...
[0000] 2. Calling kt_for - worker_aln
[0000] Inferring insert size distribution of PE reads from data, l_pac: 4834831, n: 90758
[0000][PE] # candidate unique pairs for (FF, FR, RF, RR): (0, 43899, 2, 0)
[0000][PE] skip orientation FF as there are not enough pairs
[0000][PE] analyzing insert size distribution for orientation FR...
[0000][PE] (25, 50, 75) percentile: (94, 136, 195)
[0000][PE] low and high boundaries for computing mean and std.dev: (1, 397)
[0000][PE] mean and std.dev: (149.89, 72.54)
[0000][PE] low and high boundaries for proper pairs: (1, 498)
[0000][PE] skip orientation RF as there are not enough pairs
[0000][PE] skip orientation RR as there are not enough pairs
[0000] 3. Calling kt_for - worker_sam
	[0000][ M::mem_process_seqs] Processed 90758 reads in 6.286 CPU sec, 5.843 real sec
[0000] Calling mem_process_seqs.., task: 14
[0000] 1. Calling kt_for - worker_bwt
[0000] read_chunk: 10000000, work_chunk_size: 10000227, nseq: 91046
	[0000][ M::kt_pipeline] read 91046 sequences (10000227 bp)...
[0000] 2. Calling kt_for - worker_aln
[0000] Inferring insert size distribution of PE reads from data, l_pac: 4834831, n: 91128
[0000][PE] # candidate unique pairs for (FF, FR, RF, RR): (0, 44132, 1, 0)
[0000][PE] skip orientation FF as there are not enough pairs
[0000][PE] analyzing insert size distribution for orientation FR...
[0000][PE] (25, 50, 75) percentile: (93, 135, 195)
[0000][PE] low and high boundaries for computing mean and std.dev: (1, 399)
[0000][PE] mean and std.dev: (149.30, 73.14)
[0000][PE] low and high boundaries for proper pairs: (1, 501)
[0000][PE] skip orientation RF as there are not enough pairs
[0000][PE] skip orientation RR as there are not enough pairs
[0000] 3. Calling kt_for - worker_sam
	[0000][ M::mem_process_seqs] Processed 91128 reads in 6.246 CPU sec, 5.873 real sec
[0000] Calling mem_process_seqs.., task: 15
[0000] 1. Calling kt_for - worker_bwt
[0000] read_chunk: 10000000, work_chunk_size: 10000171, nseq: 91044
	[0000][ M::kt_pipeline] read 91044 sequences (10000171 bp)...
[0000] 2. Calling kt_for - worker_aln
[0000] Inferring insert size distribution of PE reads from data, l_pac: 4834831, n: 91046
[0000][PE] # candidate unique pairs for (FF, FR, RF, RR): (2, 44083, 0, 0)
[0000][PE] skip orientation FF as there are not enough pairs
[0000][PE] analyzing insert size distribution for orientation FR...
[0000][PE] (25, 50, 75) percentile: (94, 134, 193)
[0000][PE] low and high boundaries for computing mean and std.dev: (1, 391)
[0000][PE] mean and std.dev: (148.45, 71.88)
[0000][PE] low and high boundaries for proper pairs: (1, 490)
[0000][PE] skip orientation RF as there are not enough pairs
[0000][PE] skip orientation RR as there are not enough pairs
[0000] 3. Calling kt_for - worker_sam
	[0000][ M::mem_process_seqs] Processed 91046 reads in 6.131 CPU sec, 5.732 real sec
[0000] Calling mem_process_seqs.., task: 16
[0000] 1. Calling kt_for - worker_bwt
[0000] read_chunk: 10000000, work_chunk_size: 8629970, nseq: 78746
	[0000][ M::kt_pipeline] read 78746 sequences (8629970 bp)...
[0000] 2. Calling kt_for - worker_aln
[0000] Inferring insert size distribution of PE reads from data, l_pac: 4834831, n: 91044
[0000][PE] # candidate unique pairs for (FF, FR, RF, RR): (0, 44045, 1, 1)
[0000][PE] skip orientation FF as there are not enough pairs
[0000][PE] analyzing insert size distribution for orientation FR...
[0000][PE] (25, 50, 75) percentile: (93, 134, 195)
[0000][PE] low and high boundaries for computing mean and std.dev: (1, 399)
[0000][PE] mean and std.dev: (149.26, 72.64)
[0000][PE] low and high boundaries for proper pairs: (1, 501)
[0000][PE] skip orientation RF as there are not enough pairs
[0000][PE] skip orientation RR as there are not enough pairs
[0000] 3. Calling kt_for - worker_sam
	[0000][ M::mem_process_seqs] Processed 91044 reads in 6.118 CPU sec, 5.775 real sec
[0000] Calling mem_process_seqs.., task: 17
[0000] 1. Calling kt_for - worker_bwt
[0000] read_chunk: 10000000, work_chunk_size: 0, nseq: 0
[0000] 2. Calling kt_for - worker_aln
[0000] Inferring insert size distribution of PE reads from data, l_pac: 4834831, n: 78746
[0000][PE] # candidate unique pairs for (FF, FR, RF, RR): (0, 38051, 1, 1)
[0000][PE] skip orientation FF as there are not enough pairs
[0000][PE] analyzing insert size distribution for orientation FR...
[0000][PE] (25, 50, 75) percentile: (93, 133, 192)
[0000][PE] low and high boundaries for computing mean and std.dev: (1, 390)
[0000][PE] mean and std.dev: (147.40, 71.26)
[0000][PE] low and high boundaries for proper pairs: (1, 489)
[0000][PE] skip orientation RF as there are not enough pairs
[0000][PE] skip orientation RR as there are not enough pairs
[0000] 3. Calling kt_for - worker_sam
	[0000][ M::mem_process_seqs] Processed 78746 reads in 5.081 CPU sec, 4.990 real sec
[0000] read_chunk: 10000000, work_chunk_size: 0, nseq: 0
[0000] Computation ends..
No. of OMP threads: 1
Processor is runnig @2200.201315 MHz
Runtime profile:

	Time taken for main_mem function: 108.19 sec

	IO times (sec) :
	Reading IO time (reads) avg: 5.33, (5.33, 5.33)
	Writing IO time (SAM) avg: 3.35, (3.35, 3.35)
	Reading IO time (Reference Genome) avg: 0.01, (0.01, 0.01)
	Index read time avg: 0.08, (0.08, 0.08)

	Overall time (sec) (Excluding Index reading time):
	PROCESS() (Total compute time + (read + SAM) IO time) : 108.09
	MEM_PROCESS_SEQ() (Total compute time (Kernel + SAM)), avg: 107.59, (107.59, 107.59)

	 SAM Processing time (sec):
	--WORKER_SAM avg: 7.76, (7.76, 7.76)

	Kernels' compute time (sec):
	Total kernel (smem+sal+bsw) time avg: 99.53, (99.53, 99.53)
		SMEM compute avg: 74.39, (74.39, 74.39)
		SAL compute avg: 4.32, (4.32, 4.32)
		BSW time, avg: 19.90, (19.90, 19.90)

	Total re-allocs: 1604782 out of total requests: 1652087, Rate: 0.97

Important parameter settings: 
	BATCH_SIZE: 512
	MAX_SEQ_LEN_REF: 256
	MAX_SEQ_LEN_QER: 128
	MAX_SEQ_LEN8: 128
	SEEDS_PER_READ: 500
	SIMD_WIDTH8 X: 32
	SIMD_WIDTH16 X: 16
	AVG_SEEDS_PER_READ: 64
