-----------------------------
Executing in AVX2 mode!!
-----------------------------
* Ref file: data/assembled/Sample_Maccabi_Ecoli_SeqPlate5_B1/assembly
* Entering FMI_search
* Index file found. Loading index from data/assembled/Sample_Maccabi_Ecoli_SeqPlate5_B1/assembly.bwt.8bit.32
* Reference seq len for bi-index = 9669663
* Count:
0,	1
1,	2382781
2,	4834832
3,	7286883
4,	9669663

* Reading other elements of the index from files data/assembled/Sample_Maccabi_Ecoli_SeqPlate5_B1/assembly
* Index prefix: data/assembled/Sample_Maccabi_Ecoli_SeqPlate5_B1/assembly
* Read 0 ALT contigs
* Done reading Index!!
* Reading reference genome..
* Binary seq file = data/assembled/Sample_Maccabi_Ecoli_SeqPlate5_B1/assembly.0123
* Reference genome size: 9669662 bp
* Done reading reference genome !!

------------------------------------------
1. Memory pre-allocation for Chaining: 139.3584 MB
2. Memory pre-allocation for BSW: 239.6170 MB
3. Memory pre-allocation for BWT: 77.3142 MB
------------------------------------------
* Threads used (compute): 1
* No. of pipeline threads: 2

[0000] read_chunk: 10000000, work_chunk_size: 10000148, nseq: 85088
	[0000][ M::kt_pipeline] read 85088 sequences (10000148 bp)...
[0000] Reallocating initial memory allocations!!
[0000] Calling mem_process_seqs.., task: 0
[0000] 1. Calling kt_for - worker_bwt
[0000] read_chunk: 10000000, work_chunk_size: 10000187, nseq: 85378
	[0000][ M::kt_pipeline] read 85378 sequences (10000187 bp)...
[0000] 2. Calling kt_for - worker_aln
[0000] Inferring insert size distribution of PE reads from data, l_pac: 4834831, n: 85088
[0000][PE] # candidate unique pairs for (FF, FR, RF, RR): (1, 40364, 3, 1)
[0000][PE] skip orientation FF as there are not enough pairs
[0000][PE] analyzing insert size distribution for orientation FR...
[0000][PE] (25, 50, 75) percentile: (127, 211, 352)
[0000][PE] low and high boundaries for computing mean and std.dev: (1, 802)
[0000][PE] mean and std.dev: (252.69, 164.10)
[0000][PE] low and high boundaries for proper pairs: (1, 1027)
[0000][PE] skip orientation RF as there are not enough pairs
[0000][PE] skip orientation RR as there are not enough pairs
[0000] 3. Calling kt_for - worker_sam
	[0000][ M::mem_process_seqs] Processed 85088 reads in 6.440 CPU sec, 6.105 real sec
[0000] Reallocating initial memory allocations!!
[0000] Calling mem_process_seqs.., task: 1
[0000] 1. Calling kt_for - worker_bwt
[0000] read_chunk: 10000000, work_chunk_size: 10000137, nseq: 85708
	[0000][ M::kt_pipeline] read 85708 sequences (10000137 bp)...
[0000] 2. Calling kt_for - worker_aln
[0000] Inferring insert size distribution of PE reads from data, l_pac: 4834831, n: 85378
[0000][PE] # candidate unique pairs for (FF, FR, RF, RR): (2, 40633, 1, 0)
[0000][PE] skip orientation FF as there are not enough pairs
[0000][PE] analyzing insert size distribution for orientation FR...
[0000][PE] (25, 50, 75) percentile: (125, 207, 343)
[0000][PE] low and high boundaries for computing mean and std.dev: (1, 779)
[0000][PE] mean and std.dev: (245.97, 158.42)
[0000][PE] low and high boundaries for proper pairs: (1, 997)
[0000][PE] skip orientation RF as there are not enough pairs
[0000][PE] skip orientation RR as there are not enough pairs
[0000] 3. Calling kt_for - worker_sam
	[0000][ M::mem_process_seqs] Processed 85378 reads in 6.338 CPU sec, 5.937 real sec
[0000] Reallocating initial memory allocations!!
[0000] Calling mem_process_seqs.., task: 2
[0000] 1. Calling kt_for - worker_bwt
[0000] read_chunk: 10000000, work_chunk_size: 10000154, nseq: 85540
	[0000][ M::kt_pipeline] read 85540 sequences (10000154 bp)...
[0000] 2. Calling kt_for - worker_aln
[0000] Inferring insert size distribution of PE reads from data, l_pac: 4834831, n: 85708
[0000][PE] # candidate unique pairs for (FF, FR, RF, RR): (1, 40755, 1, 4)
[0000][PE] skip orientation FF as there are not enough pairs
[0000][PE] analyzing insert size distribution for orientation FR...
[0000][PE] (25, 50, 75) percentile: (121, 197, 324)
[0000][PE] low and high boundaries for computing mean and std.dev: (1, 730)
[0000][PE] mean and std.dev: (233.72, 148.43)
[0000][PE] low and high boundaries for proper pairs: (1, 933)
[0000][PE] skip orientation RF as there are not enough pairs
[0000][PE] skip orientation RR as there are not enough pairs
[0000] 3. Calling kt_for - worker_sam
	[0000][ M::mem_process_seqs] Processed 85708 reads in 6.482 CPU sec, 6.044 real sec
[0000] Calling mem_process_seqs.., task: 3
[0000] 1. Calling kt_for - worker_bwt
[0000] read_chunk: 10000000, work_chunk_size: 10000078, nseq: 85210
	[0000][ M::kt_pipeline] read 85210 sequences (10000078 bp)...
[0000] 2. Calling kt_for - worker_aln
[0000] Inferring insert size distribution of PE reads from data, l_pac: 4834831, n: 85540
[0000][PE] # candidate unique pairs for (FF, FR, RF, RR): (1, 40634, 1, 5)
[0000][PE] skip orientation FF as there are not enough pairs
[0000][PE] analyzing insert size distribution for orientation FR...
[0000][PE] (25, 50, 75) percentile: (123, 202, 332)
[0000][PE] low and high boundaries for computing mean and std.dev: (1, 750)
[0000][PE] mean and std.dev: (239.58, 153.03)
[0000][PE] low and high boundaries for proper pairs: (1, 959)
[0000][PE] skip orientation RF as there are not enough pairs
[0000][PE] skip orientation RR as there are not enough pairs
[0000] 3. Calling kt_for - worker_sam
	[0000][ M::mem_process_seqs] Processed 85540 reads in 6.514 CPU sec, 6.156 real sec
[0000] Calling mem_process_seqs.., task: 4
[0000] 1. Calling kt_for - worker_bwt
[0000] read_chunk: 10000000, work_chunk_size: 10000227, nseq: 85616
	[0000][ M::kt_pipeline] read 85616 sequences (10000227 bp)...
[0000] 2. Calling kt_for - worker_aln
[0000] Inferring insert size distribution of PE reads from data, l_pac: 4834831, n: 85210
[0000][PE] # candidate unique pairs for (FF, FR, RF, RR): (4, 40560, 1, 0)
[0000][PE] skip orientation FF as there are not enough pairs
[0000][PE] analyzing insert size distribution for orientation FR...
[0000][PE] (25, 50, 75) percentile: (127, 210, 351)
[0000][PE] low and high boundaries for computing mean and std.dev: (1, 799)
[0000][PE] mean and std.dev: (251.37, 163.37)
[0000][PE] low and high boundaries for proper pairs: (1, 1023)
[0000][PE] skip orientation RF as there are not enough pairs
[0000][PE] skip orientation RR as there are not enough pairs
[0000] 3. Calling kt_for - worker_sam
	[0000][ M::mem_process_seqs] Processed 85210 reads in 6.457 CPU sec, 6.025 real sec
[0000] Calling mem_process_seqs.., task: 5
[0000] 1. Calling kt_for - worker_bwt
[0000] read_chunk: 10000000, work_chunk_size: 10000027, nseq: 85898
	[0000][ M::kt_pipeline] read 85898 sequences (10000027 bp)...
[0000] 2. Calling kt_for - worker_aln
[0000] Inferring insert size distribution of PE reads from data, l_pac: 4834831, n: 85616
[0000][PE] # candidate unique pairs for (FF, FR, RF, RR): (0, 40760, 2, 1)
[0000][PE] skip orientation FF as there are not enough pairs
[0000][PE] analyzing insert size distribution for orientation FR...
[0000][PE] (25, 50, 75) percentile: (123, 202, 334)
[0000][PE] low and high boundaries for computing mean and std.dev: (1, 756)
[0000][PE] mean and std.dev: (239.95, 154.00)
[0000][PE] low and high boundaries for proper pairs: (1, 967)
[0000][PE] skip orientation RF as there are not enough pairs
[0000][PE] skip orientation RR as there are not enough pairs
[0000] 3. Calling kt_for - worker_sam
	[0000][ M::mem_process_seqs] Processed 85616 reads in 6.493 CPU sec, 6.142 real sec
[0000] Reallocating initial memory allocations!!
[0000] Calling mem_process_seqs.., task: 6
[0000] 1. Calling kt_for - worker_bwt
[0000] read_chunk: 10000000, work_chunk_size: 10000101, nseq: 84958
	[0000][ M::kt_pipeline] read 84958 sequences (10000101 bp)...
[0000] 2. Calling kt_for - worker_aln
[0000] Inferring insert size distribution of PE reads from data, l_pac: 4834831, n: 85898
[0000][PE] # candidate unique pairs for (FF, FR, RF, RR): (2, 40840, 1, 3)
[0000][PE] skip orientation FF as there are not enough pairs
[0000][PE] analyzing insert size distribution for orientation FR...
[0000][PE] (25, 50, 75) percentile: (120, 196, 326)
[0000][PE] low and high boundaries for computing mean and std.dev: (1, 738)
[0000][PE] mean and std.dev: (233.91, 149.70)
[0000][PE] low and high boundaries for proper pairs: (1, 944)
[0000][PE] skip orientation RF as there are not enough pairs
[0000][PE] skip orientation RR as there are not enough pairs
[0000] 3. Calling kt_for - worker_sam
	[0000][ M::mem_process_seqs] Processed 85898 reads in 6.421 CPU sec, 6.087 real sec
[0000] Calling mem_process_seqs.., task: 7
[0000] 1. Calling kt_for - worker_bwt
[0000] read_chunk: 10000000, work_chunk_size: 10000015, nseq: 85362
	[0000][ M::kt_pipeline] read 85362 sequences (10000015 bp)...
[0000] 2. Calling kt_for - worker_aln
[0000] Inferring insert size distribution of PE reads from data, l_pac: 4834831, n: 84958
[0000][PE] # candidate unique pairs for (FF, FR, RF, RR): (5, 40380, 0, 4)
[0000][PE] skip orientation FF as there are not enough pairs
[0000][PE] analyzing insert size distribution for orientation FR...
[0000][PE] (25, 50, 75) percentile: (129, 211, 349)
[0000][PE] low and high boundaries for computing mean and std.dev: (1, 789)
[0000][PE] mean and std.dev: (250.70, 160.88)
[0000][PE] low and high boundaries for proper pairs: (1, 1009)
[0000][PE] skip orientation RF as there are not enough pairs
[0000][PE] skip orientation RR as there are not enough pairs
[0000] 3. Calling kt_for - worker_sam
	[0000][ M::mem_process_seqs] Processed 84958 reads in 6.636 CPU sec, 6.278 real sec
[0000] Calling mem_process_seqs.., task: 8
[0000] 1. Calling kt_for - worker_bwt
[0000] read_chunk: 10000000, work_chunk_size: 10000079, nseq: 85608
	[0000][ M::kt_pipeline] read 85608 sequences (10000079 bp)...
[0000] 2. Calling kt_for - worker_aln
[0000] Inferring insert size distribution of PE reads from data, l_pac: 4834831, n: 85362
[0000][PE] # candidate unique pairs for (FF, FR, RF, RR): (2, 40634, 2, 2)
[0000][PE] skip orientation FF as there are not enough pairs
[0000][PE] analyzing insert size distribution for orientation FR...
[0000][PE] (25, 50, 75) percentile: (125, 207, 346)
[0000][PE] low and high boundaries for computing mean and std.dev: (1, 788)
[0000][PE] mean and std.dev: (246.57, 159.68)
[0000][PE] low and high boundaries for proper pairs: (1, 1009)
[0000][PE] skip orientation RF as there are not enough pairs
[0000][PE] skip orientation RR as there are not enough pairs
[0000] 3. Calling kt_for - worker_sam
	[0000][ M::mem_process_seqs] Processed 85362 reads in 6.447 CPU sec, 6.119 real sec
[0000] Calling mem_process_seqs.., task: 9
[0000] 1. Calling kt_for - worker_bwt
[0000] read_chunk: 10000000, work_chunk_size: 10000074, nseq: 85754
	[0000][ M::kt_pipeline] read 85754 sequences (10000074 bp)...
[0000] 2. Calling kt_for - worker_aln
[0000] Inferring insert size distribution of PE reads from data, l_pac: 4834831, n: 85608
[0000][PE] # candidate unique pairs for (FF, FR, RF, RR): (0, 40723, 1, 1)
[0000][PE] skip orientation FF as there are not enough pairs
[0000][PE] analyzing insert size distribution for orientation FR...
[0000][PE] (25, 50, 75) percentile: (123, 202, 333)
[0000][PE] low and high boundaries for computing mean and std.dev: (1, 753)
[0000][PE] mean and std.dev: (239.16, 152.89)
[0000][PE] low and high boundaries for proper pairs: (1, 963)
[0000][PE] skip orientation RF as there are not enough pairs
[0000][PE] skip orientation RR as there are not enough pairs
[0000] 3. Calling kt_for - worker_sam
	[0000][ M::mem_process_seqs] Processed 85608 reads in 6.747 CPU sec, 6.376 real sec
[0000] Calling mem_process_seqs.., task: 10
[0000] 1. Calling kt_for - worker_bwt
[0000] read_chunk: 10000000, work_chunk_size: 10000082, nseq: 84952
	[0000][ M::kt_pipeline] read 84952 sequences (10000082 bp)...
[0000] 2. Calling kt_for - worker_aln
[0000] Inferring insert size distribution of PE reads from data, l_pac: 4834831, n: 85754
[0000][PE] # candidate unique pairs for (FF, FR, RF, RR): (2, 40823, 2, 4)
[0000][PE] skip orientation FF as there are not enough pairs
[0000][PE] analyzing insert size distribution for orientation FR...
[0000][PE] (25, 50, 75) percentile: (121, 197, 321)
[0000][PE] low and high boundaries for computing mean and std.dev: (1, 721)
[0000][PE] mean and std.dev: (232.18, 145.94)
[0000][PE] low and high boundaries for proper pairs: (1, 921)
[0000][PE] skip orientation RF as there are not enough pairs
[0000][PE] skip orientation RR as there are not enough pairs
[0000] 3. Calling kt_for - worker_sam
	[0000][ M::mem_process_seqs] Processed 85754 reads in 6.331 CPU sec, 5.948 real sec
[0000] Calling mem_process_seqs.., task: 11
[0000] 1. Calling kt_for - worker_bwt
[0000] read_chunk: 10000000, work_chunk_size: 10000242, nseq: 85438
	[0000][ M::kt_pipeline] read 85438 sequences (10000242 bp)...
[0000] 2. Calling kt_for - worker_aln
[0000] Inferring insert size distribution of PE reads from data, l_pac: 4834831, n: 84952
[0000][PE] # candidate unique pairs for (FF, FR, RF, RR): (1, 40467, 1, 1)
[0000][PE] skip orientation FF as there are not enough pairs
[0000][PE] analyzing insert size distribution for orientation FR...
[0000][PE] (25, 50, 75) percentile: (129, 215, 359)
[0000][PE] low and high boundaries for computing mean and std.dev: (1, 819)
[0000][PE] mean and std.dev: (256.48, 167.95)
[0000][PE] low and high boundaries for proper pairs: (1, 1049)
[0000][PE] skip orientation RF as there are not enough pairs
[0000][PE] skip orientation RR as there are not enough pairs
[0000] 3. Calling kt_for - worker_sam
	[0000][ M::mem_process_seqs] Processed 84952 reads in 6.879 CPU sec, 6.454 real sec
[0000] Calling mem_process_seqs.., task: 12
[0000] 1. Calling kt_for - worker_bwt
[0000] read_chunk: 10000000, work_chunk_size: 10000068, nseq: 85704
	[0000][ M::kt_pipeline] read 85704 sequences (10000068 bp)...
[0000] 2. Calling kt_for - worker_aln
[0000] Inferring insert size distribution of PE reads from data, l_pac: 4834831, n: 85438
[0000][PE] # candidate unique pairs for (FF, FR, RF, RR): (3, 40609, 2, 1)
[0000][PE] skip orientation FF as there are not enough pairs
[0000][PE] analyzing insert size distribution for orientation FR...
[0000][PE] (25, 50, 75) percentile: (125, 207, 343)
[0000][PE] low and high boundaries for computing mean and std.dev: (1, 779)
[0000][PE] mean and std.dev: (245.85, 159.38)
[0000][PE] low and high boundaries for proper pairs: (1, 997)
[0000][PE] skip orientation RF as there are not enough pairs
[0000][PE] skip orientation RR as there are not enough pairs
[0000] 3. Calling kt_for - worker_sam
	[0000][ M::mem_process_seqs] Processed 85438 reads in 6.770 CPU sec, 6.366 real sec
[0000] Calling mem_process_seqs.., task: 13
[0000] 1. Calling kt_for - worker_bwt
[0000] read_chunk: 10000000, work_chunk_size: 10000062, nseq: 85358
	[0000][ M::kt_pipeline] read 85358 sequences (10000062 bp)...
[0000] 2. Calling kt_for - worker_aln
[0000] Inferring insert size distribution of PE reads from data, l_pac: 4834831, n: 85704
[0000][PE] # candidate unique pairs for (FF, FR, RF, RR): (3, 40793, 2, 2)
[0000][PE] skip orientation FF as there are not enough pairs
[0000][PE] analyzing insert size distribution for orientation FR...
[0000][PE] (25, 50, 75) percentile: (123, 199, 329)
[0000][PE] low and high boundaries for computing mean and std.dev: (1, 741)
[0000][PE] mean and std.dev: (236.24, 150.70)
[0000][PE] low and high boundaries for proper pairs: (1, 947)
[0000][PE] skip orientation RF as there are not enough pairs
[0000][PE] skip orientation RR as there are not enough pairs
[0000] 3. Calling kt_for - worker_sam
	[0000][ M::mem_process_seqs] Processed 85704 reads in 6.706 CPU sec, 6.291 real sec
[0000] Calling mem_process_seqs.., task: 14
[0000] 1. Calling kt_for - worker_bwt
[0000] read_chunk: 10000000, work_chunk_size: 10000216, nseq: 85106
	[0000][ M::kt_pipeline] read 85106 sequences (10000216 bp)...
[0000] 2. Calling kt_for - worker_aln
[0000] Inferring insert size distribution of PE reads from data, l_pac: 4834831, n: 85358
[0000][PE] # candidate unique pairs for (FF, FR, RF, RR): (2, 40617, 0, 2)
[0000][PE] skip orientation FF as there are not enough pairs
[0000][PE] analyzing insert size distribution for orientation FR...
[0000][PE] (25, 50, 75) percentile: (124, 202, 335)
[0000][PE] low and high boundaries for computing mean and std.dev: (1, 757)
[0000][PE] mean and std.dev: (241.17, 154.59)
[0000][PE] low and high boundaries for proper pairs: (1, 968)
[0000][PE] skip orientation RF as there are not enough pairs
[0000][PE] skip orientation RR as there are not enough pairs
[0000] 3. Calling kt_for - worker_sam
	[0000][ M::mem_process_seqs] Processed 85358 reads in 6.530 CPU sec, 6.173 real sec
[0000] Calling mem_process_seqs.., task: 15
[0000] 1. Calling kt_for - worker_bwt
[0000] read_chunk: 10000000, work_chunk_size: 10000102, nseq: 85496
	[0000][ M::kt_pipeline] read 85496 sequences (10000102 bp)...
[0000] 2. Calling kt_for - worker_aln
[0000] Inferring insert size distribution of PE reads from data, l_pac: 4834831, n: 85106
[0000][PE] # candidate unique pairs for (FF, FR, RF, RR): (2, 40465, 3, 0)
[0000][PE] skip orientation FF as there are not enough pairs
[0000][PE] analyzing insert size distribution for orientation FR...
[0000][PE] (25, 50, 75) percentile: (128, 212, 351)
[0000][PE] low and high boundaries for computing mean and std.dev: (1, 797)
[0000][PE] mean and std.dev: (251.96, 163.25)
[0000][PE] low and high boundaries for proper pairs: (1, 1020)
[0000][PE] skip orientation RF as there are not enough pairs
[0000][PE] skip orientation RR as there are not enough pairs
[0000] 3. Calling kt_for - worker_sam
	[0000][ M::mem_process_seqs] Processed 85106 reads in 6.594 CPU sec, 6.218 real sec
[0000] Calling mem_process_seqs.., task: 16
[0000] 1. Calling kt_for - worker_bwt
[0000] read_chunk: 10000000, work_chunk_size: 10000153, nseq: 85822
	[0000][ M::kt_pipeline] read 85822 sequences (10000153 bp)...
[0000] 2. Calling kt_for - worker_aln
[0000] Inferring insert size distribution of PE reads from data, l_pac: 4834831, n: 85496
[0000][PE] # candidate unique pairs for (FF, FR, RF, RR): (1, 40623, 2, 2)
[0000][PE] skip orientation FF as there are not enough pairs
[0000][PE] analyzing insert size distribution for orientation FR...
[0000][PE] (25, 50, 75) percentile: (124, 204, 333)
[0000][PE] low and high boundaries for computing mean and std.dev: (1, 751)
[0000][PE] mean and std.dev: (240.22, 153.15)
[0000][PE] low and high boundaries for proper pairs: (1, 960)
[0000][PE] skip orientation RF as there are not enough pairs
[0000][PE] skip orientation RR as there are not enough pairs
[0000] 3. Calling kt_for - worker_sam
	[0000][ M::mem_process_seqs] Processed 85496 reads in 6.361 CPU sec, 5.981 real sec
[0000] Calling mem_process_seqs.., task: 17
[0000] 1. Calling kt_for - worker_bwt
[0000] read_chunk: 10000000, work_chunk_size: 10000244, nseq: 85116
	[0000][ M::kt_pipeline] read 85116 sequences (10000244 bp)...
[0000] 2. Calling kt_for - worker_aln
[0000] Inferring insert size distribution of PE reads from data, l_pac: 4834831, n: 85822
[0000][PE] # candidate unique pairs for (FF, FR, RF, RR): (2, 40889, 1, 2)
[0000][PE] skip orientation FF as there are not enough pairs
[0000][PE] analyzing insert size distribution for orientation FR...
[0000][PE] (25, 50, 75) percentile: (122, 196, 319)
[0000][PE] low and high boundaries for computing mean and std.dev: (1, 713)
[0000][PE] mean and std.dev: (231.03, 144.67)
[0000][PE] low and high boundaries for proper pairs: (1, 910)
[0000][PE] skip orientation RF as there are not enough pairs
[0000][PE] skip orientation RR as there are not enough pairs
[0000] 3. Calling kt_for - worker_sam
	[0000][ M::mem_process_seqs] Processed 85822 reads in 6.305 CPU sec, 5.968 real sec
[0000] Calling mem_process_seqs.., task: 18
[0000] 1. Calling kt_for - worker_bwt
[0000] read_chunk: 10000000, work_chunk_size: 10000137, nseq: 85178
	[0000][ M::kt_pipeline] read 85178 sequences (10000137 bp)...
[0000] 2. Calling kt_for - worker_aln
[0000] Inferring insert size distribution of PE reads from data, l_pac: 4834831, n: 85116
[0000][PE] # candidate unique pairs for (FF, FR, RF, RR): (2, 40506, 0, 2)
[0000][PE] skip orientation FF as there are not enough pairs
[0000][PE] analyzing insert size distribution for orientation FR...
[0000][PE] (25, 50, 75) percentile: (126, 206, 344)
[0000][PE] low and high boundaries for computing mean and std.dev: (1, 780)
[0000][PE] mean and std.dev: (246.81, 158.52)
[0000][PE] low and high boundaries for proper pairs: (1, 998)
[0000][PE] skip orientation RF as there are not enough pairs
[0000][PE] skip orientation RR as there are not enough pairs
[0000] 3. Calling kt_for - worker_sam
	[0000][ M::mem_process_seqs] Processed 85116 reads in 6.459 CPU sec, 6.048 real sec
[0000] Calling mem_process_seqs.., task: 19
[0000] 1. Calling kt_for - worker_bwt
[0000] read_chunk: 10000000, work_chunk_size: 10000117, nseq: 85512
	[0000][ M::kt_pipeline] read 85512 sequences (10000117 bp)...
[0000] 2. Calling kt_for - worker_aln
[0000] Inferring insert size distribution of PE reads from data, l_pac: 4834831, n: 85178
[0000][PE] # candidate unique pairs for (FF, FR, RF, RR): (1, 40553, 0, 0)
[0000][PE] skip orientation FF as there are not enough pairs
[0000][PE] analyzing insert size distribution for orientation FR...
[0000][PE] (25, 50, 75) percentile: (127, 210, 346)
[0000][PE] low and high boundaries for computing mean and std.dev: (1, 784)
[0000][PE] mean and std.dev: (249.40, 160.98)
[0000][PE] low and high boundaries for proper pairs: (1, 1003)
[0000][PE] skip orientation RF as there are not enough pairs
[0000][PE] skip orientation RR as there are not enough pairs
[0000] 3. Calling kt_for - worker_sam
	[0000][ M::mem_process_seqs] Processed 85178 reads in 6.354 CPU sec, 6.030 real sec
[0000] Calling mem_process_seqs.., task: 20
[0000] 1. Calling kt_for - worker_bwt
[0000] read_chunk: 10000000, work_chunk_size: 10000044, nseq: 85738
	[0000][ M::kt_pipeline] read 85738 sequences (10000044 bp)...
[0000] 2. Calling kt_for - worker_aln
[0000] Inferring insert size distribution of PE reads from data, l_pac: 4834831, n: 85512
[0000][PE] # candidate unique pairs for (FF, FR, RF, RR): (1, 40706, 2, 1)
[0000][PE] skip orientation FF as there are not enough pairs
[0000][PE] analyzing insert size distribution for orientation FR...
[0000][PE] (25, 50, 75) percentile: (123, 201, 333)
[0000][PE] low and high boundaries for computing mean and std.dev: (1, 753)
[0000][PE] mean and std.dev: (238.72, 152.46)
[0000][PE] low and high boundaries for proper pairs: (1, 963)
[0000][PE] skip orientation RF as there are not enough pairs
[0000][PE] skip orientation RR as there are not enough pairs
[0000] 3. Calling kt_for - worker_sam
	[0000][ M::mem_process_seqs] Processed 85512 reads in 6.752 CPU sec, 6.346 real sec
[0000] Calling mem_process_seqs.., task: 21
[0000] 1. Calling kt_for - worker_bwt
[0000] read_chunk: 10000000, work_chunk_size: 10000194, nseq: 84910
	[0000][ M::kt_pipeline] read 84910 sequences (10000194 bp)...
[0000] 2. Calling kt_for - worker_aln
[0000] Inferring insert size distribution of PE reads from data, l_pac: 4834831, n: 85738
[0000][PE] # candidate unique pairs for (FF, FR, RF, RR): (1, 40745, 1, 0)
[0000][PE] skip orientation FF as there are not enough pairs
[0000][PE] analyzing insert size distribution for orientation FR...
[0000][PE] (25, 50, 75) percentile: (121, 196, 321)
[0000][PE] low and high boundaries for computing mean and std.dev: (1, 721)
[0000][PE] mean and std.dev: (231.26, 145.48)
[0000][PE] low and high boundaries for proper pairs: (1, 921)
[0000][PE] skip orientation RF as there are not enough pairs
[0000][PE] skip orientation RR as there are not enough pairs
[0000] 3. Calling kt_for - worker_sam
	[0000][ M::mem_process_seqs] Processed 85738 reads in 6.908 CPU sec, 6.523 real sec
[0000] Calling mem_process_seqs.., task: 22
[0000] 1. Calling kt_for - worker_bwt
[0000] read_chunk: 10000000, work_chunk_size: 10000144, nseq: 85208
	[0000][ M::kt_pipeline] read 85208 sequences (10000144 bp)...
[0000] 2. Calling kt_for - worker_aln
[0000] Inferring insert size distribution of PE reads from data, l_pac: 4834831, n: 84910
[0000][PE] # candidate unique pairs for (FF, FR, RF, RR): (1, 40336, 0, 4)
[0000][PE] skip orientation FF as there are not enough pairs
[0000][PE] analyzing insert size distribution for orientation FR...
[0000][PE] (25, 50, 75) percentile: (129, 212, 353)
[0000][PE] low and high boundaries for computing mean and std.dev: (1, 801)
[0000][PE] mean and std.dev: (252.58, 163.02)
[0000][PE] low and high boundaries for proper pairs: (1, 1025)
[0000][PE] skip orientation RF as there are not enough pairs
[0000][PE] skip orientation RR as there are not enough pairs
[0000] 3. Calling kt_for - worker_sam
	[0000][ M::mem_process_seqs] Processed 84910 reads in 6.887 CPU sec, 6.478 real sec
[0000] Calling mem_process_seqs.., task: 23
[0000] 1. Calling kt_for - worker_bwt
[0000] read_chunk: 10000000, work_chunk_size: 10000179, nseq: 85544
	[0000][ M::kt_pipeline] read 85544 sequences (10000179 bp)...
[0000] 2. Calling kt_for - worker_aln
[0000] Inferring insert size distribution of PE reads from data, l_pac: 4834831, n: 85208
[0000][PE] # candidate unique pairs for (FF, FR, RF, RR): (3, 40451, 0, 1)
[0000][PE] skip orientation FF as there are not enough pairs
[0000][PE] analyzing insert size distribution for orientation FR...
[0000][PE] (25, 50, 75) percentile: (127, 210, 352)
[0000][PE] low and high boundaries for computing mean and std.dev: (1, 802)
[0000][PE] mean and std.dev: (251.51, 164.38)
[0000][PE] low and high boundaries for proper pairs: (1, 1027)
[0000][PE] skip orientation RF as there are not enough pairs
[0000][PE] skip orientation RR as there are not enough pairs
[0000] 3. Calling kt_for - worker_sam
	[0000][ M::mem_process_seqs] Processed 85208 reads in 6.425 CPU sec, 5.991 real sec
[0000] Calling mem_process_seqs.., task: 24
[0000] 1. Calling kt_for - worker_bwt
[0000] read_chunk: 10000000, work_chunk_size: 10000025, nseq: 85534
	[0000][ M::kt_pipeline] read 85534 sequences (10000025 bp)...
[0000] 2. Calling kt_for - worker_aln
[0000] Inferring insert size distribution of PE reads from data, l_pac: 4834831, n: 85544
[0000][PE] # candidate unique pairs for (FF, FR, RF, RR): (1, 40786, 3, 3)
[0000][PE] skip orientation FF as there are not enough pairs
[0000][PE] analyzing insert size distribution for orientation FR...
[0000][PE] (25, 50, 75) percentile: (123, 203, 334)
[0000][PE] low and high boundaries for computing mean and std.dev: (1, 756)
[0000][PE] mean and std.dev: (240.00, 153.16)
[0000][PE] low and high boundaries for proper pairs: (1, 967)
[0000][PE] skip orientation RF as there are not enough pairs
[0000][PE] skip orientation RR as there are not enough pairs
[0000] 3. Calling kt_for - worker_sam
	[0000][ M::mem_process_seqs] Processed 85544 reads in 6.255 CPU sec, 5.926 real sec
[0000] Calling mem_process_seqs.., task: 25
[0000] 1. Calling kt_for - worker_bwt
[0000] read_chunk: 10000000, work_chunk_size: 10000212, nseq: 84974
	[0000][ M::kt_pipeline] read 84974 sequences (10000212 bp)...
[0000] 2. Calling kt_for - worker_aln
[0000] Inferring insert size distribution of PE reads from data, l_pac: 4834831, n: 85534
[0000][PE] # candidate unique pairs for (FF, FR, RF, RR): (0, 40657, 1, 1)
[0000][PE] skip orientation FF as there are not enough pairs
[0000][PE] analyzing insert size distribution for orientation FR...
[0000][PE] (25, 50, 75) percentile: (123, 200, 327)
[0000][PE] low and high boundaries for computing mean and std.dev: (1, 735)
[0000][PE] mean and std.dev: (236.76, 149.78)
[0000][PE] low and high boundaries for proper pairs: (1, 939)
[0000][PE] skip orientation RF as there are not enough pairs
[0000][PE] skip orientation RR as there are not enough pairs
[0000] 3. Calling kt_for - worker_sam
	[0000][ M::mem_process_seqs] Processed 85534 reads in 6.238 CPU sec, 5.871 real sec
[0000] Calling mem_process_seqs.., task: 26
[0000] 1. Calling kt_for - worker_bwt
[0000] 2. Calling kt_for - worker_aln
[0000] Inferring insert size distribution of PE reads from data, l_pac: 4834831, n: 84974
[0000][PE] # candidate unique pairs for (FF, FR, RF, RR): (0, 40306, 4, 0)
[0000][PE] skip orientation FF as there are not enough pairs
[0000][PE] analyzing insert size distribution for orientation FR...
[0000][PE] (25, 50, 75) percentile: (130, 216, 359)
[0000][PE] low and high boundaries for computing mean and std.dev: (1, 817)
[0000][PE] mean and std.dev: (256.97, 167.78)
[0000][PE] low and high boundaries for proper pairs: (1, 1046)
[0000][PE] skip orientation RF as there are not enough pairs
[0000][PE] skip orientation RR as there are not enough pairs
[0000] 3. Calling kt_for - worker_sam
	[0000][ M::mem_process_seqs] Processed 84974 reads in 6.305 CPU sec, 6.260 real sec
[0000] read_chunk: 10000000, work_chunk_size: 10000109, nseq: 85264
	[0000][ M::kt_pipeline] read 85264 sequences (10000109 bp)...
[0000] Calling mem_process_seqs.., task: 27
[0000] 1. Calling kt_for - worker_bwt
[0000] read_chunk: 10000000, work_chunk_size: 10000037, nseq: 85594
	[0000][ M::kt_pipeline] read 85594 sequences (10000037 bp)...
[0000] 2. Calling kt_for - worker_aln
[0000] Inferring insert size distribution of PE reads from data, l_pac: 4834831, n: 85264
[0000][PE] # candidate unique pairs for (FF, FR, RF, RR): (1, 40404, 4, 3)
[0000][PE] skip orientation FF as there are not enough pairs
[0000][PE] analyzing insert size distribution for orientation FR...
[0000][PE] (25, 50, 75) percentile: (126, 209, 344)
[0000][PE] low and high boundaries for computing mean and std.dev: (1, 780)
[0000][PE] mean and std.dev: (246.88, 158.38)
[0000][PE] low and high boundaries for proper pairs: (1, 998)
[0000][PE] skip orientation RF as there are not enough pairs
[0000][PE] skip orientation RR as there are not enough pairs
[0000] 3. Calling kt_for - worker_sam
	[0000][ M::mem_process_seqs] Processed 85264 reads in 6.199 CPU sec, 5.916 real sec
[0000] Calling mem_process_seqs.., task: 28
[0000] 1. Calling kt_for - worker_bwt
[0000] read_chunk: 10000000, work_chunk_size: 6602681, nseq: 56570
	[0000][ M::kt_pipeline] read 56570 sequences (6602681 bp)...
[0000] 2. Calling kt_for - worker_aln
[0000] Inferring insert size distribution of PE reads from data, l_pac: 4834831, n: 85594
[0000][PE] # candidate unique pairs for (FF, FR, RF, RR): (1, 40746, 2, 2)
[0000][PE] skip orientation FF as there are not enough pairs
[0000][PE] analyzing insert size distribution for orientation FR...
[0000][PE] (25, 50, 75) percentile: (123, 199, 327)
[0000][PE] low and high boundaries for computing mean and std.dev: (1, 735)
[0000][PE] mean and std.dev: (235.70, 149.75)
[0000][PE] low and high boundaries for proper pairs: (1, 939)
[0000][PE] skip orientation RF as there are not enough pairs
[0000][PE] skip orientation RR as there are not enough pairs
[0000] 3. Calling kt_for - worker_sam
	[0000][ M::mem_process_seqs] Processed 85594 reads in 6.257 CPU sec, 5.940 real sec
[0000] Calling mem_process_seqs.., task: 29
[0000] 1. Calling kt_for - worker_bwt
[0000] read_chunk: 10000000, work_chunk_size: 0, nseq: 0
[0000] 2. Calling kt_for - worker_aln
[0000] Inferring insert size distribution of PE reads from data, l_pac: 4834831, n: 56570
[0000][PE] # candidate unique pairs for (FF, FR, RF, RR): (1, 26871, 1, 1)
[0000][PE] skip orientation FF as there are not enough pairs
[0000][PE] analyzing insert size distribution for orientation FR...
[0000][PE] (25, 50, 75) percentile: (122, 198, 322)
[0000][PE] low and high boundaries for computing mean and std.dev: (1, 722)
[0000][PE] mean and std.dev: (233.09, 146.80)
[0000][PE] low and high boundaries for proper pairs: (1, 922)
[0000][PE] skip orientation RF as there are not enough pairs
[0000][PE] skip orientation RR as there are not enough pairs
[0000] 3. Calling kt_for - worker_sam
	[0000][ M::mem_process_seqs] Processed 56570 reads in 4.199 CPU sec, 4.096 real sec
[0000] read_chunk: 10000000, work_chunk_size: 0, nseq: 0
[0000] Computation ends..
No. of OMP threads: 1
Processor is runnig @2200.177056 MHz
Runtime profile:

	Time taken for main_mem function: 185.98 sec

	IO times (sec) :
	Reading IO time (reads) avg: 8.25, (8.25, 8.25)
	Writing IO time (SAM) avg: 14.30, (14.30, 14.30)
	Reading IO time (Reference Genome) avg: 0.05, (0.05, 0.05)
	Index read time avg: 0.31, (0.31, 0.31)

	Overall time (sec) (Excluding Index reading time):
	PROCESS() (Total compute time + (read + SAM) IO time) : 185.62
	MEM_PROCESS_SEQ() (Total compute time (Kernel + SAM)), avg: 182.08, (182.08, 182.08)

	 SAM Processing time (sec):
	--WORKER_SAM avg: 15.01, (15.01, 15.01)

	Kernels' compute time (sec):
	Total kernel (smem+sal+bsw) time avg: 166.60, (166.60, 166.60)
		SMEM compute avg: 124.97, (124.97, 124.97)
		SAL compute avg: 6.96, (6.96, 6.96)
		BSW time, avg: 33.28, (33.28, 33.28)

	Total re-allocs: 2477370 out of total requests: 2560128, Rate: 0.97

Important parameter settings: 
	BATCH_SIZE: 512
	MAX_SEQ_LEN_REF: 256
	MAX_SEQ_LEN_QER: 128
	MAX_SEQ_LEN8: 128
	SEEDS_PER_READ: 500
	SIMD_WIDTH8 X: 32
	SIMD_WIDTH16 X: 16
	AVG_SEEDS_PER_READ: 64
[bam_sort_core] merging from 1 files and 1 in-memory blocks...
