-----------------------------
Executing in AVX2 mode!!
-----------------------------
* Ref file: data/assembled/Sample_Maccabi_Ecoli_SeqPlate5_B1/assembly
* Entering FMI_search
* Index file found. Loading index from data/assembled/Sample_Maccabi_Ecoli_SeqPlate5_B1/assembly.bwt.8bit.32
* Reference seq len for bi-index = 9669663
* Count:
0,	1
1,	2382781
2,	4834832
3,	7286883
4,	9669663

* Reading other elements of the index from files data/assembled/Sample_Maccabi_Ecoli_SeqPlate5_B1/assembly
* Index prefix: data/assembled/Sample_Maccabi_Ecoli_SeqPlate5_B1/assembly
* Read 0 ALT contigs
* Done reading Index!!
* Reading reference genome..
* Binary seq file = data/assembled/Sample_Maccabi_Ecoli_SeqPlate5_B1/assembly.0123
* Reference genome size: 9669662 bp
* Done reading reference genome !!

------------------------------------------
1. Memory pre-allocation for Chaining: 139.3584 MB
2. Memory pre-allocation for BSW: 239.6170 MB
3. Memory pre-allocation for BWT: 77.3142 MB
------------------------------------------
* Threads used (compute): 1
* No. of pipeline threads: 2

[0000] read_chunk: 10000000, work_chunk_size: 10000205, nseq: 84714
	[0000][ M::kt_pipeline] read 84714 sequences (10000205 bp)...
[0000] Reallocating initial memory allocations!!
[0000] Calling mem_process_seqs.., task: 0
[0000] 1. Calling kt_for - worker_bwt
[0000] read_chunk: 10000000, work_chunk_size: 10000076, nseq: 84906
	[0000][ M::kt_pipeline] read 84906 sequences (10000076 bp)...
[0000] 2. Calling kt_for - worker_aln
[0000] Inferring insert size distribution of PE reads from data, l_pac: 4834831, n: 84714
[0000][PE] # candidate unique pairs for (FF, FR, RF, RR): (1, 40657, 1, 1)
[0000][PE] skip orientation FF as there are not enough pairs
[0000][PE] analyzing insert size distribution for orientation FR...
[0000][PE] (25, 50, 75) percentile: (127, 191, 281)
[0000][PE] low and high boundaries for computing mean and std.dev: (1, 589)
[0000][PE] mean and std.dev: (212.40, 112.03)
[0000][PE] low and high boundaries for proper pairs: (1, 743)
[0000][PE] skip orientation RF as there are not enough pairs
[0000][PE] skip orientation RR as there are not enough pairs
[0000] 3. Calling kt_for - worker_sam
	[0000][ M::mem_process_seqs] Processed 84714 reads in 6.381 CPU sec, 6.058 real sec
[0000] Reallocating initial memory allocations!!
[0000] Calling mem_process_seqs.., task: 1
[0000] 1. Calling kt_for - worker_bwt
[0000] read_chunk: 10000000, work_chunk_size: 10000159, nseq: 85108
	[0000][ M::kt_pipeline] read 85108 sequences (10000159 bp)...
[0000] 2. Calling kt_for - worker_aln
[0000] Inferring insert size distribution of PE reads from data, l_pac: 4834831, n: 84906
[0000][PE] # candidate unique pairs for (FF, FR, RF, RR): (1, 40583, 1, 0)
[0000][PE] skip orientation FF as there are not enough pairs
[0000][PE] analyzing insert size distribution for orientation FR...
[0000][PE] (25, 50, 75) percentile: (126, 188, 277)
[0000][PE] low and high boundaries for computing mean and std.dev: (1, 579)
[0000][PE] mean and std.dev: (208.72, 109.88)
[0000][PE] low and high boundaries for proper pairs: (1, 730)
[0000][PE] skip orientation RF as there are not enough pairs
[0000][PE] skip orientation RR as there are not enough pairs
[0000] 3. Calling kt_for - worker_sam
	[0000][ M::mem_process_seqs] Processed 84906 reads in 6.345 CPU sec, 5.940 real sec
[0000] Reallocating initial memory allocations!!
[0000] Calling mem_process_seqs.., task: 2
[0000] 1. Calling kt_for - worker_bwt
[0000] read_chunk: 10000000, work_chunk_size: 10000082, nseq: 85242
	[0000][ M::kt_pipeline] read 85242 sequences (10000082 bp)...
[0000] 2. Calling kt_for - worker_aln
[0000] Inferring insert size distribution of PE reads from data, l_pac: 4834831, n: 85108
[0000][PE] # candidate unique pairs for (FF, FR, RF, RR): (2, 40734, 3, 0)
[0000][PE] skip orientation FF as there are not enough pairs
[0000][PE] analyzing insert size distribution for orientation FR...
[0000][PE] (25, 50, 75) percentile: (124, 185, 272)
[0000][PE] low and high boundaries for computing mean and std.dev: (1, 568)
[0000][PE] mean and std.dev: (205.52, 108.16)
[0000][PE] low and high boundaries for proper pairs: (1, 716)
[0000][PE] skip orientation RF as there are not enough pairs
[0000][PE] skip orientation RR as there are not enough pairs
[0000] 3. Calling kt_for - worker_sam
	[0000][ M::mem_process_seqs] Processed 85108 reads in 6.270 CPU sec, 5.922 real sec
[0000] Reallocating initial memory allocations!!
[0000] Calling mem_process_seqs.., task: 3
[0000] 1. Calling kt_for - worker_bwt
[0000] read_chunk: 10000000, work_chunk_size: 10000242, nseq: 85524
	[0000][ M::kt_pipeline] read 85524 sequences (10000242 bp)...
[0000] 2. Calling kt_for - worker_aln
[0000] Inferring insert size distribution of PE reads from data, l_pac: 4834831, n: 85242
[0000][PE] # candidate unique pairs for (FF, FR, RF, RR): (0, 40826, 0, 1)
[0000][PE] skip orientation FF as there are not enough pairs
[0000][PE] analyzing insert size distribution for orientation FR...
[0000][PE] (25, 50, 75) percentile: (123, 184, 270)
[0000][PE] low and high boundaries for computing mean and std.dev: (1, 564)
[0000][PE] mean and std.dev: (204.15, 107.14)
[0000][PE] low and high boundaries for proper pairs: (1, 711)
[0000][PE] skip orientation RF as there are not enough pairs
[0000][PE] skip orientation RR as there are not enough pairs
[0000] 3. Calling kt_for - worker_sam
	[0000][ M::mem_process_seqs] Processed 85242 reads in 6.459 CPU sec, 6.042 real sec
[0000] Reallocating initial memory allocations!!
[0000] Calling mem_process_seqs.., task: 4
[0000] 1. Calling kt_for - worker_bwt
[0000] read_chunk: 10000000, work_chunk_size: 10000021, nseq: 85584
	[0000][ M::kt_pipeline] read 85584 sequences (10000021 bp)...
[0000] 2. Calling kt_for - worker_aln
[0000] Inferring insert size distribution of PE reads from data, l_pac: 4834831, n: 85524
[0000][PE] # candidate unique pairs for (FF, FR, RF, RR): (1, 40963, 0, 0)
[0000][PE] skip orientation FF as there are not enough pairs
[0000][PE] analyzing insert size distribution for orientation FR...
[0000][PE] (25, 50, 75) percentile: (121, 181, 265)
[0000][PE] low and high boundaries for computing mean and std.dev: (1, 553)
[0000][PE] mean and std.dev: (199.82, 104.43)
[0000][PE] low and high boundaries for proper pairs: (1, 697)
[0000][PE] skip orientation RF as there are not enough pairs
[0000][PE] skip orientation RR as there are not enough pairs
[0000] 3. Calling kt_for - worker_sam
	[0000][ M::mem_process_seqs] Processed 85524 reads in 6.455 CPU sec, 6.076 real sec
[0000] Reallocating initial memory allocations!!
[0000] Calling mem_process_seqs.., task: 5
[0000] 1. Calling kt_for - worker_bwt
[0000] read_chunk: 10000000, work_chunk_size: 10000248, nseq: 84938
	[0000][ M::kt_pipeline] read 84938 sequences (10000248 bp)...
[0000] 2. Calling kt_for - worker_aln
[0000] Inferring insert size distribution of PE reads from data, l_pac: 4834831, n: 85584
[0000][PE] # candidate unique pairs for (FF, FR, RF, RR): (1, 40987, 0, 0)
[0000][PE] skip orientation FF as there are not enough pairs
[0000][PE] analyzing insert size distribution for orientation FR...
[0000][PE] (25, 50, 75) percentile: (121, 180, 263)
[0000][PE] low and high boundaries for computing mean and std.dev: (1, 547)
[0000][PE] mean and std.dev: (198.80, 103.51)
[0000][PE] low and high boundaries for proper pairs: (1, 689)
[0000][PE] skip orientation RF as there are not enough pairs
[0000][PE] skip orientation RR as there are not enough pairs
[0000] 3. Calling kt_for - worker_sam
	[0000][ M::mem_process_seqs] Processed 85584 reads in 6.715 CPU sec, 6.384 real sec
[0000] Calling mem_process_seqs.., task: 6
[0000] 1. Calling kt_for - worker_bwt
[0000] read_chunk: 10000000, work_chunk_size: 10000132, nseq: 84876
	[0000][ M::kt_pipeline] read 84876 sequences (10000132 bp)...
[0000] 2. Calling kt_for - worker_aln
[0000] Inferring insert size distribution of PE reads from data, l_pac: 4834831, n: 84938
[0000][PE] # candidate unique pairs for (FF, FR, RF, RR): (0, 40675, 0, 1)
[0000][PE] skip orientation FF as there are not enough pairs
[0000][PE] analyzing insert size distribution for orientation FR...
[0000][PE] (25, 50, 75) percentile: (125, 185, 272)
[0000][PE] low and high boundaries for computing mean and std.dev: (1, 566)
[0000][PE] mean and std.dev: (205.70, 107.64)
[0000][PE] low and high boundaries for proper pairs: (1, 713)
[0000][PE] skip orientation RF as there are not enough pairs
[0000][PE] skip orientation RR as there are not enough pairs
[0000] 3. Calling kt_for - worker_sam
	[0000][ M::mem_process_seqs] Processed 84938 reads in 6.949 CPU sec, 6.552 real sec
[0000] Calling mem_process_seqs.., task: 7
[0000] 1. Calling kt_for - worker_bwt
[0000] read_chunk: 10000000, work_chunk_size: 10000046, nseq: 85094
	[0000][ M::kt_pipeline] read 85094 sequences (10000046 bp)...
[0000] 2. Calling kt_for - worker_aln
[0000] Inferring insert size distribution of PE reads from data, l_pac: 4834831, n: 84876
[0000][PE] # candidate unique pairs for (FF, FR, RF, RR): (1, 40639, 0, 2)
[0000][PE] skip orientation FF as there are not enough pairs
[0000][PE] analyzing insert size distribution for orientation FR...
[0000][PE] (25, 50, 75) percentile: (126, 189, 280)
[0000][PE] low and high boundaries for computing mean and std.dev: (1, 588)
[0000][PE] mean and std.dev: (210.81, 112.24)
[0000][PE] low and high boundaries for proper pairs: (1, 742)
[0000][PE] skip orientation RF as there are not enough pairs
[0000][PE] skip orientation RR as there are not enough pairs
[0000] 3. Calling kt_for - worker_sam
	[0000][ M::mem_process_seqs] Processed 84876 reads in 6.501 CPU sec, 6.093 real sec
[0000] Calling mem_process_seqs.., task: 8
[0000] 1. Calling kt_for - worker_bwt
[0000] read_chunk: 10000000, work_chunk_size: 10000203, nseq: 85086
	[0000][ M::kt_pipeline] read 85086 sequences (10000203 bp)...
[0000] 2. Calling kt_for - worker_aln
[0000] Inferring insert size distribution of PE reads from data, l_pac: 4834831, n: 85094
[0000][PE] # candidate unique pairs for (FF, FR, RF, RR): (1, 40777, 2, 0)
[0000][PE] skip orientation FF as there are not enough pairs
[0000][PE] analyzing insert size distribution for orientation FR...
[0000][PE] (25, 50, 75) percentile: (125, 187, 274)
[0000][PE] low and high boundaries for computing mean and std.dev: (1, 572)
[0000][PE] mean and std.dev: (206.76, 108.90)
[0000][PE] low and high boundaries for proper pairs: (1, 721)
[0000][PE] skip orientation RF as there are not enough pairs
[0000][PE] skip orientation RR as there are not enough pairs
[0000] 3. Calling kt_for - worker_sam
	[0000][ M::mem_process_seqs] Processed 85094 reads in 6.841 CPU sec, 6.423 real sec
[0000] Calling mem_process_seqs.., task: 9
[0000] 1. Calling kt_for - worker_bwt
[0000] read_chunk: 10000000, work_chunk_size: 10000034, nseq: 85436
	[0000][ M::kt_pipeline] read 85436 sequences (10000034 bp)...
[0000] 2. Calling kt_for - worker_aln
[0000] Inferring insert size distribution of PE reads from data, l_pac: 4834831, n: 85086
[0000][PE] # candidate unique pairs for (FF, FR, RF, RR): (0, 40801, 0, 1)
[0000][PE] skip orientation FF as there are not enough pairs
[0000][PE] analyzing insert size distribution for orientation FR...
[0000][PE] (25, 50, 75) percentile: (125, 186, 273)
[0000][PE] low and high boundaries for computing mean and std.dev: (1, 569)
[0000][PE] mean and std.dev: (206.14, 107.88)
[0000][PE] low and high boundaries for proper pairs: (1, 717)
[0000][PE] skip orientation RF as there are not enough pairs
[0000][PE] skip orientation RR as there are not enough pairs
[0000] 3. Calling kt_for - worker_sam
	[0000][ M::mem_process_seqs] Processed 85086 reads in 6.832 CPU sec, 6.479 real sec
[0000] Calling mem_process_seqs.., task: 10
[0000] 1. Calling kt_for - worker_bwt
[0000] read_chunk: 10000000, work_chunk_size: 10000051, nseq: 85658
	[0000][ M::kt_pipeline] read 85658 sequences (10000051 bp)...
[0000] 2. Calling kt_for - worker_aln
[0000] Inferring insert size distribution of PE reads from data, l_pac: 4834831, n: 85436
[0000][PE] # candidate unique pairs for (FF, FR, RF, RR): (0, 40885, 1, 1)
[0000][PE] skip orientation FF as there are not enough pairs
[0000][PE] analyzing insert size distribution for orientation FR...
[0000][PE] (25, 50, 75) percentile: (122, 182, 269)
[0000][PE] low and high boundaries for computing mean and std.dev: (1, 563)
[0000][PE] mean and std.dev: (202.62, 106.61)
[0000][PE] low and high boundaries for proper pairs: (1, 710)
[0000][PE] skip orientation RF as there are not enough pairs
[0000][PE] skip orientation RR as there are not enough pairs
[0000] 3. Calling kt_for - worker_sam
	[0000][ M::mem_process_seqs] Processed 85436 reads in 6.666 CPU sec, 6.258 real sec
[0000] Reallocating initial memory allocations!!
[0000] Calling mem_process_seqs.., task: 11
[0000] 1. Calling kt_for - worker_bwt
[0000] read_chunk: 10000000, work_chunk_size: 10000033, nseq: 85370
	[0000][ M::kt_pipeline] read 85370 sequences (10000033 bp)...
[0000] 2. Calling kt_for - worker_aln
[0000] Inferring insert size distribution of PE reads from data, l_pac: 4834831, n: 85658
[0000][PE] # candidate unique pairs for (FF, FR, RF, RR): (1, 41002, 0, 0)
[0000][PE] skip orientation FF as there are not enough pairs
[0000][PE] analyzing insert size distribution for orientation FR...
[0000][PE] (25, 50, 75) percentile: (120, 179, 264)
[0000][PE] low and high boundaries for computing mean and std.dev: (1, 552)
[0000][PE] mean and std.dev: (199.11, 104.61)
[0000][PE] low and high boundaries for proper pairs: (1, 696)
[0000][PE] skip orientation RF as there are not enough pairs
[0000][PE] skip orientation RR as there are not enough pairs
[0000] 3. Calling kt_for - worker_sam
	[0000][ M::mem_process_seqs] Processed 85658 reads in 6.738 CPU sec, 6.331 real sec
[0000] Calling mem_process_seqs.., task: 12
[0000] 1. Calling kt_for - worker_bwt
[0000] read_chunk: 10000000, work_chunk_size: 10000047, nseq: 84756
	[0000][ M::kt_pipeline] read 84756 sequences (10000047 bp)...
[0000] 2. Calling kt_for - worker_aln
[0000] Inferring insert size distribution of PE reads from data, l_pac: 4834831, n: 85370
[0000][PE] # candidate unique pairs for (FF, FR, RF, RR): (0, 40905, 3, 0)
[0000][PE] skip orientation FF as there are not enough pairs
[0000][PE] analyzing insert size distribution for orientation FR...
[0000][PE] (25, 50, 75) percentile: (121, 181, 265)
[0000][PE] low and high boundaries for computing mean and std.dev: (1, 553)
[0000][PE] mean and std.dev: (200.06, 104.16)
[0000][PE] low and high boundaries for proper pairs: (1, 697)
[0000][PE] skip orientation RF as there are not enough pairs
[0000][PE] skip orientation RR as there are not enough pairs
[0000] 3. Calling kt_for - worker_sam
	[0000][ M::mem_process_seqs] Processed 85370 reads in 6.828 CPU sec, 6.458 real sec
[0000] Calling mem_process_seqs.., task: 13
[0000] 1. Calling kt_for - worker_bwt
[0000] read_chunk: 10000000, work_chunk_size: 10000032, nseq: 84866
	[0000][ M::kt_pipeline] read 84866 sequences (10000032 bp)...
[0000] 2. Calling kt_for - worker_aln
[0000] Inferring insert size distribution of PE reads from data, l_pac: 4834831, n: 84756
[0000][PE] # candidate unique pairs for (FF, FR, RF, RR): (2, 40603, 1, 1)
[0000][PE] skip orientation FF as there are not enough pairs
[0000][PE] analyzing insert size distribution for orientation FR...
[0000][PE] (25, 50, 75) percentile: (127, 190, 279)
[0000][PE] low and high boundaries for computing mean and std.dev: (1, 583)
[0000][PE] mean and std.dev: (210.35, 110.37)
[0000][PE] low and high boundaries for proper pairs: (1, 735)
[0000][PE] skip orientation RF as there are not enough pairs
[0000][PE] skip orientation RR as there are not enough pairs
[0000] 3. Calling kt_for - worker_sam
	[0000][ M::mem_process_seqs] Processed 84756 reads in 6.639 CPU sec, 6.222 real sec
[0000] Calling mem_process_seqs.., task: 14
[0000] 1. Calling kt_for - worker_bwt
[0000] read_chunk: 10000000, work_chunk_size: 10000180, nseq: 85054
	[0000][ M::kt_pipeline] read 85054 sequences (10000180 bp)...
[0000] 2. Calling kt_for - worker_aln
[0000] Inferring insert size distribution of PE reads from data, l_pac: 4834831, n: 84866
[0000][PE] # candidate unique pairs for (FF, FR, RF, RR): (2, 40682, 0, 0)
[0000][PE] skip orientation FF as there are not enough pairs
[0000][PE] analyzing insert size distribution for orientation FR...
[0000][PE] (25, 50, 75) percentile: (127, 189, 276)
[0000][PE] low and high boundaries for computing mean and std.dev: (1, 574)
[0000][PE] mean and std.dev: (208.65, 109.27)
[0000][PE] low and high boundaries for proper pairs: (1, 723)
[0000][PE] skip orientation RF as there are not enough pairs
[0000][PE] skip orientation RR as there are not enough pairs
[0000] 3. Calling kt_for - worker_sam
	[0000][ M::mem_process_seqs] Processed 84866 reads in 6.823 CPU sec, 6.429 real sec
[0000] Calling mem_process_seqs.., task: 15
[0000] 1. Calling kt_for - worker_bwt
[0000] read_chunk: 10000000, work_chunk_size: 10000228, nseq: 85082
	[0000][ M::kt_pipeline] read 85082 sequences (10000228 bp)...
[0000] 2. Calling kt_for - worker_aln
[0000] Inferring insert size distribution of PE reads from data, l_pac: 4834831, n: 85054
[0000][PE] # candidate unique pairs for (FF, FR, RF, RR): (1, 40687, 1, 0)
[0000][PE] skip orientation FF as there are not enough pairs
[0000][PE] analyzing insert size distribution for orientation FR...
[0000][PE] (25, 50, 75) percentile: (125, 188, 277)
[0000][PE] low and high boundaries for computing mean and std.dev: (1, 581)
[0000][PE] mean and std.dev: (209.12, 111.49)
[0000][PE] low and high boundaries for proper pairs: (1, 733)
[0000][PE] skip orientation RF as there are not enough pairs
[0000][PE] skip orientation RR as there are not enough pairs
[0000] 3. Calling kt_for - worker_sam
	[0000][ M::mem_process_seqs] Processed 85054 reads in 7.028 CPU sec, 6.635 real sec
[0000] Calling mem_process_seqs.., task: 16
[0000] 1. Calling kt_for - worker_bwt
[0000] read_chunk: 10000000, work_chunk_size: 10000072, nseq: 85394
	[0000][ M::kt_pipeline] read 85394 sequences (10000072 bp)...
[0000] 2. Calling kt_for - worker_aln
[0000] Inferring insert size distribution of PE reads from data, l_pac: 4834831, n: 85082
[0000][PE] # candidate unique pairs for (FF, FR, RF, RR): (1, 40737, 2, 2)
[0000][PE] skip orientation FF as there are not enough pairs
[0000][PE] analyzing insert size distribution for orientation FR...
[0000][PE] (25, 50, 75) percentile: (124, 187, 272)
[0000][PE] low and high boundaries for computing mean and std.dev: (1, 568)
[0000][PE] mean and std.dev: (205.78, 107.36)
[0000][PE] low and high boundaries for proper pairs: (1, 716)
[0000][PE] skip orientation RF as there are not enough pairs
[0000][PE] skip orientation RR as there are not enough pairs
[0000] 3. Calling kt_for - worker_sam
	[0000][ M::mem_process_seqs] Processed 85082 reads in 6.983 CPU sec, 6.559 real sec
[0000] Calling mem_process_seqs.., task: 17
[0000] 1. Calling kt_for - worker_bwt
[0000] read_chunk: 10000000, work_chunk_size: 10000036, nseq: 85454
	[0000][ M::kt_pipeline] read 85454 sequences (10000036 bp)...
[0000] 2. Calling kt_for - worker_aln
[0000] Inferring insert size distribution of PE reads from data, l_pac: 4834831, n: 85394
[0000][PE] # candidate unique pairs for (FF, FR, RF, RR): (0, 40833, 2, 2)
[0000][PE] skip orientation FF as there are not enough pairs
[0000][PE] analyzing insert size distribution for orientation FR...
[0000][PE] (25, 50, 75) percentile: (122, 181, 267)
[0000][PE] low and high boundaries for computing mean and std.dev: (1, 557)
[0000][PE] mean and std.dev: (201.76, 106.05)
[0000][PE] low and high boundaries for proper pairs: (1, 702)
[0000][PE] skip orientation RF as there are not enough pairs
[0000][PE] skip orientation RR as there are not enough pairs
[0000] 3. Calling kt_for - worker_sam
	[0000][ M::mem_process_seqs] Processed 85394 reads in 6.858 CPU sec, 6.451 real sec
[0000] Calling mem_process_seqs.., task: 18
[0000] 1. Calling kt_for - worker_bwt
[0000] read_chunk: 10000000, work_chunk_size: 10000022, nseq: 85324
	[0000][ M::kt_pipeline] read 85324 sequences (10000022 bp)...
[0000] 2. Calling kt_for - worker_aln
[0000] Inferring insert size distribution of PE reads from data, l_pac: 4834831, n: 85454
[0000][PE] # candidate unique pairs for (FF, FR, RF, RR): (0, 40955, 3, 0)
[0000][PE] skip orientation FF as there are not enough pairs
[0000][PE] analyzing insert size distribution for orientation FR...
[0000][PE] (25, 50, 75) percentile: (122, 182, 267)
[0000][PE] low and high boundaries for computing mean and std.dev: (1, 557)
[0000][PE] mean and std.dev: (201.45, 105.34)
[0000][PE] low and high boundaries for proper pairs: (1, 702)
[0000][PE] skip orientation RF as there are not enough pairs
[0000][PE] skip orientation RR as there are not enough pairs
[0000] 3. Calling kt_for - worker_sam
	[0000][ M::mem_process_seqs] Processed 85454 reads in 6.996 CPU sec, 6.600 real sec
[0000] Calling mem_process_seqs.., task: 19
[0000] 1. Calling kt_for - worker_bwt
[0000] read_chunk: 10000000, work_chunk_size: 10000143, nseq: 84788
	[0000][ M::kt_pipeline] read 84788 sequences (10000143 bp)...
[0000] 2. Calling kt_for - worker_aln
[0000] Inferring insert size distribution of PE reads from data, l_pac: 4834831, n: 85324
[0000][PE] # candidate unique pairs for (FF, FR, RF, RR): (0, 40839, 2, 0)
[0000][PE] skip orientation FF as there are not enough pairs
[0000][PE] analyzing insert size distribution for orientation FR...
[0000][PE] (25, 50, 75) percentile: (122, 183, 267)
[0000][PE] low and high boundaries for computing mean and std.dev: (1, 557)
[0000][PE] mean and std.dev: (202.42, 106.06)
[0000][PE] low and high boundaries for proper pairs: (1, 702)
[0000][PE] skip orientation RF as there are not enough pairs
[0000][PE] skip orientation RR as there are not enough pairs
[0000] 3. Calling kt_for - worker_sam
	[0000][ M::mem_process_seqs] Processed 85324 reads in 6.882 CPU sec, 6.503 real sec
[0000] Calling mem_process_seqs.., task: 20
[0000] 1. Calling kt_for - worker_bwt
[0000] read_chunk: 10000000, work_chunk_size: 10000214, nseq: 85006
	[0000][ M::kt_pipeline] read 85006 sequences (10000214 bp)...
[0000] 2. Calling kt_for - worker_aln
[0000] Inferring insert size distribution of PE reads from data, l_pac: 4834831, n: 84788
[0000][PE] # candidate unique pairs for (FF, FR, RF, RR): (0, 40608, 0, 1)
[0000][PE] skip orientation FF as there are not enough pairs
[0000][PE] analyzing insert size distribution for orientation FR...
[0000][PE] (25, 50, 75) percentile: (127, 191, 280)
[0000][PE] low and high boundaries for computing mean and std.dev: (1, 586)
[0000][PE] mean and std.dev: (211.28, 111.00)
[0000][PE] low and high boundaries for proper pairs: (1, 739)
[0000][PE] skip orientation RF as there are not enough pairs
[0000][PE] skip orientation RR as there are not enough pairs
[0000] 3. Calling kt_for - worker_sam
	[0000][ M::mem_process_seqs] Processed 84788 reads in 7.136 CPU sec, 6.746 real sec
[0000] Calling mem_process_seqs.., task: 21
[0000] 1. Calling kt_for - worker_bwt
[0000] read_chunk: 10000000, work_chunk_size: 10000122, nseq: 85118
	[0000][ M::kt_pipeline] read 85118 sequences (10000122 bp)...
[0000] 2. Calling kt_for - worker_aln
[0000] Inferring insert size distribution of PE reads from data, l_pac: 4834831, n: 85006
[0000][PE] # candidate unique pairs for (FF, FR, RF, RR): (1, 40674, 2, 0)
[0000][PE] skip orientation FF as there are not enough pairs
[0000][PE] analyzing insert size distribution for orientation FR...
[0000][PE] (25, 50, 75) percentile: (125, 188, 278)
[0000][PE] low and high boundaries for computing mean and std.dev: (1, 584)
[0000][PE] mean and std.dev: (209.22, 111.09)
[0000][PE] low and high boundaries for proper pairs: (1, 737)
[0000][PE] skip orientation RF as there are not enough pairs
[0000][PE] skip orientation RR as there are not enough pairs
[0000] 3. Calling kt_for - worker_sam
	[0000][ M::mem_process_seqs] Processed 85006 reads in 7.253 CPU sec, 6.874 real sec
[0000] Calling mem_process_seqs.., task: 22
[0000] 1. Calling kt_for - worker_bwt
[0000] read_chunk: 10000000, work_chunk_size: 10000082, nseq: 85132
	[0000][ M::kt_pipeline] read 85132 sequences (10000082 bp)...
[0000] 2. Calling kt_for - worker_aln
[0000] Inferring insert size distribution of PE reads from data, l_pac: 4834831, n: 85118
[0000][PE] # candidate unique pairs for (FF, FR, RF, RR): (1, 40799, 2, 1)
[0000][PE] skip orientation FF as there are not enough pairs
[0000][PE] analyzing insert size distribution for orientation FR...
[0000][PE] (25, 50, 75) percentile: (125, 186, 274)
[0000][PE] low and high boundaries for computing mean and std.dev: (1, 572)
[0000][PE] mean and std.dev: (206.20, 108.13)
[0000][PE] low and high boundaries for proper pairs: (1, 721)
[0000][PE] skip orientation RF as there are not enough pairs
[0000][PE] skip orientation RR as there are not enough pairs
[0000] 3. Calling kt_for - worker_sam
	[0000][ M::mem_process_seqs] Processed 85118 reads in 6.582 CPU sec, 6.202 real sec
[0000] Calling mem_process_seqs.., task: 23
[0000] 1. Calling kt_for - worker_bwt
[0000] read_chunk: 10000000, work_chunk_size: 10000074, nseq: 85330
	[0000][ M::kt_pipeline] read 85330 sequences (10000074 bp)...
[0000] 2. Calling kt_for - worker_aln
[0000] Inferring insert size distribution of PE reads from data, l_pac: 4834831, n: 85132
[0000][PE] # candidate unique pairs for (FF, FR, RF, RR): (0, 40752, 2, 2)
[0000][PE] skip orientation FF as there are not enough pairs
[0000][PE] analyzing insert size distribution for orientation FR...
[0000][PE] (25, 50, 75) percentile: (124, 185, 272)
[0000][PE] low and high boundaries for computing mean and std.dev: (1, 568)
[0000][PE] mean and std.dev: (205.34, 107.71)
[0000][PE] low and high boundaries for proper pairs: (1, 716)
[0000][PE] skip orientation RF as there are not enough pairs
[0000][PE] skip orientation RR as there are not enough pairs
[0000] 3. Calling kt_for - worker_sam
	[0000][ M::mem_process_seqs] Processed 85132 reads in 6.946 CPU sec, 6.524 real sec
[0000] Calling mem_process_seqs.., task: 24
[0000] 1. Calling kt_for - worker_bwt
[0000] read_chunk: 10000000, work_chunk_size: 10000028, nseq: 85450
	[0000][ M::kt_pipeline] read 85450 sequences (10000028 bp)...
[0000] 2. Calling kt_for - worker_aln
[0000] Inferring insert size distribution of PE reads from data, l_pac: 4834831, n: 85330
[0000][PE] # candidate unique pairs for (FF, FR, RF, RR): (1, 40881, 1, 0)
[0000][PE] skip orientation FF as there are not enough pairs
[0000][PE] analyzing insert size distribution for orientation FR...
[0000][PE] (25, 50, 75) percentile: (122, 183, 269)
[0000][PE] low and high boundaries for computing mean and std.dev: (1, 563)
[0000][PE] mean and std.dev: (202.45, 106.00)
[0000][PE] low and high boundaries for proper pairs: (1, 710)
[0000][PE] skip orientation RF as there are not enough pairs
[0000][PE] skip orientation RR as there are not enough pairs
[0000] 3. Calling kt_for - worker_sam
	[0000][ M::mem_process_seqs] Processed 85330 reads in 7.011 CPU sec, 6.601 real sec
[0000] Calling mem_process_seqs.., task: 25
[0000] 1. Calling kt_for - worker_bwt
[0000] read_chunk: 10000000, work_chunk_size: 10000139, nseq: 84748
	[0000][ M::kt_pipeline] read 84748 sequences (10000139 bp)...
[0000] 2. Calling kt_for - worker_aln
[0000] Inferring insert size distribution of PE reads from data, l_pac: 4834831, n: 85450
[0000][PE] # candidate unique pairs for (FF, FR, RF, RR): (1, 40950, 2, 2)
[0000][PE] skip orientation FF as there are not enough pairs
[0000][PE] analyzing insert size distribution for orientation FR...
[0000][PE] (25, 50, 75) percentile: (121, 181, 265)
[0000][PE] low and high boundaries for computing mean and std.dev: (1, 553)
[0000][PE] mean and std.dev: (200.37, 104.71)
[0000][PE] low and high boundaries for proper pairs: (1, 697)
[0000][PE] skip orientation RF as there are not enough pairs
[0000][PE] skip orientation RR as there are not enough pairs
[0000] 3. Calling kt_for - worker_sam
	[0000][ M::mem_process_seqs] Processed 85450 reads in 6.986 CPU sec, 6.579 real sec
[0000] Calling mem_process_seqs.., task: 26
[0000] 1. Calling kt_for - worker_bwt
[0000] 2. Calling kt_for - worker_aln
[0000] Inferring insert size distribution of PE reads from data, l_pac: 4834831, n: 84748
[0000][PE] # candidate unique pairs for (FF, FR, RF, RR): (0, 40578, 2, 1)
[0000][PE] skip orientation FF as there are not enough pairs
[0000][PE] analyzing insert size distribution for orientation FR...
[0000][PE] (25, 50, 75) percentile: (127, 190, 277)
[0000][PE] low and high boundaries for computing mean and std.dev: (1, 577)
[0000][PE] mean and std.dev: (209.72, 109.78)
[0000][PE] low and high boundaries for proper pairs: (1, 727)
[0000][PE] skip orientation RF as there are not enough pairs
[0000][PE] skip orientation RR as there are not enough pairs
[0000] 3. Calling kt_for - worker_sam
	[0000][ M::mem_process_seqs] Processed 84748 reads in 6.738 CPU sec, 6.741 real sec
[0000] read_chunk: 10000000, work_chunk_size: 10000088, nseq: 84912
	[0000][ M::kt_pipeline] read 84912 sequences (10000088 bp)...
[0000] Calling mem_process_seqs.., task: 27
[0000] 1. Calling kt_for - worker_bwt
[0000] read_chunk: 10000000, work_chunk_size: 10000108, nseq: 85146
	[0000][ M::kt_pipeline] read 85146 sequences (10000108 bp)...
[0000] 2. Calling kt_for - worker_aln
[0000] Inferring insert size distribution of PE reads from data, l_pac: 4834831, n: 84912
[0000][PE] # candidate unique pairs for (FF, FR, RF, RR): (2, 40676, 1, 0)
[0000][PE] skip orientation FF as there are not enough pairs
[0000][PE] analyzing insert size distribution for orientation FR...
[0000][PE] (25, 50, 75) percentile: (126, 189, 279)
[0000][PE] low and high boundaries for computing mean and std.dev: (1, 585)
[0000][PE] mean and std.dev: (210.15, 110.99)
[0000][PE] low and high boundaries for proper pairs: (1, 738)
[0000][PE] skip orientation RF as there are not enough pairs
[0000][PE] skip orientation RR as there are not enough pairs
[0000] 3. Calling kt_for - worker_sam
	[0000][ M::mem_process_seqs] Processed 84912 reads in 6.832 CPU sec, 6.539 real sec
[0000] Calling mem_process_seqs.., task: 28
[0000] 1. Calling kt_for - worker_bwt
[0000] read_chunk: 10000000, work_chunk_size: 10000064, nseq: 85122
	[0000][ M::kt_pipeline] read 85122 sequences (10000064 bp)...
[0000] 2. Calling kt_for - worker_aln
[0000] Inferring insert size distribution of PE reads from data, l_pac: 4834831, n: 85146
[0000][PE] # candidate unique pairs for (FF, FR, RF, RR): (1, 40783, 2, 1)
[0000][PE] skip orientation FF as there are not enough pairs
[0000][PE] analyzing insert size distribution for orientation FR...
[0000][PE] (25, 50, 75) percentile: (124, 186, 273)
[0000][PE] low and high boundaries for computing mean and std.dev: (1, 571)
[0000][PE] mean and std.dev: (205.90, 108.16)
[0000][PE] low and high boundaries for proper pairs: (1, 720)
[0000][PE] skip orientation RF as there are not enough pairs
[0000][PE] skip orientation RR as there are not enough pairs
[0000] 3. Calling kt_for - worker_sam
	[0000][ M::mem_process_seqs] Processed 85146 reads in 7.049 CPU sec, 6.696 real sec
[0000] Calling mem_process_seqs.., task: 29
[0000] 1. Calling kt_for - worker_bwt
[0000] read_chunk: 10000000, work_chunk_size: 10000063, nseq: 85376
	[0000][ M::kt_pipeline] read 85376 sequences (10000063 bp)...
[0000] 2. Calling kt_for - worker_aln
[0000] Inferring insert size distribution of PE reads from data, l_pac: 4834831, n: 85122
[0000][PE] # candidate unique pairs for (FF, FR, RF, RR): (1, 40696, 1, 0)
[0000][PE] skip orientation FF as there are not enough pairs
[0000][PE] analyzing insert size distribution for orientation FR...
[0000][PE] (25, 50, 75) percentile: (124, 186, 271)
[0000][PE] low and high boundaries for computing mean and std.dev: (1, 565)
[0000][PE] mean and std.dev: (204.92, 106.65)
[0000][PE] low and high boundaries for proper pairs: (1, 712)
[0000][PE] skip orientation RF as there are not enough pairs
[0000][PE] skip orientation RR as there are not enough pairs
[0000] 3. Calling kt_for - worker_sam
	[0000][ M::mem_process_seqs] Processed 85122 reads in 7.004 CPU sec, 6.671 real sec
[0000] Calling mem_process_seqs.., task: 30
[0000] 1. Calling kt_for - worker_bwt
[0000] read_chunk: 10000000, work_chunk_size: 10000097, nseq: 85342
	[0000][ M::kt_pipeline] read 85342 sequences (10000097 bp)...
[0000] 2. Calling kt_for - worker_aln
[0000] Inferring insert size distribution of PE reads from data, l_pac: 4834831, n: 85376
[0000][PE] # candidate unique pairs for (FF, FR, RF, RR): (0, 40922, 4, 0)
[0000][PE] skip orientation FF as there are not enough pairs
[0000][PE] analyzing insert size distribution for orientation FR...
[0000][PE] (25, 50, 75) percentile: (122, 182, 266)
[0000][PE] low and high boundaries for computing mean and std.dev: (1, 554)
[0000][PE] mean and std.dev: (201.57, 105.36)
[0000][PE] low and high boundaries for proper pairs: (1, 698)
[0000][PE] skip orientation RF as there are not enough pairs
[0000][PE] skip orientation RR as there are not enough pairs
[0000] 3. Calling kt_for - worker_sam
	[0000][ M::mem_process_seqs] Processed 85376 reads in 7.101 CPU sec, 6.704 real sec
[0000] Calling mem_process_seqs.., task: 31
[0000] 1. Calling kt_for - worker_bwt
[0000] read_chunk: 10000000, work_chunk_size: 10000082, nseq: 85234
	[0000][ M::kt_pipeline] read 85234 sequences (10000082 bp)...
[0000] 2. Calling kt_for - worker_aln
[0000] Inferring insert size distribution of PE reads from data, l_pac: 4834831, n: 85342
[0000][PE] # candidate unique pairs for (FF, FR, RF, RR): (0, 40842, 1, 0)
[0000][PE] skip orientation FF as there are not enough pairs
[0000][PE] analyzing insert size distribution for orientation FR...
[0000][PE] (25, 50, 75) percentile: (122, 182, 266)
[0000][PE] low and high boundaries for computing mean and std.dev: (1, 554)
[0000][PE] mean and std.dev: (201.10, 104.47)
[0000][PE] low and high boundaries for proper pairs: (1, 698)
[0000][PE] skip orientation RF as there are not enough pairs
[0000][PE] skip orientation RR as there are not enough pairs
[0000] 3. Calling kt_for - worker_sam
	[0000][ M::mem_process_seqs] Processed 85342 reads in 6.974 CPU sec, 6.575 real sec
[0000] Calling mem_process_seqs.., task: 32
[0000] 1. Calling kt_for - worker_bwt
[0000] read_chunk: 10000000, work_chunk_size: 10000077, nseq: 84784
	[0000][ M::kt_pipeline] read 84784 sequences (10000077 bp)...
[0000] 2. Calling kt_for - worker_aln
[0000] Inferring insert size distribution of PE reads from data, l_pac: 4834831, n: 85234
[0000][PE] # candidate unique pairs for (FF, FR, RF, RR): (0, 40793, 0, 0)
[0000][PE] skip orientation FF as there are not enough pairs
[0000][PE] analyzing insert size distribution for orientation FR...
[0000][PE] (25, 50, 75) percentile: (122, 182, 265)
[0000][PE] low and high boundaries for computing mean and std.dev: (1, 551)
[0000][PE] mean and std.dev: (200.92, 103.79)
[0000][PE] low and high boundaries for proper pairs: (1, 694)
[0000][PE] skip orientation RF as there are not enough pairs
[0000][PE] skip orientation RR as there are not enough pairs
[0000] 3. Calling kt_for - worker_sam
	[0000][ M::mem_process_seqs] Processed 85234 reads in 7.013 CPU sec, 6.644 real sec
[0000] Calling mem_process_seqs.., task: 33
[0000] 1. Calling kt_for - worker_bwt
[0000] read_chunk: 10000000, work_chunk_size: 10000076, nseq: 84936
	[0000][ M::kt_pipeline] read 84936 sequences (10000076 bp)...
[0000] 2. Calling kt_for - worker_aln
[0000] Inferring insert size distribution of PE reads from data, l_pac: 4834831, n: 84784
[0000][PE] # candidate unique pairs for (FF, FR, RF, RR): (2, 40681, 2, 0)
[0000][PE] skip orientation FF as there are not enough pairs
[0000][PE] analyzing insert size distribution for orientation FR...
[0000][PE] (25, 50, 75) percentile: (127, 191, 280)
[0000][PE] low and high boundaries for computing mean and std.dev: (1, 586)
[0000][PE] mean and std.dev: (211.13, 111.53)
[0000][PE] low and high boundaries for proper pairs: (1, 739)
[0000][PE] skip orientation RF as there are not enough pairs
[0000][PE] skip orientation RR as there are not enough pairs
[0000] 3. Calling kt_for - worker_sam
	[0000][ M::mem_process_seqs] Processed 84784 reads in 7.068 CPU sec, 6.744 real sec
[0000] Calling mem_process_seqs.., task: 34
[0000] 1. Calling kt_for - worker_bwt
[0000] read_chunk: 10000000, work_chunk_size: 10000140, nseq: 84950
	[0000][ M::kt_pipeline] read 84950 sequences (10000140 bp)...
[0000] 2. Calling kt_for - worker_aln
[0000] Inferring insert size distribution of PE reads from data, l_pac: 4834831, n: 84936
[0000][PE] # candidate unique pairs for (FF, FR, RF, RR): (0, 40719, 1, 0)
[0000][PE] skip orientation FF as there are not enough pairs
[0000][PE] analyzing insert size distribution for orientation FR...
[0000][PE] (25, 50, 75) percentile: (126, 188, 277)
[0000][PE] low and high boundaries for computing mean and std.dev: (1, 579)
[0000][PE] mean and std.dev: (208.84, 109.94)
[0000][PE] low and high boundaries for proper pairs: (1, 730)
[0000][PE] skip orientation RF as there are not enough pairs
[0000][PE] skip orientation RR as there are not enough pairs
[0000] 3. Calling kt_for - worker_sam
	[0000][ M::mem_process_seqs] Processed 84936 reads in 6.950 CPU sec, 6.737 real sec
[0000] Calling mem_process_seqs.., task: 35
[0000] 1. Calling kt_for - worker_bwt
[0000] read_chunk: 10000000, work_chunk_size: 10000038, nseq: 85260
	[0000][ M::kt_pipeline] read 85260 sequences (10000038 bp)...
[0000] 2. Calling kt_for - worker_aln
[0000] Inferring insert size distribution of PE reads from data, l_pac: 4834831, n: 84950
[0000][PE] # candidate unique pairs for (FF, FR, RF, RR): (0, 40692, 0, 0)
[0000][PE] skip orientation FF as there are not enough pairs
[0000][PE] analyzing insert size distribution for orientation FR...
[0000][PE] (25, 50, 75) percentile: (126, 187, 274)
[0000][PE] low and high boundaries for computing mean and std.dev: (1, 570)
[0000][PE] mean and std.dev: (207.09, 108.35)
[0000][PE] low and high boundaries for proper pairs: (1, 718)
[0000][PE] skip orientation RF as there are not enough pairs
[0000][PE] skip orientation RR as there are not enough pairs
[0000] 3. Calling kt_for - worker_sam
	[0000][ M::mem_process_seqs] Processed 84950 reads in 6.933 CPU sec, 6.527 real sec
[0000] Calling mem_process_seqs.., task: 36
[0000] 1. Calling kt_for - worker_bwt
[0000] read_chunk: 10000000, work_chunk_size: 10000205, nseq: 85336
	[0000][ M::kt_pipeline] read 85336 sequences (10000205 bp)...
[0000] 2. Calling kt_for - worker_aln
[0000] Inferring insert size distribution of PE reads from data, l_pac: 4834831, n: 85260
[0000][PE] # candidate unique pairs for (FF, FR, RF, RR): (1, 40808, 2, 0)
[0000][PE] skip orientation FF as there are not enough pairs
[0000][PE] analyzing insert size distribution for orientation FR...
[0000][PE] (25, 50, 75) percentile: (123, 184, 270)
[0000][PE] low and high boundaries for computing mean and std.dev: (1, 564)
[0000][PE] mean and std.dev: (204.09, 106.93)
[0000][PE] low and high boundaries for proper pairs: (1, 711)
[0000][PE] skip orientation RF as there are not enough pairs
[0000][PE] skip orientation RR as there are not enough pairs
[0000] 3. Calling kt_for - worker_sam
	[0000][ M::mem_process_seqs] Processed 85260 reads in 7.011 CPU sec, 6.637 real sec
[0000] Calling mem_process_seqs.., task: 37
[0000] 1. Calling kt_for - worker_bwt
[0000] read_chunk: 10000000, work_chunk_size: 10000118, nseq: 85522
	[0000][ M::kt_pipeline] read 85522 sequences (10000118 bp)...
[0000] 2. Calling kt_for - worker_aln
[0000] Inferring insert size distribution of PE reads from data, l_pac: 4834831, n: 85336
[0000][PE] # candidate unique pairs for (FF, FR, RF, RR): (0, 40859, 1, 0)
[0000][PE] skip orientation FF as there are not enough pairs
[0000][PE] analyzing insert size distribution for orientation FR...
[0000][PE] (25, 50, 75) percentile: (123, 182, 267)
[0000][PE] low and high boundaries for computing mean and std.dev: (1, 555)
[0000][PE] mean and std.dev: (201.56, 104.74)
[0000][PE] low and high boundaries for proper pairs: (1, 699)
[0000][PE] skip orientation RF as there are not enough pairs
[0000][PE] skip orientation RR as there are not enough pairs
[0000] 3. Calling kt_for - worker_sam
	[0000][ M::mem_process_seqs] Processed 85336 reads in 7.023 CPU sec, 6.626 real sec
[0000] Calling mem_process_seqs.., task: 38
[0000] 1. Calling kt_for - worker_bwt
[0000] read_chunk: 10000000, work_chunk_size: 10000062, nseq: 85084
	[0000][ M::kt_pipeline] read 85084 sequences (10000062 bp)...
[0000] 2. Calling kt_for - worker_aln
[0000] Inferring insert size distribution of PE reads from data, l_pac: 4834831, n: 85522
[0000][PE] # candidate unique pairs for (FF, FR, RF, RR): (1, 40884, 2, 3)
[0000][PE] skip orientation FF as there are not enough pairs
[0000][PE] analyzing insert size distribution for orientation FR...
[0000][PE] (25, 50, 75) percentile: (121, 181, 264)
[0000][PE] low and high boundaries for computing mean and std.dev: (1, 550)
[0000][PE] mean and std.dev: (200.45, 104.96)
[0000][PE] low and high boundaries for proper pairs: (1, 693)
[0000][PE] skip orientation RF as there are not enough pairs
[0000][PE] skip orientation RR as there are not enough pairs
[0000] 3. Calling kt_for - worker_sam
	[0000][ M::mem_process_seqs] Processed 85522 reads in 6.937 CPU sec, 6.584 real sec
[0000] Calling mem_process_seqs.., task: 39
[0000] 1. Calling kt_for - worker_bwt
[0000] read_chunk: 10000000, work_chunk_size: 10000117, nseq: 84698
	[0000][ M::kt_pipeline] read 84698 sequences (10000117 bp)...
[0000] 2. Calling kt_for - worker_aln
[0000] Inferring insert size distribution of PE reads from data, l_pac: 4834831, n: 85084
[0000][PE] # candidate unique pairs for (FF, FR, RF, RR): (0, 40775, 1, 0)
[0000][PE] skip orientation FF as there are not enough pairs
[0000][PE] analyzing insert size distribution for orientation FR...
[0000][PE] (25, 50, 75) percentile: (123, 184, 267)
[0000][PE] low and high boundaries for computing mean and std.dev: (1, 555)
[0000][PE] mean and std.dev: (203.01, 105.21)
[0000][PE] low and high boundaries for proper pairs: (1, 699)
[0000][PE] skip orientation RF as there are not enough pairs
[0000][PE] skip orientation RR as there are not enough pairs
[0000] 3. Calling kt_for - worker_sam
	[0000][ M::mem_process_seqs] Processed 85084 reads in 6.716 CPU sec, 6.324 real sec
[0000] Calling mem_process_seqs.., task: 40
[0000] 1. Calling kt_for - worker_bwt
[0000] read_chunk: 10000000, work_chunk_size: 10000058, nseq: 84778
	[0000][ M::kt_pipeline] read 84778 sequences (10000058 bp)...
[0000] 2. Calling kt_for - worker_aln
[0000] Inferring insert size distribution of PE reads from data, l_pac: 4834831, n: 84698
[0000][PE] # candidate unique pairs for (FF, FR, RF, RR): (0, 40595, 4, 0)
[0000][PE] skip orientation FF as there are not enough pairs
[0000][PE] analyzing insert size distribution for orientation FR...
[0000][PE] (25, 50, 75) percentile: (128, 191, 281)
[0000][PE] low and high boundaries for computing mean and std.dev: (1, 587)
[0000][PE] mean and std.dev: (212.07, 111.88)
[0000][PE] low and high boundaries for proper pairs: (1, 740)
[0000][PE] skip orientation RF as there are not enough pairs
[0000][PE] skip orientation RR as there are not enough pairs
[0000] 3. Calling kt_for - worker_sam
	[0000][ M::mem_process_seqs] Processed 84698 reads in 6.724 CPU sec, 6.327 real sec
[0000] Calling mem_process_seqs.., task: 41
[0000] 1. Calling kt_for - worker_bwt
[0000] read_chunk: 10000000, work_chunk_size: 10000222, nseq: 85062
	[0000][ M::kt_pipeline] read 85062 sequences (10000222 bp)...
[0000] 2. Calling kt_for - worker_aln
[0000] Inferring insert size distribution of PE reads from data, l_pac: 4834831, n: 84778
[0000][PE] # candidate unique pairs for (FF, FR, RF, RR): (0, 40568, 3, 1)
[0000][PE] skip orientation FF as there are not enough pairs
[0000][PE] analyzing insert size distribution for orientation FR...
[0000][PE] (25, 50, 75) percentile: (127, 190, 278)
[0000][PE] low and high boundaries for computing mean and std.dev: (1, 580)
[0000][PE] mean and std.dev: (210.32, 110.71)
[0000][PE] low and high boundaries for proper pairs: (1, 731)
[0000][PE] skip orientation RF as there are not enough pairs
[0000][PE] skip orientation RR as there are not enough pairs
[0000] 3. Calling kt_for - worker_sam
	[0000][ M::mem_process_seqs] Processed 84778 reads in 6.795 CPU sec, 6.418 real sec
[0000] Calling mem_process_seqs.., task: 42
[0000] 1. Calling kt_for - worker_bwt
[0000] read_chunk: 10000000, work_chunk_size: 10000061, nseq: 85080
	[0000][ M::kt_pipeline] read 85080 sequences (10000061 bp)...
[0000] 2. Calling kt_for - worker_aln
[0000] Inferring insert size distribution of PE reads from data, l_pac: 4834831, n: 85062
[0000][PE] # candidate unique pairs for (FF, FR, RF, RR): (1, 40812, 0, 1)
[0000][PE] skip orientation FF as there are not enough pairs
[0000][PE] analyzing insert size distribution for orientation FR...
[0000][PE] (25, 50, 75) percentile: (124, 186, 274)
[0000][PE] low and high boundaries for computing mean and std.dev: (1, 574)
[0000][PE] mean and std.dev: (206.80, 108.98)
[0000][PE] low and high boundaries for proper pairs: (1, 724)
[0000][PE] skip orientation RF as there are not enough pairs
[0000][PE] skip orientation RR as there are not enough pairs
[0000] 3. Calling kt_for - worker_sam
	[0000][ M::mem_process_seqs] Processed 85062 reads in 6.707 CPU sec, 6.288 real sec
[0000] Calling mem_process_seqs.., task: 43
[0000] 1. Calling kt_for - worker_bwt
[0000] read_chunk: 10000000, work_chunk_size: 10000013, nseq: 85316
	[0000][ M::kt_pipeline] read 85316 sequences (10000013 bp)...
[0000] 2. Calling kt_for - worker_aln
[0000] Inferring insert size distribution of PE reads from data, l_pac: 4834831, n: 85080
[0000][PE] # candidate unique pairs for (FF, FR, RF, RR): (1, 40753, 0, 0)
[0000][PE] skip orientation FF as there are not enough pairs
[0000][PE] analyzing insert size distribution for orientation FR...
[0000][PE] (25, 50, 75) percentile: (124, 186, 272)
[0000][PE] low and high boundaries for computing mean and std.dev: (1, 568)
[0000][PE] mean and std.dev: (205.54, 107.47)
[0000][PE] low and high boundaries for proper pairs: (1, 716)
[0000][PE] skip orientation RF as there are not enough pairs
[0000][PE] skip orientation RR as there are not enough pairs
[0000] 3. Calling kt_for - worker_sam
	[0000][ M::mem_process_seqs] Processed 85080 reads in 6.879 CPU sec, 6.475 real sec
[0000] Calling mem_process_seqs.., task: 44
[0000] 1. Calling kt_for - worker_bwt
[0000] read_chunk: 10000000, work_chunk_size: 10000070, nseq: 85428
	[0000][ M::kt_pipeline] read 85428 sequences (10000070 bp)...
[0000] 2. Calling kt_for - worker_aln
[0000] Inferring insert size distribution of PE reads from data, l_pac: 4834831, n: 85316
[0000][PE] # candidate unique pairs for (FF, FR, RF, RR): (3, 40817, 2, 0)
[0000][PE] skip orientation FF as there are not enough pairs
[0000][PE] analyzing insert size distribution for orientation FR...
[0000][PE] (25, 50, 75) percentile: (122, 183, 269)
[0000][PE] low and high boundaries for computing mean and std.dev: (1, 563)
[0000][PE] mean and std.dev: (203.06, 106.56)
[0000][PE] low and high boundaries for proper pairs: (1, 710)
[0000][PE] skip orientation RF as there are not enough pairs
[0000][PE] skip orientation RR as there are not enough pairs
[0000] 3. Calling kt_for - worker_sam
	[0000][ M::mem_process_seqs] Processed 85316 reads in 6.892 CPU sec, 6.485 real sec
[0000] Calling mem_process_seqs.., task: 45
[0000] 1. Calling kt_for - worker_bwt
[0000] read_chunk: 10000000, work_chunk_size: 10000092, nseq: 84926
	[0000][ M::kt_pipeline] read 84926 sequences (10000092 bp)...
[0000] 2. Calling kt_for - worker_aln
[0000] Inferring insert size distribution of PE reads from data, l_pac: 4834831, n: 85428
[0000][PE] # candidate unique pairs for (FF, FR, RF, RR): (0, 40928, 0, 2)
[0000][PE] skip orientation FF as there are not enough pairs
[0000][PE] analyzing insert size distribution for orientation FR...
[0000][PE] (25, 50, 75) percentile: (121, 180, 264)
[0000][PE] low and high boundaries for computing mean and std.dev: (1, 550)
[0000][PE] mean and std.dev: (199.93, 104.32)
[0000][PE] low and high boundaries for proper pairs: (1, 693)
[0000][PE] skip orientation RF as there are not enough pairs
[0000][PE] skip orientation RR as there are not enough pairs
[0000] 3. Calling kt_for - worker_sam
	[0000][ M::mem_process_seqs] Processed 85428 reads in 6.611 CPU sec, 6.207 real sec
[0000] Calling mem_process_seqs.., task: 46
[0000] 1. Calling kt_for - worker_bwt
[0000] read_chunk: 10000000, work_chunk_size: 10000183, nseq: 84858
	[0000][ M::kt_pipeline] read 84858 sequences (10000183 bp)...
[0000] 2. Calling kt_for - worker_aln
[0000] Inferring insert size distribution of PE reads from data, l_pac: 4834831, n: 84926
[0000][PE] # candidate unique pairs for (FF, FR, RF, RR): (0, 40703, 3, 0)
[0000][PE] skip orientation FF as there are not enough pairs
[0000][PE] analyzing insert size distribution for orientation FR...
[0000][PE] (25, 50, 75) percentile: (125, 187, 274)
[0000][PE] low and high boundaries for computing mean and std.dev: (1, 572)
[0000][PE] mean and std.dev: (207.12, 108.48)
[0000][PE] low and high boundaries for proper pairs: (1, 721)
[0000][PE] skip orientation RF as there are not enough pairs
[0000][PE] skip orientation RR as there are not enough pairs
[0000] 3. Calling kt_for - worker_sam
	[0000][ M::mem_process_seqs] Processed 84926 reads in 6.979 CPU sec, 6.588 real sec
[0000] Calling mem_process_seqs.., task: 47
[0000] 1. Calling kt_for - worker_bwt
[0000] read_chunk: 10000000, work_chunk_size: 10000137, nseq: 84826
	[0000][ M::kt_pipeline] read 84826 sequences (10000137 bp)...
[0000] 2. Calling kt_for - worker_aln
[0000] Inferring insert size distribution of PE reads from data, l_pac: 4834831, n: 84858
[0000][PE] # candidate unique pairs for (FF, FR, RF, RR): (0, 40680, 1, 1)
[0000][PE] skip orientation FF as there are not enough pairs
[0000][PE] analyzing insert size distribution for orientation FR...
[0000][PE] (25, 50, 75) percentile: (127, 191, 281)
[0000][PE] low and high boundaries for computing mean and std.dev: (1, 589)
[0000][PE] mean and std.dev: (211.92, 112.67)
[0000][PE] low and high boundaries for proper pairs: (1, 743)
[0000][PE] skip orientation RF as there are not enough pairs
[0000][PE] skip orientation RR as there are not enough pairs
[0000] 3. Calling kt_for - worker_sam
	[0000][ M::mem_process_seqs] Processed 84858 reads in 6.964 CPU sec, 6.633 real sec
[0000] Calling mem_process_seqs.., task: 48
[0000] 1. Calling kt_for - worker_bwt
[0000] read_chunk: 10000000, work_chunk_size: 10000218, nseq: 85018
	[0000][ M::kt_pipeline] read 85018 sequences (10000218 bp)...
[0000] 2. Calling kt_for - worker_aln
[0000] Inferring insert size distribution of PE reads from data, l_pac: 4834831, n: 84826
[0000][PE] # candidate unique pairs for (FF, FR, RF, RR): (0, 40662, 0, 0)
[0000][PE] skip orientation FF as there are not enough pairs
[0000][PE] analyzing insert size distribution for orientation FR...
[0000][PE] (25, 50, 75) percentile: (126, 189, 276)
[0000][PE] low and high boundaries for computing mean and std.dev: (1, 576)
[0000][PE] mean and std.dev: (208.83, 109.16)
[0000][PE] low and high boundaries for proper pairs: (1, 726)
[0000][PE] skip orientation RF as there are not enough pairs
[0000][PE] skip orientation RR as there are not enough pairs
[0000] 3. Calling kt_for - worker_sam
	[0000][ M::mem_process_seqs] Processed 84826 reads in 6.851 CPU sec, 6.485 real sec
[0000] Calling mem_process_seqs.., task: 49
[0000] 1. Calling kt_for - worker_bwt
[0000] read_chunk: 10000000, work_chunk_size: 10000119, nseq: 85168
	[0000][ M::kt_pipeline] read 85168 sequences (10000119 bp)...
[0000] 2. Calling kt_for - worker_aln
[0000] Inferring insert size distribution of PE reads from data, l_pac: 4834831, n: 85018
[0000][PE] # candidate unique pairs for (FF, FR, RF, RR): (0, 40706, 3, 1)
[0000][PE] skip orientation FF as there are not enough pairs
[0000][PE] analyzing insert size distribution for orientation FR...
[0000][PE] (25, 50, 75) percentile: (125, 188, 275)
[0000][PE] low and high boundaries for computing mean and std.dev: (1, 575)
[0000][PE] mean and std.dev: (207.30, 108.86)
[0000][PE] low and high boundaries for proper pairs: (1, 725)
[0000][PE] skip orientation RF as there are not enough pairs
[0000][PE] skip orientation RR as there are not enough pairs
[0000] 3. Calling kt_for - worker_sam
	[0000][ M::mem_process_seqs] Processed 85018 reads in 6.798 CPU sec, 6.410 real sec
[0000] Calling mem_process_seqs.., task: 50
[0000] 1. Calling kt_for - worker_bwt
[0000] read_chunk: 10000000, work_chunk_size: 10000065, nseq: 85494
	[0000][ M::kt_pipeline] read 85494 sequences (10000065 bp)...
[0000] 2. Calling kt_for - worker_aln
[0000] Inferring insert size distribution of PE reads from data, l_pac: 4834831, n: 85168
[0000][PE] # candidate unique pairs for (FF, FR, RF, RR): (0, 40872, 1, 0)
[0000][PE] skip orientation FF as there are not enough pairs
[0000][PE] analyzing insert size distribution for orientation FR...
[0000][PE] (25, 50, 75) percentile: (123, 184, 270)
[0000][PE] low and high boundaries for computing mean and std.dev: (1, 564)
[0000][PE] mean and std.dev: (204.46, 107.35)
[0000][PE] low and high boundaries for proper pairs: (1, 711)
[0000][PE] skip orientation RF as there are not enough pairs
[0000][PE] skip orientation RR as there are not enough pairs
[0000] 3. Calling kt_for - worker_sam
	[0000][ M::mem_process_seqs] Processed 85168 reads in 6.990 CPU sec, 6.759 real sec
[0000] Calling mem_process_seqs.., task: 51
[0000] 1. Calling kt_for - worker_bwt
[0000] read_chunk: 10000000, work_chunk_size: 10000210, nseq: 85334
	[0000][ M::kt_pipeline] read 85334 sequences (10000210 bp)...
[0000] 2. Calling kt_for - worker_aln
[0000] Inferring insert size distribution of PE reads from data, l_pac: 4834831, n: 85494
[0000][PE] # candidate unique pairs for (FF, FR, RF, RR): (1, 40986, 1, 0)
[0000][PE] skip orientation FF as there are not enough pairs
[0000][PE] analyzing insert size distribution for orientation FR...
[0000][PE] (25, 50, 75) percentile: (121, 181, 267)
[0000][PE] low and high boundaries for computing mean and std.dev: (1, 559)
[0000][PE] mean and std.dev: (201.40, 106.22)
[0000][PE] low and high boundaries for proper pairs: (1, 705)
[0000][PE] skip orientation RF as there are not enough pairs
[0000][PE] skip orientation RR as there are not enough pairs
[0000] 3. Calling kt_for - worker_sam
	[0000][ M::mem_process_seqs] Processed 85494 reads in 6.838 CPU sec, 6.497 real sec
[0000] Calling mem_process_seqs.., task: 52
[0000] 1. Calling kt_for - worker_bwt
[0000] 2. Calling kt_for - worker_aln
[0000] Inferring insert size distribution of PE reads from data, l_pac: 4834831, n: 85334
[0000][PE] # candidate unique pairs for (FF, FR, RF, RR): (0, 40865, 0, 0)
[0000][PE] skip orientation FF as there are not enough pairs
[0000][PE] analyzing insert size distribution for orientation FR...
[0000][PE] (25, 50, 75) percentile: (122, 181, 265)
[0000][PE] low and high boundaries for computing mean and std.dev: (1, 551)
[0000][PE] mean and std.dev: (200.22, 103.78)
[0000][PE] low and high boundaries for proper pairs: (1, 694)
[0000][PE] skip orientation RF as there are not enough pairs
[0000][PE] skip orientation RR as there are not enough pairs
[0000] 3. Calling kt_for - worker_sam
	[0000][ M::mem_process_seqs] Processed 85334 reads in 6.667 CPU sec, 6.729 real sec
[0000] read_chunk: 10000000, work_chunk_size: 3127745, nseq: 26614
	[0000][ M::kt_pipeline] read 26614 sequences (3127745 bp)...
[0000] Calling mem_process_seqs.., task: 53
[0000] 1. Calling kt_for - worker_bwt
[0000] read_chunk: 10000000, work_chunk_size: 0, nseq: 0
[0000] 2. Calling kt_for - worker_aln
[0000] Inferring insert size distribution of PE reads from data, l_pac: 4834831, n: 26614
[0000][PE] # candidate unique pairs for (FF, FR, RF, RR): (0, 12731, 1, 0)
[0000][PE] skip orientation FF as there are not enough pairs
[0000][PE] analyzing insert size distribution for orientation FR...
[0000][PE] (25, 50, 75) percentile: (122, 182, 265)
[0000][PE] low and high boundaries for computing mean and std.dev: (1, 551)
[0000][PE] mean and std.dev: (201.25, 104.02)
[0000][PE] low and high boundaries for proper pairs: (1, 694)
[0000][PE] skip orientation RF as there are not enough pairs
[0000][PE] skip orientation RR as there are not enough pairs
[0000] 3. Calling kt_for - worker_sam
	[0000][ M::mem_process_seqs] Processed 26614 reads in 2.046 CPU sec, 2.025 real sec
[0000] read_chunk: 10000000, work_chunk_size: 0, nseq: 0
[0000] Computation ends..
No. of OMP threads: 1
Processor is runnig @2200.162040 MHz
Runtime profile:

	Time taken for main_mem function: 356.01 sec

	IO times (sec) :
	Reading IO time (reads) avg: 16.54, (16.54, 16.54)
	Writing IO time (SAM) avg: 35.22, (35.22, 35.22)
	Reading IO time (Reference Genome) avg: 0.01, (0.01, 0.01)
	Index read time avg: 0.07, (0.07, 0.07)

	Overall time (sec) (Excluding Index reading time):
	PROCESS() (Total compute time + (read + SAM) IO time) : 355.92
	MEM_PROCESS_SEQ() (Total compute time (Kernel + SAM)), avg: 345.20, (345.20, 345.20)

	 SAM Processing time (sec):
	--WORKER_SAM avg: 26.79, (26.79, 26.79)

	Kernels' compute time (sec):
	Total kernel (smem+sal+bsw) time avg: 317.43, (317.43, 317.43)
		SMEM compute avg: 231.26, (231.26, 231.26)
		SAL compute avg: 13.85, (13.85, 13.85)
		BSW time, avg: 69.44, (69.44, 69.44)

	Total re-allocs: 4452194 out of total requests: 4584866, Rate: 0.97

Important parameter settings: 
	BATCH_SIZE: 512
	MAX_SEQ_LEN_REF: 256
	MAX_SEQ_LEN_QER: 128
	MAX_SEQ_LEN8: 128
	SEEDS_PER_READ: 500
	SIMD_WIDTH8 X: 32
	SIMD_WIDTH16 X: 16
	AVG_SEEDS_PER_READ: 64
[bam_sort_core] merging from 2 files and 1 in-memory blocks...
