-----------------------------
Executing in AVX2 mode!!
-----------------------------
* Ref file: data/assembled/Sample_Maccabi_Ecoli_SeqPlate5_A12/assembly
* Entering FMI_search
* Index file found. Loading index from data/assembled/Sample_Maccabi_Ecoli_SeqPlate5_A12/assembly.bwt.8bit.32
* Reference seq len for bi-index = 9753683
* Count:
0,	1
1,	2406454
2,	4876842
3,	7347230
4,	9753683

* Reading other elements of the index from files data/assembled/Sample_Maccabi_Ecoli_SeqPlate5_A12/assembly
* Index prefix: data/assembled/Sample_Maccabi_Ecoli_SeqPlate5_A12/assembly
* Read 0 ALT contigs
* Done reading Index!!
* Reading reference genome..
* Binary seq file = data/assembled/Sample_Maccabi_Ecoli_SeqPlate5_A12/assembly.0123
* Reference genome size: 9753682 bp
* Done reading reference genome !!

------------------------------------------
1. Memory pre-allocation for Chaining: 139.3584 MB
2. Memory pre-allocation for BSW: 239.6170 MB
3. Memory pre-allocation for BWT: 77.3142 MB
------------------------------------------
* Threads used (compute): 1
* No. of pipeline threads: 2

[0000] read_chunk: 10000000, work_chunk_size: 10000205, nseq: 84714
	[0000][ M::kt_pipeline] read 84714 sequences (10000205 bp)...
[0000] Reallocating initial memory allocations!!
[0000] Calling mem_process_seqs.., task: 0
[0000] 1. Calling kt_for - worker_bwt
[0000] read_chunk: 10000000, work_chunk_size: 10000076, nseq: 84906
	[0000][ M::kt_pipeline] read 84906 sequences (10000076 bp)...
[0000] 2. Calling kt_for - worker_aln
[0000] Inferring insert size distribution of PE reads from data, l_pac: 4876841, n: 84714
[0000][PE] # candidate unique pairs for (FF, FR, RF, RR): (0, 40868, 3, 0)
[0000][PE] skip orientation FF as there are not enough pairs
[0000][PE] analyzing insert size distribution for orientation FR...
[0000][PE] (25, 50, 75) percentile: (128, 191, 281)
[0000][PE] low and high boundaries for computing mean and std.dev: (1, 587)
[0000][PE] mean and std.dev: (212.30, 111.82)
[0000][PE] low and high boundaries for proper pairs: (1, 740)
[0000][PE] skip orientation RF as there are not enough pairs
[0000][PE] skip orientation RR as there are not enough pairs
[0000] 3. Calling kt_for - worker_sam
	[0000][ M::mem_process_seqs] Processed 84714 reads in 6.029 CPU sec, 5.697 real sec
[0000] Reallocating initial memory allocations!!
[0000] Calling mem_process_seqs.., task: 1
[0000] 1. Calling kt_for - worker_bwt
[0000] read_chunk: 10000000, work_chunk_size: 10000159, nseq: 85108
	[0000][ M::kt_pipeline] read 85108 sequences (10000159 bp)...
[0000] 2. Calling kt_for - worker_aln
[0000] Inferring insert size distribution of PE reads from data, l_pac: 4876841, n: 84906
[0000][PE] # candidate unique pairs for (FF, FR, RF, RR): (0, 40902, 3, 0)
[0000][PE] skip orientation FF as there are not enough pairs
[0000][PE] analyzing insert size distribution for orientation FR...
[0000][PE] (25, 50, 75) percentile: (125, 188, 277)
[0000][PE] low and high boundaries for computing mean and std.dev: (1, 581)
[0000][PE] mean and std.dev: (208.66, 110.03)
[0000][PE] low and high boundaries for proper pairs: (1, 733)
[0000][PE] skip orientation RF as there are not enough pairs
[0000][PE] skip orientation RR as there are not enough pairs
[0000] 3. Calling kt_for - worker_sam
	[0000][ M::mem_process_seqs] Processed 84906 reads in 6.133 CPU sec, 5.735 real sec
[0000] Reallocating initial memory allocations!!
[0000] Calling mem_process_seqs.., task: 2
[0000] 1. Calling kt_for - worker_bwt
[0000] read_chunk: 10000000, work_chunk_size: 10000082, nseq: 85242
	[0000][ M::kt_pipeline] read 85242 sequences (10000082 bp)...
[0000] 2. Calling kt_for - worker_aln
[0000] Inferring insert size distribution of PE reads from data, l_pac: 4876841, n: 85108
[0000][PE] # candidate unique pairs for (FF, FR, RF, RR): (0, 41057, 4, 0)
[0000][PE] skip orientation FF as there are not enough pairs
[0000][PE] analyzing insert size distribution for orientation FR...
[0000][PE] (25, 50, 75) percentile: (124, 185, 272)
[0000][PE] low and high boundaries for computing mean and std.dev: (1, 568)
[0000][PE] mean and std.dev: (205.58, 108.18)
[0000][PE] low and high boundaries for proper pairs: (1, 716)
[0000][PE] skip orientation RF as there are not enough pairs
[0000][PE] skip orientation RR as there are not enough pairs
[0000] 3. Calling kt_for - worker_sam
	[0000][ M::mem_process_seqs] Processed 85108 reads in 6.410 CPU sec, 6.002 real sec
[0000] Reallocating initial memory allocations!!
[0000] Calling mem_process_seqs.., task: 3
[0000] 1. Calling kt_for - worker_bwt
[0000] read_chunk: 10000000, work_chunk_size: 10000242, nseq: 85524
	[0000][ M::kt_pipeline] read 85524 sequences (10000242 bp)...
[0000] 2. Calling kt_for - worker_aln
[0000] Inferring insert size distribution of PE reads from data, l_pac: 4876841, n: 85242
[0000][PE] # candidate unique pairs for (FF, FR, RF, RR): (0, 41029, 2, 0)
[0000][PE] skip orientation FF as there are not enough pairs
[0000][PE] analyzing insert size distribution for orientation FR...
[0000][PE] (25, 50, 75) percentile: (123, 184, 270)
[0000][PE] low and high boundaries for computing mean and std.dev: (1, 564)
[0000][PE] mean and std.dev: (203.91, 107.04)
[0000][PE] low and high boundaries for proper pairs: (1, 711)
[0000][PE] skip orientation RF as there are not enough pairs
[0000][PE] skip orientation RR as there are not enough pairs
[0000] 3. Calling kt_for - worker_sam
	[0000][ M::mem_process_seqs] Processed 85242 reads in 6.603 CPU sec, 6.210 real sec
[0000] Reallocating initial memory allocations!!
[0000] Calling mem_process_seqs.., task: 4
[0000] 1. Calling kt_for - worker_bwt
[0000] read_chunk: 10000000, work_chunk_size: 10000021, nseq: 85584
	[0000][ M::kt_pipeline] read 85584 sequences (10000021 bp)...
[0000] 2. Calling kt_for - worker_aln
[0000] Inferring insert size distribution of PE reads from data, l_pac: 4876841, n: 85524
[0000][PE] # candidate unique pairs for (FF, FR, RF, RR): (0, 41248, 1, 0)
[0000][PE] skip orientation FF as there are not enough pairs
[0000][PE] analyzing insert size distribution for orientation FR...
[0000][PE] (25, 50, 75) percentile: (121, 181, 265)
[0000][PE] low and high boundaries for computing mean and std.dev: (1, 553)
[0000][PE] mean and std.dev: (199.73, 104.30)
[0000][PE] low and high boundaries for proper pairs: (1, 697)
[0000][PE] skip orientation RF as there are not enough pairs
[0000][PE] skip orientation RR as there are not enough pairs
[0000] 3. Calling kt_for - worker_sam
	[0000][ M::mem_process_seqs] Processed 85524 reads in 6.537 CPU sec, 6.116 real sec
[0000] Reallocating initial memory allocations!!
[0000] Calling mem_process_seqs.., task: 5
[0000] 1. Calling kt_for - worker_bwt
[0000] read_chunk: 10000000, work_chunk_size: 10000248, nseq: 84938
	[0000][ M::kt_pipeline] read 84938 sequences (10000248 bp)...
[0000] 2. Calling kt_for - worker_aln
[0000] Inferring insert size distribution of PE reads from data, l_pac: 4876841, n: 85584
[0000][PE] # candidate unique pairs for (FF, FR, RF, RR): (0, 41302, 1, 0)
[0000][PE] skip orientation FF as there are not enough pairs
[0000][PE] analyzing insert size distribution for orientation FR...
[0000][PE] (25, 50, 75) percentile: (121, 180, 263)
[0000][PE] low and high boundaries for computing mean and std.dev: (1, 547)
[0000][PE] mean and std.dev: (198.62, 103.44)
[0000][PE] low and high boundaries for proper pairs: (1, 689)
[0000][PE] skip orientation RF as there are not enough pairs
[0000][PE] skip orientation RR as there are not enough pairs
[0000] 3. Calling kt_for - worker_sam
	[0000][ M::mem_process_seqs] Processed 85584 reads in 6.709 CPU sec, 6.373 real sec
[0000] Calling mem_process_seqs.., task: 6
[0000] 1. Calling kt_for - worker_bwt
[0000] read_chunk: 10000000, work_chunk_size: 10000132, nseq: 84876
	[0000][ M::kt_pipeline] read 84876 sequences (10000132 bp)...
[0000] 2. Calling kt_for - worker_aln
[0000] Inferring insert size distribution of PE reads from data, l_pac: 4876841, n: 84938
[0000][PE] # candidate unique pairs for (FF, FR, RF, RR): (0, 40973, 3, 0)
[0000][PE] skip orientation FF as there are not enough pairs
[0000][PE] analyzing insert size distribution for orientation FR...
[0000][PE] (25, 50, 75) percentile: (125, 185, 272)
[0000][PE] low and high boundaries for computing mean and std.dev: (1, 566)
[0000][PE] mean and std.dev: (205.61, 107.46)
[0000][PE] low and high boundaries for proper pairs: (1, 713)
[0000][PE] skip orientation RF as there are not enough pairs
[0000][PE] skip orientation RR as there are not enough pairs
[0000] 3. Calling kt_for - worker_sam
	[0000][ M::mem_process_seqs] Processed 84938 reads in 6.200 CPU sec, 5.805 real sec
[0000] Calling mem_process_seqs.., task: 7
[0000] 1. Calling kt_for - worker_bwt
[0000] read_chunk: 10000000, work_chunk_size: 10000046, nseq: 85094
	[0000][ M::kt_pipeline] read 85094 sequences (10000046 bp)...
[0000] 2. Calling kt_for - worker_aln
[0000] Inferring insert size distribution of PE reads from data, l_pac: 4876841, n: 84876
[0000][PE] # candidate unique pairs for (FF, FR, RF, RR): (1, 40912, 0, 2)
[0000][PE] skip orientation FF as there are not enough pairs
[0000][PE] analyzing insert size distribution for orientation FR...
[0000][PE] (25, 50, 75) percentile: (126, 189, 279)
[0000][PE] low and high boundaries for computing mean and std.dev: (1, 585)
[0000][PE] mean and std.dev: (210.45, 111.92)
[0000][PE] low and high boundaries for proper pairs: (1, 738)
[0000][PE] skip orientation RF as there are not enough pairs
[0000][PE] skip orientation RR as there are not enough pairs
[0000] 3. Calling kt_for - worker_sam
	[0000][ M::mem_process_seqs] Processed 84876 reads in 6.027 CPU sec, 5.660 real sec
[0000] Calling mem_process_seqs.., task: 8
[0000] 1. Calling kt_for - worker_bwt
[0000] read_chunk: 10000000, work_chunk_size: 10000203, nseq: 85086
	[0000][ M::kt_pipeline] read 85086 sequences (10000203 bp)...
[0000] 2. Calling kt_for - worker_aln
[0000] Inferring insert size distribution of PE reads from data, l_pac: 4876841, n: 85094
[0000][PE] # candidate unique pairs for (FF, FR, RF, RR): (0, 41125, 3, 0)
[0000][PE] skip orientation FF as there are not enough pairs
[0000][PE] analyzing insert size distribution for orientation FR...
[0000][PE] (25, 50, 75) percentile: (125, 187, 274)
[0000][PE] low and high boundaries for computing mean and std.dev: (1, 572)
[0000][PE] mean and std.dev: (206.68, 108.88)
[0000][PE] low and high boundaries for proper pairs: (1, 721)
[0000][PE] skip orientation RF as there are not enough pairs
[0000][PE] skip orientation RR as there are not enough pairs
[0000] 3. Calling kt_for - worker_sam
	[0000][ M::mem_process_seqs] Processed 85094 reads in 6.107 CPU sec, 5.688 real sec
[0000] Calling mem_process_seqs.., task: 9
[0000] 1. Calling kt_for - worker_bwt
[0000] read_chunk: 10000000, work_chunk_size: 10000034, nseq: 85436
	[0000][ M::kt_pipeline] read 85436 sequences (10000034 bp)...
[0000] 2. Calling kt_for - worker_aln
[0000] Inferring insert size distribution of PE reads from data, l_pac: 4876841, n: 85086
[0000][PE] # candidate unique pairs for (FF, FR, RF, RR): (0, 41095, 4, 1)
[0000][PE] skip orientation FF as there are not enough pairs
[0000][PE] analyzing insert size distribution for orientation FR...
[0000][PE] (25, 50, 75) percentile: (124, 186, 272)
[0000][PE] low and high boundaries for computing mean and std.dev: (1, 568)
[0000][PE] mean and std.dev: (205.82, 107.69)
[0000][PE] low and high boundaries for proper pairs: (1, 716)
[0000][PE] skip orientation RF as there are not enough pairs
[0000][PE] skip orientation RR as there are not enough pairs
[0000] 3. Calling kt_for - worker_sam
	[0000][ M::mem_process_seqs] Processed 85086 reads in 6.061 CPU sec, 5.685 real sec
[0000] Calling mem_process_seqs.., task: 10
[0000] 1. Calling kt_for - worker_bwt
[0000] read_chunk: 10000000, work_chunk_size: 10000051, nseq: 85658
	[0000][ M::kt_pipeline] read 85658 sequences (10000051 bp)...
[0000] 2. Calling kt_for - worker_aln
[0000] Inferring insert size distribution of PE reads from data, l_pac: 4876841, n: 85436
[0000][PE] # candidate unique pairs for (FF, FR, RF, RR): (0, 41214, 2, 0)
[0000][PE] skip orientation FF as there are not enough pairs
[0000][PE] analyzing insert size distribution for orientation FR...
[0000][PE] (25, 50, 75) percentile: (122, 182, 268)
[0000][PE] low and high boundaries for computing mean and std.dev: (1, 560)
[0000][PE] mean and std.dev: (202.37, 106.43)
[0000][PE] low and high boundaries for proper pairs: (1, 706)
[0000][PE] skip orientation RF as there are not enough pairs
[0000][PE] skip orientation RR as there are not enough pairs
[0000] 3. Calling kt_for - worker_sam
	[0000][ M::mem_process_seqs] Processed 85436 reads in 5.951 CPU sec, 5.570 real sec
[0000] Reallocating initial memory allocations!!
[0000] Calling mem_process_seqs.., task: 11
[0000] 1. Calling kt_for - worker_bwt
[0000] read_chunk: 10000000, work_chunk_size: 10000033, nseq: 85370
	[0000][ M::kt_pipeline] read 85370 sequences (10000033 bp)...
[0000] 2. Calling kt_for - worker_aln
[0000] Inferring insert size distribution of PE reads from data, l_pac: 4876841, n: 85658
[0000][PE] # candidate unique pairs for (FF, FR, RF, RR): (1, 41344, 6, 0)
[0000][PE] skip orientation FF as there are not enough pairs
[0000][PE] analyzing insert size distribution for orientation FR...
[0000][PE] (25, 50, 75) percentile: (120, 179, 263)
[0000][PE] low and high boundaries for computing mean and std.dev: (1, 549)
[0000][PE] mean and std.dev: (198.92, 104.30)
[0000][PE] low and high boundaries for proper pairs: (1, 692)
[0000][PE] skip orientation RF as there are not enough pairs
[0000][PE] skip orientation RR as there are not enough pairs
[0000] 3. Calling kt_for - worker_sam
	[0000][ M::mem_process_seqs] Processed 85658 reads in 5.915 CPU sec, 5.592 real sec
[0000] Calling mem_process_seqs.., task: 12
[0000] 1. Calling kt_for - worker_bwt
[0000] read_chunk: 10000000, work_chunk_size: 10000047, nseq: 84756
	[0000][ M::kt_pipeline] read 84756 sequences (10000047 bp)...
[0000] 2. Calling kt_for - worker_aln
[0000] Inferring insert size distribution of PE reads from data, l_pac: 4876841, n: 85370
[0000][PE] # candidate unique pairs for (FF, FR, RF, RR): (0, 41095, 5, 0)
[0000][PE] skip orientation FF as there are not enough pairs
[0000][PE] analyzing insert size distribution for orientation FR...
[0000][PE] (25, 50, 75) percentile: (121, 181, 264)
[0000][PE] low and high boundaries for computing mean and std.dev: (1, 550)
[0000][PE] mean and std.dev: (199.61, 103.67)
[0000][PE] low and high boundaries for proper pairs: (1, 693)
[0000][PE] skip orientation RF as there are not enough pairs
[0000][PE] skip orientation RR as there are not enough pairs
[0000] 3. Calling kt_for - worker_sam
	[0000][ M::mem_process_seqs] Processed 85370 reads in 6.428 CPU sec, 6.084 real sec
[0000] Calling mem_process_seqs.., task: 13
[0000] 1. Calling kt_for - worker_bwt
[0000] read_chunk: 10000000, work_chunk_size: 10000032, nseq: 84866
	[0000][ M::kt_pipeline] read 84866 sequences (10000032 bp)...
[0000] 2. Calling kt_for - worker_aln
[0000] Inferring insert size distribution of PE reads from data, l_pac: 4876841, n: 84756
[0000][PE] # candidate unique pairs for (FF, FR, RF, RR): (2, 40903, 3, 1)
[0000][PE] skip orientation FF as there are not enough pairs
[0000][PE] analyzing insert size distribution for orientation FR...
[0000][PE] (25, 50, 75) percentile: (127, 190, 279)
[0000][PE] low and high boundaries for computing mean and std.dev: (1, 583)
[0000][PE] mean and std.dev: (210.31, 110.29)
[0000][PE] low and high boundaries for proper pairs: (1, 735)
[0000][PE] skip orientation RF as there are not enough pairs
[0000][PE] skip orientation RR as there are not enough pairs
[0000] 3. Calling kt_for - worker_sam
	[0000][ M::mem_process_seqs] Processed 84756 reads in 6.266 CPU sec, 5.860 real sec
[0000] Calling mem_process_seqs.., task: 14
[0000] 1. Calling kt_for - worker_bwt
[0000] read_chunk: 10000000, work_chunk_size: 10000180, nseq: 85054
	[0000][ M::kt_pipeline] read 85054 sequences (10000180 bp)...
[0000] 2. Calling kt_for - worker_aln
[0000] Inferring insert size distribution of PE reads from data, l_pac: 4876841, n: 84866
[0000][PE] # candidate unique pairs for (FF, FR, RF, RR): (1, 40973, 0, 0)
[0000][PE] skip orientation FF as there are not enough pairs
[0000][PE] analyzing insert size distribution for orientation FR...
[0000][PE] (25, 50, 75) percentile: (127, 189, 276)
[0000][PE] low and high boundaries for computing mean and std.dev: (1, 574)
[0000][PE] mean and std.dev: (208.75, 109.30)
[0000][PE] low and high boundaries for proper pairs: (1, 723)
[0000][PE] skip orientation RF as there are not enough pairs
[0000][PE] skip orientation RR as there are not enough pairs
[0000] 3. Calling kt_for - worker_sam
	[0000][ M::mem_process_seqs] Processed 84866 reads in 6.393 CPU sec, 6.003 real sec
[0000] Calling mem_process_seqs.., task: 15
[0000] 1. Calling kt_for - worker_bwt
[0000] read_chunk: 10000000, work_chunk_size: 10000228, nseq: 85082
	[0000][ M::kt_pipeline] read 85082 sequences (10000228 bp)...
[0000] 2. Calling kt_for - worker_aln
[0000] Inferring insert size distribution of PE reads from data, l_pac: 4876841, n: 85054
[0000][PE] # candidate unique pairs for (FF, FR, RF, RR): (0, 41020, 1, 0)
[0000][PE] skip orientation FF as there are not enough pairs
[0000][PE] analyzing insert size distribution for orientation FR...
[0000][PE] (25, 50, 75) percentile: (125, 188, 277)
[0000][PE] low and high boundaries for computing mean and std.dev: (1, 581)
[0000][PE] mean and std.dev: (209.08, 111.50)
[0000][PE] low and high boundaries for proper pairs: (1, 733)
[0000][PE] skip orientation RF as there are not enough pairs
[0000][PE] skip orientation RR as there are not enough pairs
[0000] 3. Calling kt_for - worker_sam
	[0000][ M::mem_process_seqs] Processed 85054 reads in 6.920 CPU sec, 6.541 real sec
[0000] Calling mem_process_seqs.., task: 16
[0000] 1. Calling kt_for - worker_bwt
[0000] read_chunk: 10000000, work_chunk_size: 10000072, nseq: 85394
	[0000][ M::kt_pipeline] read 85394 sequences (10000072 bp)...
[0000] 2. Calling kt_for - worker_aln
[0000] Inferring insert size distribution of PE reads from data, l_pac: 4876841, n: 85082
[0000][PE] # candidate unique pairs for (FF, FR, RF, RR): (0, 41025, 5, 1)
[0000][PE] skip orientation FF as there are not enough pairs
[0000][PE] analyzing insert size distribution for orientation FR...
[0000][PE] (25, 50, 75) percentile: (124, 186, 272)
[0000][PE] low and high boundaries for computing mean and std.dev: (1, 568)
[0000][PE] mean and std.dev: (205.71, 107.50)
[0000][PE] low and high boundaries for proper pairs: (1, 716)
[0000][PE] skip orientation RF as there are not enough pairs
[0000][PE] skip orientation RR as there are not enough pairs
[0000] 3. Calling kt_for - worker_sam
	[0000][ M::mem_process_seqs] Processed 85082 reads in 6.694 CPU sec, 6.306 real sec
[0000] Calling mem_process_seqs.., task: 17
[0000] 1. Calling kt_for - worker_bwt
[0000] read_chunk: 10000000, work_chunk_size: 10000036, nseq: 85454
	[0000][ M::kt_pipeline] read 85454 sequences (10000036 bp)...
[0000] 2. Calling kt_for - worker_aln
[0000] Inferring insert size distribution of PE reads from data, l_pac: 4876841, n: 85394
[0000][PE] # candidate unique pairs for (FF, FR, RF, RR): (0, 41167, 1, 0)
[0000][PE] skip orientation FF as there are not enough pairs
[0000][PE] analyzing insert size distribution for orientation FR...
[0000][PE] (25, 50, 75) percentile: (122, 181, 267)
[0000][PE] low and high boundaries for computing mean and std.dev: (1, 557)
[0000][PE] mean and std.dev: (201.62, 105.86)
[0000][PE] low and high boundaries for proper pairs: (1, 702)
[0000][PE] skip orientation RF as there are not enough pairs
[0000][PE] skip orientation RR as there are not enough pairs
[0000] 3. Calling kt_for - worker_sam
	[0000][ M::mem_process_seqs] Processed 85394 reads in 6.701 CPU sec, 6.320 real sec
[0000] Calling mem_process_seqs.., task: 18
[0000] 1. Calling kt_for - worker_bwt
[0000] read_chunk: 10000000, work_chunk_size: 10000022, nseq: 85324
	[0000][ M::kt_pipeline] read 85324 sequences (10000022 bp)...
[0000] 2. Calling kt_for - worker_aln
[0000] Inferring insert size distribution of PE reads from data, l_pac: 4876841, n: 85454
[0000][PE] # candidate unique pairs for (FF, FR, RF, RR): (0, 41316, 5, 0)
[0000][PE] skip orientation FF as there are not enough pairs
[0000][PE] analyzing insert size distribution for orientation FR...
[0000][PE] (25, 50, 75) percentile: (122, 182, 267)
[0000][PE] low and high boundaries for computing mean and std.dev: (1, 557)
[0000][PE] mean and std.dev: (201.31, 105.32)
[0000][PE] low and high boundaries for proper pairs: (1, 702)
[0000][PE] skip orientation RF as there are not enough pairs
[0000][PE] skip orientation RR as there are not enough pairs
[0000] 3. Calling kt_for - worker_sam
	[0000][ M::mem_process_seqs] Processed 85454 reads in 6.314 CPU sec, 5.894 real sec
[0000] Calling mem_process_seqs.., task: 19
[0000] 1. Calling kt_for - worker_bwt
[0000] read_chunk: 10000000, work_chunk_size: 10000143, nseq: 84788
	[0000][ M::kt_pipeline] read 84788 sequences (10000143 bp)...
[0000] 2. Calling kt_for - worker_aln
[0000] Inferring insert size distribution of PE reads from data, l_pac: 4876841, n: 85324
[0000][PE] # candidate unique pairs for (FF, FR, RF, RR): (0, 41191, 4, 0)
[0000][PE] skip orientation FF as there are not enough pairs
[0000][PE] analyzing insert size distribution for orientation FR...
[0000][PE] (25, 50, 75) percentile: (122, 182, 267)
[0000][PE] low and high boundaries for computing mean and std.dev: (1, 557)
[0000][PE] mean and std.dev: (202.16, 105.99)
[0000][PE] low and high boundaries for proper pairs: (1, 702)
[0000][PE] skip orientation RF as there are not enough pairs
[0000][PE] skip orientation RR as there are not enough pairs
[0000] 3. Calling kt_for - worker_sam
	[0000][ M::mem_process_seqs] Processed 85324 reads in 6.191 CPU sec, 5.765 real sec
[0000] Calling mem_process_seqs.., task: 20
[0000] 1. Calling kt_for - worker_bwt
[0000] read_chunk: 10000000, work_chunk_size: 10000214, nseq: 85006
	[0000][ M::kt_pipeline] read 85006 sequences (10000214 bp)...
[0000] 2. Calling kt_for - worker_aln
[0000] Inferring insert size distribution of PE reads from data, l_pac: 4876841, n: 84788
[0000][PE] # candidate unique pairs for (FF, FR, RF, RR): (0, 40823, 0, 0)
[0000][PE] skip orientation FF as there are not enough pairs
[0000][PE] analyzing insert size distribution for orientation FR...
[0000][PE] (25, 50, 75) percentile: (128, 191, 280)
[0000][PE] low and high boundaries for computing mean and std.dev: (1, 584)
[0000][PE] mean and std.dev: (211.24, 110.74)
[0000][PE] low and high boundaries for proper pairs: (1, 736)
[0000][PE] skip orientation RF as there are not enough pairs
[0000][PE] skip orientation RR as there are not enough pairs
[0000] 3. Calling kt_for - worker_sam
	[0000][ M::mem_process_seqs] Processed 84788 reads in 6.499 CPU sec, 6.103 real sec
[0000] Calling mem_process_seqs.., task: 21
[0000] 1. Calling kt_for - worker_bwt
[0000] read_chunk: 10000000, work_chunk_size: 10000122, nseq: 85118
	[0000][ M::kt_pipeline] read 85118 sequences (10000122 bp)...
[0000] 2. Calling kt_for - worker_aln
[0000] Inferring insert size distribution of PE reads from data, l_pac: 4876841, n: 85006
[0000][PE] # candidate unique pairs for (FF, FR, RF, RR): (0, 40960, 4, 0)
[0000][PE] skip orientation FF as there are not enough pairs
[0000][PE] analyzing insert size distribution for orientation FR...
[0000][PE] (25, 50, 75) percentile: (125, 188, 278)
[0000][PE] low and high boundaries for computing mean and std.dev: (1, 584)
[0000][PE] mean and std.dev: (208.96, 110.89)
[0000][PE] low and high boundaries for proper pairs: (1, 737)
[0000][PE] skip orientation RF as there are not enough pairs
[0000][PE] skip orientation RR as there are not enough pairs
[0000] 3. Calling kt_for - worker_sam
	[0000][ M::mem_process_seqs] Processed 85006 reads in 6.789 CPU sec, 6.383 real sec
[0000] Calling mem_process_seqs.., task: 22
[0000] 1. Calling kt_for - worker_bwt
[0000] read_chunk: 10000000, work_chunk_size: 10000082, nseq: 85132
	[0000][ M::kt_pipeline] read 85132 sequences (10000082 bp)...
[0000] 2. Calling kt_for - worker_aln
[0000] Inferring insert size distribution of PE reads from data, l_pac: 4876841, n: 85118
[0000][PE] # candidate unique pairs for (FF, FR, RF, RR): (0, 41054, 3, 1)
[0000][PE] skip orientation FF as there are not enough pairs
[0000][PE] analyzing insert size distribution for orientation FR...
[0000][PE] (25, 50, 75) percentile: (125, 186, 275)
[0000][PE] low and high boundaries for computing mean and std.dev: (1, 575)
[0000][PE] mean and std.dev: (206.50, 108.43)
[0000][PE] low and high boundaries for proper pairs: (1, 725)
[0000][PE] skip orientation RF as there are not enough pairs
[0000][PE] skip orientation RR as there are not enough pairs
[0000] 3. Calling kt_for - worker_sam
	[0000][ M::mem_process_seqs] Processed 85118 reads in 6.393 CPU sec, 5.986 real sec
[0000] Calling mem_process_seqs.., task: 23
[0000] 1. Calling kt_for - worker_bwt
[0000] read_chunk: 10000000, work_chunk_size: 10000074, nseq: 85330
	[0000][ M::kt_pipeline] read 85330 sequences (10000074 bp)...
[0000] 2. Calling kt_for - worker_aln
[0000] Inferring insert size distribution of PE reads from data, l_pac: 4876841, n: 85132
[0000][PE] # candidate unique pairs for (FF, FR, RF, RR): (0, 41013, 2, 0)
[0000][PE] skip orientation FF as there are not enough pairs
[0000][PE] analyzing insert size distribution for orientation FR...
[0000][PE] (25, 50, 75) percentile: (124, 185, 271)
[0000][PE] low and high boundaries for computing mean and std.dev: (1, 565)
[0000][PE] mean and std.dev: (205.12, 107.41)
[0000][PE] low and high boundaries for proper pairs: (1, 712)
[0000][PE] skip orientation RF as there are not enough pairs
[0000][PE] skip orientation RR as there are not enough pairs
[0000] 3. Calling kt_for - worker_sam
	[0000][ M::mem_process_seqs] Processed 85132 reads in 6.579 CPU sec, 6.181 real sec
[0000] Calling mem_process_seqs.., task: 24
[0000] 1. Calling kt_for - worker_bwt
[0000] read_chunk: 10000000, work_chunk_size: 10000028, nseq: 85450
	[0000][ M::kt_pipeline] read 85450 sequences (10000028 bp)...
[0000] 2. Calling kt_for - worker_aln
[0000] Inferring insert size distribution of PE reads from data, l_pac: 4876841, n: 85330
[0000][PE] # candidate unique pairs for (FF, FR, RF, RR): (1, 41165, 5, 0)
[0000][PE] skip orientation FF as there are not enough pairs
[0000][PE] analyzing insert size distribution for orientation FR...
[0000][PE] (25, 50, 75) percentile: (122, 183, 268)
[0000][PE] low and high boundaries for computing mean and std.dev: (1, 560)
[0000][PE] mean and std.dev: (202.20, 105.77)
[0000][PE] low and high boundaries for proper pairs: (1, 706)
[0000][PE] skip orientation RF as there are not enough pairs
[0000][PE] skip orientation RR as there are not enough pairs
[0000] 3. Calling kt_for - worker_sam
	[0000][ M::mem_process_seqs] Processed 85330 reads in 6.585 CPU sec, 6.197 real sec
[0000] Calling mem_process_seqs.., task: 25
[0000] 1. Calling kt_for - worker_bwt
[0000] read_chunk: 10000000, work_chunk_size: 10000139, nseq: 84748
	[0000][ M::kt_pipeline] read 84748 sequences (10000139 bp)...
[0000] 2. Calling kt_for - worker_aln
[0000] Inferring insert size distribution of PE reads from data, l_pac: 4876841, n: 85450
[0000][PE] # candidate unique pairs for (FF, FR, RF, RR): (0, 41198, 4, 2)
[0000][PE] skip orientation FF as there are not enough pairs
[0000][PE] analyzing insert size distribution for orientation FR...
[0000][PE] (25, 50, 75) percentile: (121, 181, 265)
[0000][PE] low and high boundaries for computing mean and std.dev: (1, 553)
[0000][PE] mean and std.dev: (200.47, 104.71)
[0000][PE] low and high boundaries for proper pairs: (1, 697)
[0000][PE] skip orientation RF as there are not enough pairs
[0000][PE] skip orientation RR as there are not enough pairs
[0000] 3. Calling kt_for - worker_sam
	[0000][ M::mem_process_seqs] Processed 85450 reads in 6.710 CPU sec, 6.308 real sec
[0000] Calling mem_process_seqs.., task: 26
[0000] 1. Calling kt_for - worker_bwt
[0000] 2. Calling kt_for - worker_aln
[0000] Inferring insert size distribution of PE reads from data, l_pac: 4876841, n: 84748
[0000][PE] # candidate unique pairs for (FF, FR, RF, RR): (0, 40789, 5, 0)
[0000][PE] skip orientation FF as there are not enough pairs
[0000][PE] analyzing insert size distribution for orientation FR...
[0000][PE] (25, 50, 75) percentile: (127, 189, 277)
[0000][PE] low and high boundaries for computing mean and std.dev: (1, 577)
[0000][PE] mean and std.dev: (209.55, 109.69)
[0000][PE] low and high boundaries for proper pairs: (1, 727)
[0000][PE] skip orientation RF as there are not enough pairs
[0000][PE] skip orientation RR as there are not enough pairs
[0000] 3. Calling kt_for - worker_sam
	[0000][ M::mem_process_seqs] Processed 84748 reads in 6.611 CPU sec, 6.571 real sec
[0000] read_chunk: 10000000, work_chunk_size: 10000088, nseq: 84912
	[0000][ M::kt_pipeline] read 84912 sequences (10000088 bp)...
[0000] Calling mem_process_seqs.., task: 27
[0000] 1. Calling kt_for - worker_bwt
[0000] read_chunk: 10000000, work_chunk_size: 10000108, nseq: 85146
	[0000][ M::kt_pipeline] read 85146 sequences (10000108 bp)...
[0000] 2. Calling kt_for - worker_aln
[0000] Inferring insert size distribution of PE reads from data, l_pac: 4876841, n: 84912
[0000][PE] # candidate unique pairs for (FF, FR, RF, RR): (0, 40961, 4, 0)
[0000][PE] skip orientation FF as there are not enough pairs
[0000][PE] analyzing insert size distribution for orientation FR...
[0000][PE] (25, 50, 75) percentile: (126, 189, 279)
[0000][PE] low and high boundaries for computing mean and std.dev: (1, 585)
[0000][PE] mean and std.dev: (210.12, 110.94)
[0000][PE] low and high boundaries for proper pairs: (1, 738)
[0000][PE] skip orientation RF as there are not enough pairs
[0000][PE] skip orientation RR as there are not enough pairs
[0000] 3. Calling kt_for - worker_sam
	[0000][ M::mem_process_seqs] Processed 84912 reads in 6.112 CPU sec, 5.836 real sec
[0000] Calling mem_process_seqs.., task: 28
[0000] 1. Calling kt_for - worker_bwt
[0000] read_chunk: 10000000, work_chunk_size: 10000064, nseq: 85122
	[0000][ M::kt_pipeline] read 85122 sequences (10000064 bp)...
[0000] 2. Calling kt_for - worker_aln
[0000] Inferring insert size distribution of PE reads from data, l_pac: 4876841, n: 85146
[0000][PE] # candidate unique pairs for (FF, FR, RF, RR): (1, 41022, 4, 0)
[0000][PE] skip orientation FF as there are not enough pairs
[0000][PE] analyzing insert size distribution for orientation FR...
[0000][PE] (25, 50, 75) percentile: (124, 186, 273)
[0000][PE] low and high boundaries for computing mean and std.dev: (1, 571)
[0000][PE] mean and std.dev: (205.97, 108.23)
[0000][PE] low and high boundaries for proper pairs: (1, 720)
[0000][PE] skip orientation RF as there are not enough pairs
[0000][PE] skip orientation RR as there are not enough pairs
[0000] 3. Calling kt_for - worker_sam
	[0000][ M::mem_process_seqs] Processed 85146 reads in 6.578 CPU sec, 6.193 real sec
[0000] Calling mem_process_seqs.., task: 29
[0000] 1. Calling kt_for - worker_bwt
[0000] read_chunk: 10000000, work_chunk_size: 10000063, nseq: 85376
	[0000][ M::kt_pipeline] read 85376 sequences (10000063 bp)...
[0000] 2. Calling kt_for - worker_aln
[0000] Inferring insert size distribution of PE reads from data, l_pac: 4876841, n: 85122
[0000][PE] # candidate unique pairs for (FF, FR, RF, RR): (1, 41061, 2, 0)
[0000][PE] skip orientation FF as there are not enough pairs
[0000][PE] analyzing insert size distribution for orientation FR...
[0000][PE] (25, 50, 75) percentile: (124, 186, 271)
[0000][PE] low and high boundaries for computing mean and std.dev: (1, 565)
[0000][PE] mean and std.dev: (204.81, 106.70)
[0000][PE] low and high boundaries for proper pairs: (1, 712)
[0000][PE] skip orientation RF as there are not enough pairs
[0000][PE] skip orientation RR as there are not enough pairs
[0000] 3. Calling kt_for - worker_sam
	[0000][ M::mem_process_seqs] Processed 85122 reads in 6.421 CPU sec, 6.029 real sec
[0000] Calling mem_process_seqs.., task: 30
[0000] 1. Calling kt_for - worker_bwt
[0000] read_chunk: 10000000, work_chunk_size: 10000097, nseq: 85342
	[0000][ M::kt_pipeline] read 85342 sequences (10000097 bp)...
[0000] 2. Calling kt_for - worker_aln
[0000] Inferring insert size distribution of PE reads from data, l_pac: 4876841, n: 85376
[0000][PE] # candidate unique pairs for (FF, FR, RF, RR): (0, 41212, 5, 0)
[0000][PE] skip orientation FF as there are not enough pairs
[0000][PE] analyzing insert size distribution for orientation FR...
[0000][PE] (25, 50, 75) percentile: (122, 182, 266)
[0000][PE] low and high boundaries for computing mean and std.dev: (1, 554)
[0000][PE] mean and std.dev: (201.36, 105.19)
[0000][PE] low and high boundaries for proper pairs: (1, 698)
[0000][PE] skip orientation RF as there are not enough pairs
[0000][PE] skip orientation RR as there are not enough pairs
[0000] 3. Calling kt_for - worker_sam
	[0000][ M::mem_process_seqs] Processed 85376 reads in 6.538 CPU sec, 6.131 real sec
[0000] Calling mem_process_seqs.., task: 31
[0000] 1. Calling kt_for - worker_bwt
[0000] read_chunk: 10000000, work_chunk_size: 10000082, nseq: 85234
	[0000][ M::kt_pipeline] read 85234 sequences (10000082 bp)...
[0000] 2. Calling kt_for - worker_aln
[0000] Inferring insert size distribution of PE reads from data, l_pac: 4876841, n: 85342
[0000][PE] # candidate unique pairs for (FF, FR, RF, RR): (0, 41064, 1, 0)
[0000][PE] skip orientation FF as there are not enough pairs
[0000][PE] analyzing insert size distribution for orientation FR...
[0000][PE] (25, 50, 75) percentile: (122, 182, 266)
[0000][PE] low and high boundaries for computing mean and std.dev: (1, 554)
[0000][PE] mean and std.dev: (201.14, 104.41)
[0000][PE] low and high boundaries for proper pairs: (1, 698)
[0000][PE] skip orientation RF as there are not enough pairs
[0000][PE] skip orientation RR as there are not enough pairs
[0000] 3. Calling kt_for - worker_sam
	[0000][ M::mem_process_seqs] Processed 85342 reads in 6.857 CPU sec, 6.440 real sec
[0000] Calling mem_process_seqs.., task: 32
[0000] 1. Calling kt_for - worker_bwt
[0000] read_chunk: 10000000, work_chunk_size: 10000077, nseq: 84784
	[0000][ M::kt_pipeline] read 84784 sequences (10000077 bp)...
[0000] 2. Calling kt_for - worker_aln
[0000] Inferring insert size distribution of PE reads from data, l_pac: 4876841, n: 85234
[0000][PE] # candidate unique pairs for (FF, FR, RF, RR): (0, 41115, 1, 0)
[0000][PE] skip orientation FF as there are not enough pairs
[0000][PE] analyzing insert size distribution for orientation FR...
[0000][PE] (25, 50, 75) percentile: (122, 182, 265)
[0000][PE] low and high boundaries for computing mean and std.dev: (1, 551)
[0000][PE] mean and std.dev: (200.89, 103.71)
[0000][PE] low and high boundaries for proper pairs: (1, 694)
[0000][PE] skip orientation RF as there are not enough pairs
[0000][PE] skip orientation RR as there are not enough pairs
[0000] 3. Calling kt_for - worker_sam
	[0000][ M::mem_process_seqs] Processed 85234 reads in 6.849 CPU sec, 6.483 real sec
[0000] Calling mem_process_seqs.., task: 33
[0000] 1. Calling kt_for - worker_bwt
[0000] read_chunk: 10000000, work_chunk_size: 10000076, nseq: 84936
	[0000][ M::kt_pipeline] read 84936 sequences (10000076 bp)...
[0000] 2. Calling kt_for - worker_aln
[0000] Inferring insert size distribution of PE reads from data, l_pac: 4876841, n: 84784
[0000][PE] # candidate unique pairs for (FF, FR, RF, RR): (1, 40951, 4, 0)
[0000][PE] skip orientation FF as there are not enough pairs
[0000][PE] analyzing insert size distribution for orientation FR...
[0000][PE] (25, 50, 75) percentile: (127, 190, 280)
[0000][PE] low and high boundaries for computing mean and std.dev: (1, 586)
[0000][PE] mean and std.dev: (211.04, 111.50)
[0000][PE] low and high boundaries for proper pairs: (1, 739)
[0000][PE] skip orientation RF as there are not enough pairs
[0000][PE] skip orientation RR as there are not enough pairs
[0000] 3. Calling kt_for - worker_sam
	[0000][ M::mem_process_seqs] Processed 84784 reads in 6.890 CPU sec, 6.490 real sec
[0000] Calling mem_process_seqs.., task: 34
[0000] 1. Calling kt_for - worker_bwt
[0000] read_chunk: 10000000, work_chunk_size: 10000140, nseq: 84950
	[0000][ M::kt_pipeline] read 84950 sequences (10000140 bp)...
[0000] 2. Calling kt_for - worker_aln
[0000] Inferring insert size distribution of PE reads from data, l_pac: 4876841, n: 84936
[0000][PE] # candidate unique pairs for (FF, FR, RF, RR): (0, 40948, 3, 0)
[0000][PE] skip orientation FF as there are not enough pairs
[0000][PE] analyzing insert size distribution for orientation FR...
[0000][PE] (25, 50, 75) percentile: (125, 188, 277)
[0000][PE] low and high boundaries for computing mean and std.dev: (1, 581)
[0000][PE] mean and std.dev: (208.96, 110.18)
[0000][PE] low and high boundaries for proper pairs: (1, 733)
[0000][PE] skip orientation RF as there are not enough pairs
[0000][PE] skip orientation RR as there are not enough pairs
[0000] 3. Calling kt_for - worker_sam
	[0000][ M::mem_process_seqs] Processed 84936 reads in 6.909 CPU sec, 6.504 real sec
[0000] Calling mem_process_seqs.., task: 35
[0000] 1. Calling kt_for - worker_bwt
[0000] read_chunk: 10000000, work_chunk_size: 10000038, nseq: 85260
	[0000][ M::kt_pipeline] read 85260 sequences (10000038 bp)...
[0000] 2. Calling kt_for - worker_aln
[0000] Inferring insert size distribution of PE reads from data, l_pac: 4876841, n: 84950
[0000][PE] # candidate unique pairs for (FF, FR, RF, RR): (0, 40945, 0, 0)
[0000][PE] skip orientation FF as there are not enough pairs
[0000][PE] analyzing insert size distribution for orientation FR...
[0000][PE] (25, 50, 75) percentile: (126, 187, 274)
[0000][PE] low and high boundaries for computing mean and std.dev: (1, 570)
[0000][PE] mean and std.dev: (207.21, 108.40)
[0000][PE] low and high boundaries for proper pairs: (1, 718)
[0000][PE] skip orientation RF as there are not enough pairs
[0000][PE] skip orientation RR as there are not enough pairs
[0000] 3. Calling kt_for - worker_sam
	[0000][ M::mem_process_seqs] Processed 84950 reads in 6.994 CPU sec, 6.621 real sec
[0000] Calling mem_process_seqs.., task: 36
[0000] 1. Calling kt_for - worker_bwt
[0000] read_chunk: 10000000, work_chunk_size: 10000205, nseq: 85336
	[0000][ M::kt_pipeline] read 85336 sequences (10000205 bp)...
[0000] 2. Calling kt_for - worker_aln
[0000] Inferring insert size distribution of PE reads from data, l_pac: 4876841, n: 85260
[0000][PE] # candidate unique pairs for (FF, FR, RF, RR): (0, 41176, 3, 0)
[0000][PE] skip orientation FF as there are not enough pairs
[0000][PE] analyzing insert size distribution for orientation FR...
[0000][PE] (25, 50, 75) percentile: (123, 184, 270)
[0000][PE] low and high boundaries for computing mean and std.dev: (1, 564)
[0000][PE] mean and std.dev: (204.09, 107.03)
[0000][PE] low and high boundaries for proper pairs: (1, 711)
[0000][PE] skip orientation RF as there are not enough pairs
[0000][PE] skip orientation RR as there are not enough pairs
[0000] 3. Calling kt_for - worker_sam
	[0000][ M::mem_process_seqs] Processed 85260 reads in 6.754 CPU sec, 6.421 real sec
[0000] Calling mem_process_seqs.., task: 37
[0000] 1. Calling kt_for - worker_bwt
[0000] read_chunk: 10000000, work_chunk_size: 10000118, nseq: 85522
	[0000][ M::kt_pipeline] read 85522 sequences (10000118 bp)...
[0000] 2. Calling kt_for - worker_aln
[0000] Inferring insert size distribution of PE reads from data, l_pac: 4876841, n: 85336
[0000][PE] # candidate unique pairs for (FF, FR, RF, RR): (0, 41145, 1, 0)
[0000][PE] skip orientation FF as there are not enough pairs
[0000][PE] analyzing insert size distribution for orientation FR...
[0000][PE] (25, 50, 75) percentile: (122, 182, 267)
[0000][PE] low and high boundaries for computing mean and std.dev: (1, 557)
[0000][PE] mean and std.dev: (201.60, 104.97)
[0000][PE] low and high boundaries for proper pairs: (1, 702)
[0000][PE] skip orientation RF as there are not enough pairs
[0000][PE] skip orientation RR as there are not enough pairs
[0000] 3. Calling kt_for - worker_sam
	[0000][ M::mem_process_seqs] Processed 85336 reads in 6.822 CPU sec, 6.414 real sec
[0000] Calling mem_process_seqs.., task: 38
[0000] 1. Calling kt_for - worker_bwt
[0000] read_chunk: 10000000, work_chunk_size: 10000062, nseq: 85084
	[0000][ M::kt_pipeline] read 85084 sequences (10000062 bp)...
[0000] 2. Calling kt_for - worker_aln
[0000] Inferring insert size distribution of PE reads from data, l_pac: 4876841, n: 85522
[0000][PE] # candidate unique pairs for (FF, FR, RF, RR): (1, 41230, 4, 2)
[0000][PE] skip orientation FF as there are not enough pairs
[0000][PE] analyzing insert size distribution for orientation FR...
[0000][PE] (25, 50, 75) percentile: (121, 181, 265)
[0000][PE] low and high boundaries for computing mean and std.dev: (1, 553)
[0000][PE] mean and std.dev: (200.77, 105.34)
[0000][PE] low and high boundaries for proper pairs: (1, 697)
[0000][PE] skip orientation RF as there are not enough pairs
[0000][PE] skip orientation RR as there are not enough pairs
[0000] 3. Calling kt_for - worker_sam
	[0000][ M::mem_process_seqs] Processed 85522 reads in 6.878 CPU sec, 6.575 real sec
[0000] Calling mem_process_seqs.., task: 39
[0000] 1. Calling kt_for - worker_bwt
[0000] read_chunk: 10000000, work_chunk_size: 10000117, nseq: 84698
	[0000][ M::kt_pipeline] read 84698 sequences (10000117 bp)...
[0000] 2. Calling kt_for - worker_aln
[0000] Inferring insert size distribution of PE reads from data, l_pac: 4876841, n: 85084
[0000][PE] # candidate unique pairs for (FF, FR, RF, RR): (1, 41019, 6, 0)
[0000][PE] skip orientation FF as there are not enough pairs
[0000][PE] analyzing insert size distribution for orientation FR...
[0000][PE] (25, 50, 75) percentile: (123, 184, 266)
[0000][PE] low and high boundaries for computing mean and std.dev: (1, 552)
[0000][PE] mean and std.dev: (202.69, 104.98)
[0000][PE] low and high boundaries for proper pairs: (1, 695)
[0000][PE] skip orientation RF as there are not enough pairs
[0000][PE] skip orientation RR as there are not enough pairs
[0000] 3. Calling kt_for - worker_sam
	[0000][ M::mem_process_seqs] Processed 85084 reads in 6.598 CPU sec, 6.227 real sec
[0000] Calling mem_process_seqs.., task: 40
[0000] 1. Calling kt_for - worker_bwt
[0000] read_chunk: 10000000, work_chunk_size: 10000058, nseq: 84778
	[0000][ M::kt_pipeline] read 84778 sequences (10000058 bp)...
[0000] 2. Calling kt_for - worker_aln
[0000] Inferring insert size distribution of PE reads from data, l_pac: 4876841, n: 84698
[0000][PE] # candidate unique pairs for (FF, FR, RF, RR): (0, 40826, 6, 0)
[0000][PE] skip orientation FF as there are not enough pairs
[0000][PE] analyzing insert size distribution for orientation FR...
[0000][PE] (25, 50, 75) percentile: (128, 191, 281)
[0000][PE] low and high boundaries for computing mean and std.dev: (1, 587)
[0000][PE] mean and std.dev: (212.05, 111.81)
[0000][PE] low and high boundaries for proper pairs: (1, 740)
[0000][PE] skip orientation RF as there are not enough pairs
[0000][PE] skip orientation RR as there are not enough pairs
[0000] 3. Calling kt_for - worker_sam
	[0000][ M::mem_process_seqs] Processed 84698 reads in 6.797 CPU sec, 6.460 real sec
[0000] Calling mem_process_seqs.., task: 41
[0000] 1. Calling kt_for - worker_bwt
[0000] read_chunk: 10000000, work_chunk_size: 10000222, nseq: 85062
	[0000][ M::kt_pipeline] read 85062 sequences (10000222 bp)...
[0000] 2. Calling kt_for - worker_aln
[0000] Inferring insert size distribution of PE reads from data, l_pac: 4876841, n: 84778
[0000][PE] # candidate unique pairs for (FF, FR, RF, RR): (0, 40868, 4, 0)
[0000][PE] skip orientation FF as there are not enough pairs
[0000][PE] analyzing insert size distribution for orientation FR...
[0000][PE] (25, 50, 75) percentile: (127, 189, 278)
[0000][PE] low and high boundaries for computing mean and std.dev: (1, 580)
[0000][PE] mean and std.dev: (210.21, 110.79)
[0000][PE] low and high boundaries for proper pairs: (1, 731)
[0000][PE] skip orientation RF as there are not enough pairs
[0000][PE] skip orientation RR as there are not enough pairs
[0000] 3. Calling kt_for - worker_sam
	[0000][ M::mem_process_seqs] Processed 84778 reads in 6.944 CPU sec, 6.552 real sec
[0000] Calling mem_process_seqs.., task: 42
[0000] 1. Calling kt_for - worker_bwt
[0000] read_chunk: 10000000, work_chunk_size: 10000061, nseq: 85080
	[0000][ M::kt_pipeline] read 85080 sequences (10000061 bp)...
[0000] 2. Calling kt_for - worker_aln
[0000] Inferring insert size distribution of PE reads from data, l_pac: 4876841, n: 85062
[0000][PE] # candidate unique pairs for (FF, FR, RF, RR): (0, 41052, 2, 0)
[0000][PE] skip orientation FF as there are not enough pairs
[0000][PE] analyzing insert size distribution for orientation FR...
[0000][PE] (25, 50, 75) percentile: (124, 186, 274)
[0000][PE] low and high boundaries for computing mean and std.dev: (1, 574)
[0000][PE] mean and std.dev: (206.85, 109.04)
[0000][PE] low and high boundaries for proper pairs: (1, 724)
[0000][PE] skip orientation RF as there are not enough pairs
[0000][PE] skip orientation RR as there are not enough pairs
[0000] 3. Calling kt_for - worker_sam
	[0000][ M::mem_process_seqs] Processed 85062 reads in 6.820 CPU sec, 6.512 real sec
[0000] Calling mem_process_seqs.., task: 43
[0000] 1. Calling kt_for - worker_bwt
[0000] read_chunk: 10000000, work_chunk_size: 10000013, nseq: 85316
	[0000][ M::kt_pipeline] read 85316 sequences (10000013 bp)...
[0000] 2. Calling kt_for - worker_aln
[0000] Inferring insert size distribution of PE reads from data, l_pac: 4876841, n: 85080
[0000][PE] # candidate unique pairs for (FF, FR, RF, RR): (1, 41077, 3, 0)
[0000][PE] skip orientation FF as there are not enough pairs
[0000][PE] analyzing insert size distribution for orientation FR...
[0000][PE] (25, 50, 75) percentile: (124, 186, 272)
[0000][PE] low and high boundaries for computing mean and std.dev: (1, 568)
[0000][PE] mean and std.dev: (205.59, 107.47)
[0000][PE] low and high boundaries for proper pairs: (1, 716)
[0000][PE] skip orientation RF as there are not enough pairs
[0000][PE] skip orientation RR as there are not enough pairs
[0000] 3. Calling kt_for - worker_sam
	[0000][ M::mem_process_seqs] Processed 85080 reads in 6.749 CPU sec, 6.552 real sec
[0000] Calling mem_process_seqs.., task: 44
[0000] 1. Calling kt_for - worker_bwt
[0000] read_chunk: 10000000, work_chunk_size: 10000070, nseq: 85428
	[0000][ M::kt_pipeline] read 85428 sequences (10000070 bp)...
[0000] 2. Calling kt_for - worker_aln
[0000] Inferring insert size distribution of PE reads from data, l_pac: 4876841, n: 85316
[0000][PE] # candidate unique pairs for (FF, FR, RF, RR): (1, 41184, 6, 0)
[0000][PE] skip orientation FF as there are not enough pairs
[0000][PE] analyzing insert size distribution for orientation FR...
[0000][PE] (25, 50, 75) percentile: (123, 183, 269)
[0000][PE] low and high boundaries for computing mean and std.dev: (1, 561)
[0000][PE] mean and std.dev: (203.03, 106.36)
[0000][PE] low and high boundaries for proper pairs: (1, 707)
[0000][PE] skip orientation RF as there are not enough pairs
[0000][PE] skip orientation RR as there are not enough pairs
[0000] 3. Calling kt_for - worker_sam
	[0000][ M::mem_process_seqs] Processed 85316 reads in 6.725 CPU sec, 6.321 real sec
[0000] Calling mem_process_seqs.., task: 45
[0000] 1. Calling kt_for - worker_bwt
[0000] read_chunk: 10000000, work_chunk_size: 10000092, nseq: 84926
	[0000][ M::kt_pipeline] read 84926 sequences (10000092 bp)...
[0000] 2. Calling kt_for - worker_aln
[0000] Inferring insert size distribution of PE reads from data, l_pac: 4876841, n: 85428
[0000][PE] # candidate unique pairs for (FF, FR, RF, RR): (0, 41262, 1, 1)
[0000][PE] skip orientation FF as there are not enough pairs
[0000][PE] analyzing insert size distribution for orientation FR...
[0000][PE] (25, 50, 75) percentile: (121, 180, 264)
[0000][PE] low and high boundaries for computing mean and std.dev: (1, 550)
[0000][PE] mean and std.dev: (199.93, 104.43)
[0000][PE] low and high boundaries for proper pairs: (1, 693)
[0000][PE] skip orientation RF as there are not enough pairs
[0000][PE] skip orientation RR as there are not enough pairs
[0000] 3. Calling kt_for - worker_sam
	[0000][ M::mem_process_seqs] Processed 85428 reads in 6.068 CPU sec, 5.658 real sec
[0000] Calling mem_process_seqs.., task: 46
[0000] 1. Calling kt_for - worker_bwt
[0000] read_chunk: 10000000, work_chunk_size: 10000183, nseq: 84858
	[0000][ M::kt_pipeline] read 84858 sequences (10000183 bp)...
[0000] 2. Calling kt_for - worker_aln
[0000] Inferring insert size distribution of PE reads from data, l_pac: 4876841, n: 84926
[0000][PE] # candidate unique pairs for (FF, FR, RF, RR): (0, 40946, 5, 0)
[0000][PE] skip orientation FF as there are not enough pairs
[0000][PE] analyzing insert size distribution for orientation FR...
[0000][PE] (25, 50, 75) percentile: (125, 187, 274)
[0000][PE] low and high boundaries for computing mean and std.dev: (1, 572)
[0000][PE] mean and std.dev: (207.19, 108.45)
[0000][PE] low and high boundaries for proper pairs: (1, 721)
[0000][PE] skip orientation RF as there are not enough pairs
[0000][PE] skip orientation RR as there are not enough pairs
[0000] 3. Calling kt_for - worker_sam
	[0000][ M::mem_process_seqs] Processed 84926 reads in 6.044 CPU sec, 5.630 real sec
[0000] Calling mem_process_seqs.., task: 47
[0000] 1. Calling kt_for - worker_bwt
[0000] read_chunk: 10000000, work_chunk_size: 10000137, nseq: 84826
	[0000][ M::kt_pipeline] read 84826 sequences (10000137 bp)...
[0000] 2. Calling kt_for - worker_aln
[0000] Inferring insert size distribution of PE reads from data, l_pac: 4876841, n: 84858
[0000][PE] # candidate unique pairs for (FF, FR, RF, RR): (0, 40981, 2, 0)
[0000][PE] skip orientation FF as there are not enough pairs
[0000][PE] analyzing insert size distribution for orientation FR...
[0000][PE] (25, 50, 75) percentile: (127, 191, 280)
[0000][PE] low and high boundaries for computing mean and std.dev: (1, 586)
[0000][PE] mean and std.dev: (211.57, 112.20)
[0000][PE] low and high boundaries for proper pairs: (1, 739)
[0000][PE] skip orientation RF as there are not enough pairs
[0000][PE] skip orientation RR as there are not enough pairs
[0000] 3. Calling kt_for - worker_sam
	[0000][ M::mem_process_seqs] Processed 84858 reads in 6.059 CPU sec, 5.738 real sec
[0000] Calling mem_process_seqs.., task: 48
[0000] 1. Calling kt_for - worker_bwt
[0000] read_chunk: 10000000, work_chunk_size: 10000218, nseq: 85018
	[0000][ M::kt_pipeline] read 85018 sequences (10000218 bp)...
[0000] 2. Calling kt_for - worker_aln
[0000] Inferring insert size distribution of PE reads from data, l_pac: 4876841, n: 84826
[0000][PE] # candidate unique pairs for (FF, FR, RF, RR): (0, 40986, 3, 0)
[0000][PE] skip orientation FF as there are not enough pairs
[0000][PE] analyzing insert size distribution for orientation FR...
[0000][PE] (25, 50, 75) percentile: (126, 189, 276)
[0000][PE] low and high boundaries for computing mean and std.dev: (1, 576)
[0000][PE] mean and std.dev: (208.80, 109.13)
[0000][PE] low and high boundaries for proper pairs: (1, 726)
[0000][PE] skip orientation RF as there are not enough pairs
[0000][PE] skip orientation RR as there are not enough pairs
[0000] 3. Calling kt_for - worker_sam
	[0000][ M::mem_process_seqs] Processed 84826 reads in 5.982 CPU sec, 5.581 real sec
[0000] Calling mem_process_seqs.., task: 49
[0000] 1. Calling kt_for - worker_bwt
[0000] read_chunk: 10000000, work_chunk_size: 10000119, nseq: 85168
	[0000][ M::kt_pipeline] read 85168 sequences (10000119 bp)...
[0000] 2. Calling kt_for - worker_aln
[0000] Inferring insert size distribution of PE reads from data, l_pac: 4876841, n: 85018
[0000][PE] # candidate unique pairs for (FF, FR, RF, RR): (0, 41024, 5, 0)
[0000][PE] skip orientation FF as there are not enough pairs
[0000][PE] analyzing insert size distribution for orientation FR...
[0000][PE] (25, 50, 75) percentile: (125, 188, 275)
[0000][PE] low and high boundaries for computing mean and std.dev: (1, 575)
[0000][PE] mean and std.dev: (207.25, 108.86)
[0000][PE] low and high boundaries for proper pairs: (1, 725)
[0000][PE] skip orientation RF as there are not enough pairs
[0000][PE] skip orientation RR as there are not enough pairs
[0000] 3. Calling kt_for - worker_sam
	[0000][ M::mem_process_seqs] Processed 85018 reads in 6.362 CPU sec, 5.953 real sec
[0000] Calling mem_process_seqs.., task: 50
[0000] 1. Calling kt_for - worker_bwt
[0000] read_chunk: 10000000, work_chunk_size: 10000065, nseq: 85494
	[0000][ M::kt_pipeline] read 85494 sequences (10000065 bp)...
[0000] 2. Calling kt_for - worker_aln
[0000] Inferring insert size distribution of PE reads from data, l_pac: 4876841, n: 85168
[0000][PE] # candidate unique pairs for (FF, FR, RF, RR): (0, 41168, 3, 0)
[0000][PE] skip orientation FF as there are not enough pairs
[0000][PE] analyzing insert size distribution for orientation FR...
[0000][PE] (25, 50, 75) percentile: (123, 184, 270)
[0000][PE] low and high boundaries for computing mean and std.dev: (1, 564)
[0000][PE] mean and std.dev: (204.50, 107.31)
[0000][PE] low and high boundaries for proper pairs: (1, 711)
[0000][PE] skip orientation RF as there are not enough pairs
[0000][PE] skip orientation RR as there are not enough pairs
[0000] 3. Calling kt_for - worker_sam
	[0000][ M::mem_process_seqs] Processed 85168 reads in 6.283 CPU sec, 5.967 real sec
[0000] Calling mem_process_seqs.., task: 51
[0000] 1. Calling kt_for - worker_bwt
[0000] read_chunk: 10000000, work_chunk_size: 10000210, nseq: 85334
	[0000][ M::kt_pipeline] read 85334 sequences (10000210 bp)...
[0000] 2. Calling kt_for - worker_aln
[0000] Inferring insert size distribution of PE reads from data, l_pac: 4876841, n: 85494
[0000][PE] # candidate unique pairs for (FF, FR, RF, RR): (0, 41218, 1, 0)
[0000][PE] skip orientation FF as there are not enough pairs
[0000][PE] analyzing insert size distribution for orientation FR...
[0000][PE] (25, 50, 75) percentile: (121, 181, 266)
[0000][PE] low and high boundaries for computing mean and std.dev: (1, 556)
[0000][PE] mean and std.dev: (201.17, 105.84)
[0000][PE] low and high boundaries for proper pairs: (1, 701)
[0000][PE] skip orientation RF as there are not enough pairs
[0000][PE] skip orientation RR as there are not enough pairs
[0000] 3. Calling kt_for - worker_sam
	[0000][ M::mem_process_seqs] Processed 85494 reads in 6.464 CPU sec, 6.058 real sec
[0000] Calling mem_process_seqs.., task: 52
[0000] 1. Calling kt_for - worker_bwt
[0000] 2. Calling kt_for - worker_aln
[0000] Inferring insert size distribution of PE reads from data, l_pac: 4876841, n: 85334
[0000][PE] # candidate unique pairs for (FF, FR, RF, RR): (0, 41130, 3, 0)
[0000][PE] skip orientation FF as there are not enough pairs
[0000][PE] analyzing insert size distribution for orientation FR...
[0000][PE] (25, 50, 75) percentile: (122, 181, 265)
[0000][PE] low and high boundaries for computing mean and std.dev: (1, 551)
[0000][PE] mean and std.dev: (200.06, 103.68)
[0000][PE] low and high boundaries for proper pairs: (1, 694)
[0000][PE] skip orientation RF as there are not enough pairs
[0000][PE] skip orientation RR as there are not enough pairs
[0000] 3. Calling kt_for - worker_sam
	[0000][ M::mem_process_seqs] Processed 85334 reads in 6.528 CPU sec, 6.532 real sec
[0000] read_chunk: 10000000, work_chunk_size: 3127745, nseq: 26614
	[0000][ M::kt_pipeline] read 26614 sequences (3127745 bp)...
[0000] Calling mem_process_seqs.., task: 53
[0000] 1. Calling kt_for - worker_bwt
[0000] read_chunk: 10000000, work_chunk_size: 0, nseq: 0
[0000] 2. Calling kt_for - worker_aln
[0000] Inferring insert size distribution of PE reads from data, l_pac: 4876841, n: 26614
[0000][PE] # candidate unique pairs for (FF, FR, RF, RR): (0, 12822, 2, 0)
[0000][PE] skip orientation FF as there are not enough pairs
[0000][PE] analyzing insert size distribution for orientation FR...
[0000][PE] (25, 50, 75) percentile: (122, 181, 265)
[0000][PE] low and high boundaries for computing mean and std.dev: (1, 551)
[0000][PE] mean and std.dev: (201.25, 104.15)
[0000][PE] low and high boundaries for proper pairs: (1, 694)
[0000][PE] skip orientation RF as there are not enough pairs
[0000][PE] skip orientation RR as there are not enough pairs
[0000] 3. Calling kt_for - worker_sam
	[0000][ M::mem_process_seqs] Processed 26614 reads in 1.843 CPU sec, 1.809 real sec
[0000] read_chunk: 10000000, work_chunk_size: 0, nseq: 0
[0000] Computation ends..
No. of OMP threads: 1
Processor is runnig @2200.167517 MHz
Runtime profile:

	Time taken for main_mem function: 334.57 sec

	IO times (sec) :
	Reading IO time (reads) avg: 15.96, (15.96, 15.96)
	Writing IO time (SAM) avg: 30.67, (30.67, 30.67)
	Reading IO time (Reference Genome) avg: 0.01, (0.01, 0.01)
	Index read time avg: 0.07, (0.07, 0.07)

	Overall time (sec) (Excluding Index reading time):
	PROCESS() (Total compute time + (read + SAM) IO time) : 334.49
	MEM_PROCESS_SEQ() (Total compute time (Kernel + SAM)), avg: 326.30, (326.30, 326.30)

	 SAM Processing time (sec):
	--WORKER_SAM avg: 25.49, (25.49, 25.49)

	Kernels' compute time (sec):
	Total kernel (smem+sal+bsw) time avg: 300.02, (300.02, 300.02)
		SMEM compute avg: 217.87, (217.87, 217.87)
		SAL compute avg: 13.30, (13.30, 13.30)
		BSW time, avg: 66.12, (66.12, 66.12)

	Total re-allocs: 4501197 out of total requests: 4633949, Rate: 0.97

Important parameter settings: 
	BATCH_SIZE: 512
	MAX_SEQ_LEN_REF: 256
	MAX_SEQ_LEN_QER: 128
	MAX_SEQ_LEN8: 128
	SEEDS_PER_READ: 500
	SIMD_WIDTH8 X: 32
	SIMD_WIDTH16 X: 16
	AVG_SEEDS_PER_READ: 64
[bam_sort_core] merging from 2 files and 1 in-memory blocks...
