
Starting Unicycler (2020-12-12 02:28:12)
----------------------------------------
    Welcome to Unicycler, an assembly pipeline for bacterial genomes. Since you provided only short reads, Unicycler will essentially function as a SPAdes-optimiser. It will try many k-mer sizes, choose the best based on contig length and graph connectivity, and scaffold the graph using SPAdes repeat resolution.
    For more information, please see https://github.com/rrwick/Unicycler

Command: /media/kishonylab/KishonyStorage/noga/maccabi-snakemake/.snakemake/conda/83c318fa/bin/unicycler --short1 /media/kishonylab/KishonyStorage/noga/MaccabiUTI/Mathews_processing/Filtered_data/Sample_Maccabi_Ecoli_SeqPlate5_B1/R1_combined.trimmed.fastq.gz --short2 /media/kishonylab/KishonyStorage/noga/MaccabiUTI/Mathews_processing/Filtered_data/Sample_Maccabi_Ecoli_SeqPlate5_B1/R2_combined.trimmed.fastq.gz --threads 1 --out assembled/Sample_Maccabi_Ecoli_SeqPlate5_B1 -t 1

Unicycler version: v0.4.8
Using 1 thread

The output directory already exists:
  /media/kishonylab/KishonyStorage/noga/maccabi-snakemake/assembled/Sample_Maccabi_Ecoli_SeqPlate5_B1

Dependencies:
  Program         Version           Status  
  spades.py       3.14.1            good    
  racon                             not used
  makeblastdb     2.10.1+           good    
  tblastn         2.10.1+           good    
  bowtie2-build   ?                 good    
  bowtie2         ?                 good    
  samtools        1.10              good    
  java            11.0.8-internal   good    
  pilon           1.23              good    
  bcftools                          not used


SPAdes read error correction (2020-12-12 02:28:22)
--------------------------------------------------
    Unicycler uses the SPAdes read error correction module to reduce the number of errors in the short read before SPAdes assembly. This can make the assembly faster and simplify the assembly graph structure.

Command: /media/kishonylab/KishonyStorage/noga/maccabi-snakemake/.snakemake/conda/83c318fa/bin/spades.py -1 /media/kishonylab/KishonyStorage/noga/MaccabiUTI/Mathews_processing/Filtered_data/Sample_Maccabi_Ecoli_SeqPlate5_B1/R1_combined.trimmed.fastq.gz -2 /media/kishonylab/KishonyStorage/noga/MaccabiUTI/Mathews_processing/Filtered_data/Sample_Maccabi_Ecoli_SeqPlate5_B1/R2_combined.trimmed.fastq.gz -o /media/kishonylab/KishonyStorage/noga/maccabi-snakemake/assembled/Sample_Maccabi_Ecoli_SeqPlate5_B1/spades_assembly/read_correction --threads 1 --only-error-correction

Corrected reads:
  /media/kishonylab/KishonyStorage/noga/maccabi-snakemake/assembled/Sample_Maccabi_Ecoli_SeqPlate5_B1/spades_assembly/corrected_1.fastq.gz
  /media/kishonylab/KishonyStorage/noga/maccabi-snakemake/assembled/Sample_Maccabi_Ecoli_SeqPlate5_B1/spades_assembly/corrected_2.fastq.gz


Choosing k-mer range for assembly (2020-12-12 02:42:54)
-------------------------------------------------------
    Unicycler chooses a k-mer range for SPAdes based on the length of the input reads. It uses a wide range of many k-mer sizes to maximise the chance of finding an ideal assembly.

SPAdes maximum k-mer: 127
Median read length: 126
K-mer range: 25, 43, 59, 73, 83, 93, 101, 107, 113, 119


SPAdes assemblies (2020-12-12 02:43:02)
---------------------------------------
    Unicycler now uses SPAdes to assemble the short reads. It scores the assembly graph for each k-mer using the number of contigs (fewer is better) and the number of dead ends (fewer is better). The score function is 1/(c*(d+2)), where c is the contig count and d is the dead end count.

K-mer   Contigs   Dead ends   Score   
   25                           failed
   43                           failed
   59                           failed
   73                           failed
   83                           failed
   93                           failed
  101                           failed
  107                           failed
  113                           failed
  119       101         117   8.32e-05 <-best

Read depth filter: removed 6 contigs totalling 2440 bp
Deleting /media/kishonylab/KishonyStorage/noga/maccabi-snakemake/assembled/Sample_Maccabi_Ecoli_SeqPlate5_B1/spades_assembly/


Determining graph multiplicity (2020-12-12 02:57:17)
----------------------------------------------------
    Multiplicity is the number of times a sequence occurs in the underlying sequence. Single-copy contigs (those with a multiplicity of one, occurring only once in the underlying sequence) are particularly useful.

Saving /media/kishonylab/KishonyStorage/noga/maccabi-snakemake/assembled/Sample_Maccabi_Ecoli_SeqPlate5_B1/001_best_spades_graph.gfa


Cleaning graph (2020-12-12 02:57:17)
------------------------------------
    Unicycler now performs various cleaning procedures on the graph to remove overlaps and simplify the graph structure. The end result is a graph ready for bridging.

Graph overlaps removed

Saving /media/kishonylab/KishonyStorage/noga/maccabi-snakemake/assembled/Sample_Maccabi_Ecoli_SeqPlate5_B1/002_overlaps_removed.gfa

    Unicycler now selects a set of anchor contigs from the single-copy contigs. These are the contigs which will be connected via bridges to form the final assembly.

55 anchor segments (4,829,481 bp) out of 101 total segments (4,951,346 bp)


Creating SPAdes contig bridges (2020-12-12 02:57:18)
----------------------------------------------------
    SPAdes uses paired-end information to perform repeat resolution (RR) and produce contigs from the assembly graph. SPAdes saves the graph paths corresponding to these contigs in the contigs.paths file. When one of these paths contains two or more anchor contigs, Unicycler can create a bridge from the path.

                         Bridge
Start    Path   End     quality
    5    -100   20         45.7
   36           -44        60.8
   53           42         61.9


Creating loop unrolling bridges (2020-12-12 02:57:18)
-----------------------------------------------------
    When a SPAdes contig path connects an anchor contig with the middle contig of a simple loop, Unicycler concludes that the sequences are contiguous (i.e. the loop is not a separate piece of DNA). It then uses the read depth of the middle and repeat contigs to guess the number of times to traverse the loop and makes a bridge.

No loop unrolling bridges made


Applying bridges (2020-12-12 02:57:18)
--------------------------------------
    Unicycler now applies to the graph in decreasing order of quality. This ensures that when multiple, contradictory bridges exist, the most supported option is used.

Bridge type   Start -> end   Path   Quality
SPAdes          53 -> 42             61.909
SPAdes          36 -> -44            60.831
SPAdes           5 -> 20     -100    45.749

Saving /media/kishonylab/KishonyStorage/noga/maccabi-snakemake/assembled/Sample_Maccabi_Ecoli_SeqPlate5_B1/003_bridges_applied.gfa


Bridged assembly graph (2020-12-12 02:57:18)
--------------------------------------------
    The assembly is now mostly finished and no more structural changes will be made. Ideally the assembly graph should now have one contig per replicon and no erroneous contigs (i.e a complete assembly). If there are more contigs, then the assembly is not complete.

Saving /media/kishonylab/KishonyStorage/noga/maccabi-snakemake/assembled/Sample_Maccabi_Ecoli_SeqPlate5_B1/004_final_clean.gfa

Component   Segments   Links   Length      N50       Longest segment   Status    
    total         55      18   4,834,830   211,015           381,820             
        1          1       0     381,820   381,820           381,820   incomplete
        2          7       6     752,841   143,750           373,001   incomplete
        3          1       0     365,559   365,559           365,559   incomplete
        4          1       0     348,738   348,738           348,738   incomplete
        5          1       0     291,237   291,237           291,237   incomplete
        6          1       0     275,769   275,769           275,769   incomplete
        7          5       4     349,964   221,697           221,697   incomplete
        8          1       0     211,015   211,015           211,015   incomplete
        9          1       0     210,676   210,676           210,676   incomplete
       10          1       0     164,716   164,716           164,716   incomplete
       11          1       0     134,646   134,646           134,646   incomplete
       12          1       0     127,738   127,738           127,738   incomplete
       13          1       0     122,405   122,405           122,405   incomplete
       14          1       0     117,247   117,247           117,247   incomplete
       15          5       4     158,163   106,575           106,575   incomplete
       16          1       0     103,059   103,059           103,059   incomplete
       17          1       0      95,158    95,158            95,158   incomplete
       18          1       0      69,140    69,140            69,140   incomplete
       19          1       0      68,042    68,042            68,042   incomplete
       20          1       0      66,730    66,730            66,730   incomplete
       21          1       0      47,353    47,353            47,353   incomplete
       22          1       0      43,282    43,282            43,282   incomplete
       23          1       0      40,693    40,693            40,693   incomplete
       24          1       0      37,538    37,538            37,538   incomplete
       25          1       0      36,834    36,834            36,834   incomplete
       26          1       0      33,262    33,262            33,262   incomplete
       27          1       0      30,704    30,704            30,704   incomplete
       28          1       0      21,782    21,782            21,782   incomplete
       29          1       0      19,674    19,674            19,674   incomplete
       30          1       0      19,514    19,514            19,514   incomplete
       31          5       4      47,439    11,319            15,140   incomplete
       32          1       0      10,392    10,392            10,392   incomplete
       33          1       0       9,871     9,871             9,871   incomplete
       34          1       0       8,252     8,252             8,252   incomplete
       35          1       0       5,395     5,395             5,395   incomplete
       36          1       0       4,270     4,270             4,270   incomplete
       37          1       0       3,912     3,912             3,912   incomplete


Polishing assembly with Pilon (2020-12-12 02:57:18)
---------------------------------------------------
    Unicycler now conducts multiple rounds of Pilon in an attempt to repair any remaining small-scale errors with the assembly.

Aligning reads to find appropriate insert size range...
Insert size 1st percentile:  52
Insert size 99th percentile: 438

Pilon polish round 1
Total number of changes: 46

Pilon polish round 2
Total number of changes: 1

Pilon polish round 3
No Pilon changes

Saving /media/kishonylab/KishonyStorage/noga/maccabi-snakemake/assembled/Sample_Maccabi_Ecoli_SeqPlate5_B1/005_polished.gfa


Assembly complete (2020-12-12 03:36:42)
---------------------------------------
Saving /media/kishonylab/KishonyStorage/noga/maccabi-snakemake/assembled/Sample_Maccabi_Ecoli_SeqPlate5_B1/assembly.gfa
Saving /media/kishonylab/KishonyStorage/noga/maccabi-snakemake/assembled/Sample_Maccabi_Ecoli_SeqPlate5_B1/assembly.fasta

